2024-12-23 08:22:27,784 - CIFAR_experiment - INFO - Starting hyperparameter tuning experiment
2024-12-23 08:22:27,784 - CIFAR_experiment - INFO - Testing learning rates: [0.005, 0.001, 0.0005, 0.0001]
2024-12-23 08:22:27,800 - CIFAR_experiment - INFO - Starting Run 3/5
2024-12-23 08:22:27,800 - CIFAR_experiment - INFO - Starting tuning for: 0.005
2024-12-23 08:22:28,700 - CIFAR_experiment - INFO - Starting server type: local
2024-12-23 08:37:17,966 - CIFAR_experiment - INFO - Starting server type: fedavg
2024-12-23 08:52:05,839 - CIFAR_experiment - INFO - Starting server type: fedprox
2024-12-23 09:07:01,756 - CIFAR_experiment - INFO - Starting server type: pfedme
2024-12-23 09:22:00,442 - CIFAR_experiment - INFO - Starting server type: ditto
2024-12-23 09:51:40,525 - CIFAR_experiment - INFO - Starting server type: localadaptation
2024-12-23 10:09:26,510 - CIFAR_experiment - INFO - Starting server type: babu
2024-12-23 10:26:59,008 - CIFAR_experiment - INFO - Starting server type: fedlp
2024-12-23 10:41:46,728 - CIFAR_experiment - INFO - Starting server type: fedlama
2024-12-23 10:56:34,345 - CIFAR_experiment - INFO - Starting server type: pfedla
2024-12-23 11:11:26,882 - CIFAR_experiment - INFO - Starting server type: layerpfl
2024-12-23 11:26:15,173 - CIFAR_experiment - INFO - Starting tuning for: 0.001
2024-12-23 11:26:15,659 - CIFAR_experiment - INFO - Starting server type: local
2024-12-23 11:41:03,998 - CIFAR_experiment - INFO - Starting server type: fedavg
2024-12-23 11:55:52,564 - CIFAR_experiment - INFO - Starting server type: fedprox
2024-12-23 12:10:48,872 - CIFAR_experiment - INFO - Starting server type: pfedme
2024-12-23 12:25:48,212 - CIFAR_experiment - INFO - Starting server type: ditto
2024-12-23 12:55:30,879 - CIFAR_experiment - INFO - Starting server type: localadaptation
2024-12-23 13:13:18,411 - CIFAR_experiment - INFO - Starting server type: babu
2024-12-23 13:30:52,248 - CIFAR_experiment - INFO - Starting server type: fedlp
2024-12-23 13:45:40,891 - CIFAR_experiment - INFO - Starting server type: fedlama
2024-12-23 14:00:29,029 - CIFAR_experiment - INFO - Starting server type: pfedla
2024-12-23 14:15:21,745 - CIFAR_experiment - INFO - Starting server type: layerpfl
2024-12-23 14:30:09,700 - CIFAR_experiment - INFO - Starting tuning for: 0.0005
2024-12-23 14:30:10,065 - CIFAR_experiment - INFO - Starting server type: local
2024-12-23 14:44:59,199 - CIFAR_experiment - INFO - Starting server type: fedavg
2024-12-23 14:59:49,232 - CIFAR_experiment - INFO - Starting server type: fedprox
2024-12-23 15:14:47,702 - CIFAR_experiment - INFO - Starting server type: pfedme
2024-12-23 15:29:48,324 - CIFAR_experiment - INFO - Starting server type: ditto
2024-12-23 15:59:33,700 - CIFAR_experiment - INFO - Starting server type: localadaptation
2024-12-23 16:17:23,816 - CIFAR_experiment - INFO - Starting server type: babu
2024-12-23 16:34:59,626 - CIFAR_experiment - INFO - Starting server type: fedlp
2024-12-23 16:49:50,685 - CIFAR_experiment - INFO - Starting server type: fedlama
2024-12-23 17:04:40,701 - CIFAR_experiment - INFO - Starting server type: pfedla
2024-12-23 17:19:33,721 - CIFAR_experiment - INFO - Starting server type: layerpfl
2024-12-23 17:34:24,224 - CIFAR_experiment - INFO - Starting tuning for: 0.0001
2024-12-23 17:34:24,533 - CIFAR_experiment - INFO - Starting server type: local
2024-12-23 17:49:15,292 - CIFAR_experiment - INFO - Starting server type: fedavg
2024-12-23 18:04:05,718 - CIFAR_experiment - INFO - Starting server type: fedprox
2024-12-23 18:19:04,823 - CIFAR_experiment - INFO - Starting server type: pfedme
2024-12-23 18:34:04,937 - CIFAR_experiment - INFO - Starting server type: ditto
2024-12-23 19:03:49,100 - CIFAR_experiment - INFO - Starting server type: localadaptation
2024-12-23 19:21:39,363 - CIFAR_experiment - INFO - Starting server type: babu
2024-12-23 19:39:17,169 - CIFAR_experiment - INFO - Starting server type: fedlp
2024-12-23 19:54:07,889 - CIFAR_experiment - INFO - Starting server type: fedlama
2024-12-23 20:08:57,386 - CIFAR_experiment - INFO - Starting server type: pfedla
2024-12-23 20:23:51,707 - CIFAR_experiment - INFO - Starting server type: layerpfl
2024-12-23 20:38:42,257 - CIFAR_experiment - INFO - Starting Run 4/5
2024-12-23 20:38:42,258 - CIFAR_experiment - INFO - Starting tuning for: 0.005
2024-12-23 20:38:42,558 - CIFAR_experiment - INFO - Starting server type: local
2024-12-23 20:53:31,898 - CIFAR_experiment - INFO - Starting server type: fedavg
2024-12-23 21:08:20,963 - CIFAR_experiment - INFO - Starting server type: fedprox
2024-12-23 21:23:18,067 - CIFAR_experiment - INFO - Starting server type: pfedme
2024-12-23 21:38:18,550 - CIFAR_experiment - INFO - Starting server type: ditto
2024-12-23 22:08:02,789 - CIFAR_experiment - INFO - Starting server type: localadaptation
2024-12-23 22:25:51,337 - CIFAR_experiment - INFO - Starting server type: babu
2024-12-23 22:43:26,961 - CIFAR_experiment - INFO - Starting server type: fedlp
2024-12-23 22:58:15,960 - CIFAR_experiment - INFO - Starting server type: fedlama
2024-12-23 23:13:05,708 - CIFAR_experiment - INFO - Starting server type: pfedla
2024-12-23 23:28:00,235 - CIFAR_experiment - INFO - Starting server type: layerpfl
2024-12-23 23:42:49,111 - CIFAR_experiment - INFO - Starting tuning for: 0.001
2024-12-23 23:42:49,417 - CIFAR_experiment - INFO - Starting server type: local
2024-12-23 23:57:38,986 - CIFAR_experiment - INFO - Starting server type: fedavg
2024-12-24 00:12:29,122 - CIFAR_experiment - INFO - Starting server type: fedprox
2024-12-24 00:27:27,428 - CIFAR_experiment - INFO - Starting server type: pfedme
2024-12-24 00:42:28,338 - CIFAR_experiment - INFO - Starting server type: ditto
2024-12-24 01:12:14,510 - CIFAR_experiment - INFO - Starting server type: localadaptation
2024-12-24 01:30:04,694 - CIFAR_experiment - INFO - Starting server type: babu
2024-12-24 01:47:41,640 - CIFAR_experiment - INFO - Starting server type: fedlp
2024-12-24 02:02:32,131 - CIFAR_experiment - INFO - Starting server type: fedlama
2024-12-24 02:17:22,446 - CIFAR_experiment - INFO - Starting server type: pfedla
2024-12-24 02:32:16,628 - CIFAR_experiment - INFO - Starting server type: layerpfl
2024-12-24 02:47:07,064 - CIFAR_experiment - INFO - Starting tuning for: 0.0005
2024-12-24 02:47:07,383 - CIFAR_experiment - INFO - Starting server type: local
2024-12-24 03:01:58,638 - CIFAR_experiment - INFO - Starting server type: fedavg
2024-12-24 03:16:49,701 - CIFAR_experiment - INFO - Starting server type: fedprox
2024-12-24 03:31:49,147 - CIFAR_experiment - INFO - Starting server type: pfedme
2024-12-24 03:46:50,382 - CIFAR_experiment - INFO - Starting server type: ditto
2024-12-24 04:16:36,904 - CIFAR_experiment - INFO - Starting server type: localadaptation
2024-12-24 04:34:28,636 - CIFAR_experiment - INFO - Starting server type: babu
2024-12-24 04:52:06,312 - CIFAR_experiment - INFO - Starting server type: fedlp
2024-12-24 05:06:57,180 - CIFAR_experiment - INFO - Starting server type: fedlama
2024-12-24 05:21:47,467 - CIFAR_experiment - INFO - Starting server type: pfedla
2024-12-24 05:36:42,203 - CIFAR_experiment - INFO - Starting server type: layerpfl
2024-12-24 05:51:33,106 - CIFAR_experiment - INFO - Starting tuning for: 0.0001
2024-12-24 05:51:33,434 - CIFAR_experiment - INFO - Starting server type: local
2024-12-24 06:06:24,656 - CIFAR_experiment - INFO - Starting server type: fedavg
2024-12-24 06:21:15,946 - CIFAR_experiment - INFO - Starting server type: fedprox
2024-12-24 06:36:15,829 - CIFAR_experiment - INFO - Starting server type: pfedme
2024-12-24 06:51:17,332 - CIFAR_experiment - INFO - Starting server type: ditto
2024-12-24 07:21:03,243 - CIFAR_experiment - INFO - Starting server type: localadaptation
2024-12-24 07:38:54,801 - CIFAR_experiment - INFO - Starting server type: babu
2024-12-24 07:56:32,563 - CIFAR_experiment - INFO - Starting server type: fedlp
2024-12-24 08:11:24,014 - CIFAR_experiment - INFO - Starting server type: fedlama
2024-12-24 08:26:15,022 - CIFAR_experiment - INFO - Starting server type: pfedla
2024-12-24 08:41:10,012 - CIFAR_experiment - INFO - Starting server type: layerpfl
2024-12-24 08:56:01,939 - CIFAR_experiment - INFO - Starting Run 5/5
2024-12-24 08:56:01,939 - CIFAR_experiment - INFO - Starting tuning for: 0.005
2024-12-24 08:56:02,245 - CIFAR_experiment - INFO - Starting server type: local
2024-12-24 09:10:52,539 - CIFAR_experiment - INFO - Starting server type: fedavg
2024-12-24 09:25:42,997 - CIFAR_experiment - INFO - Starting server type: fedprox
2024-12-24 09:40:41,535 - CIFAR_experiment - INFO - Starting server type: pfedme
2024-12-24 09:55:42,986 - CIFAR_experiment - INFO - Starting server type: ditto
2024-12-24 10:25:30,236 - CIFAR_experiment - INFO - Starting server type: localadaptation
2024-12-24 10:43:20,289 - CIFAR_experiment - INFO - Starting server type: babu
2024-12-24 11:00:57,426 - CIFAR_experiment - INFO - Starting server type: fedlp
2024-12-24 11:15:48,829 - CIFAR_experiment - INFO - Starting server type: fedlama
2024-12-24 11:30:39,273 - CIFAR_experiment - INFO - Starting server type: pfedla
2024-12-24 11:45:35,279 - CIFAR_experiment - INFO - Starting server type: layerpfl
2024-12-24 12:00:25,883 - CIFAR_experiment - INFO - Starting tuning for: 0.001
2024-12-24 12:00:26,190 - CIFAR_experiment - INFO - Starting server type: local
2024-12-24 12:15:16,917 - CIFAR_experiment - INFO - Starting server type: fedavg
2024-12-24 12:30:07,910 - CIFAR_experiment - INFO - Starting server type: fedprox
2024-12-24 12:45:07,150 - CIFAR_experiment - INFO - Starting server type: pfedme
2024-12-24 13:00:09,455 - CIFAR_experiment - INFO - Starting server type: ditto
2024-12-24 13:29:58,771 - CIFAR_experiment - INFO - Starting server type: localadaptation
2024-12-24 13:47:50,682 - CIFAR_experiment - INFO - Starting server type: babu
2024-12-24 14:05:28,636 - CIFAR_experiment - INFO - Starting server type: fedlp
2024-12-24 14:20:20,266 - CIFAR_experiment - INFO - Starting server type: fedlama
