2024-12-24 14:30:33,996 - CIFAR_experiment - INFO - Starting hyperparameter tuning experiment
2024-12-24 14:30:33,996 - CIFAR_experiment - INFO - Testing learning rates: [0.005, 0.001, 0.0005, 0.0001]
2024-12-24 14:30:34,000 - CIFAR_experiment - INFO - Starting Run 1/5
2024-12-24 14:30:34,000 - CIFAR_experiment - INFO - Starting tuning for: 0.005
2024-12-24 14:30:34,900 - CIFAR_experiment - INFO - Starting server type: local
2024-12-24 14:43:21,927 - CIFAR_experiment - INFO - Starting server type: fedavg
2024-12-24 14:56:05,819 - CIFAR_experiment - INFO - Starting server type: fedprox
2024-12-24 15:08:59,522 - CIFAR_experiment - INFO - Starting server type: pfedme
2024-12-24 15:21:53,713 - CIFAR_experiment - INFO - Starting server type: ditto
2024-12-24 15:47:26,698 - CIFAR_experiment - INFO - Starting server type: localadaptation
2024-12-24 16:02:45,434 - CIFAR_experiment - INFO - Starting server type: babu
2024-12-24 16:17:56,478 - CIFAR_experiment - INFO - Starting server type: fedlp
2024-12-24 16:30:41,227 - CIFAR_experiment - INFO - Starting server type: fedlama
2024-12-24 16:43:25,188 - CIFAR_experiment - INFO - Starting server type: pfedla
2024-12-24 16:56:12,928 - CIFAR_experiment - INFO - Starting server type: layerpfl
2024-12-24 17:08:58,792 - CIFAR_experiment - INFO - Starting tuning for: 0.001
2024-12-24 17:08:59,805 - CIFAR_experiment - INFO - Starting server type: local
2024-12-24 17:21:46,713 - CIFAR_experiment - INFO - Starting server type: fedavg
2024-12-24 17:34:33,814 - CIFAR_experiment - INFO - Starting server type: fedprox
2024-12-24 17:47:30,384 - CIFAR_experiment - INFO - Starting server type: pfedme
2024-12-24 18:00:26,179 - CIFAR_experiment - INFO - Starting server type: ditto
2024-12-24 18:25:58,712 - CIFAR_experiment - INFO - Starting server type: localadaptation
2024-12-24 18:41:18,849 - CIFAR_experiment - INFO - Starting server type: babu
2024-12-24 18:56:31,884 - CIFAR_experiment - INFO - Starting server type: fedlp
2024-12-24 19:09:18,496 - CIFAR_experiment - INFO - Starting server type: fedlama
2024-12-24 19:22:04,153 - CIFAR_experiment - INFO - Starting server type: pfedla
2024-12-24 19:34:52,472 - CIFAR_experiment - INFO - Starting server type: layerpfl
2024-12-24 19:47:39,704 - CIFAR_experiment - INFO - Starting tuning for: 0.0005
2024-12-24 19:47:40,033 - CIFAR_experiment - INFO - Starting server type: local
2024-12-24 20:00:28,077 - CIFAR_experiment - INFO - Starting server type: fedavg
2024-12-24 20:13:16,271 - CIFAR_experiment - INFO - Starting server type: fedprox
2024-12-24 20:26:12,984 - CIFAR_experiment - INFO - Starting server type: pfedme
2024-12-24 20:39:09,174 - CIFAR_experiment - INFO - Starting server type: ditto
2024-12-24 21:04:43,271 - CIFAR_experiment - INFO - Starting server type: localadaptation
2024-12-24 21:20:05,101 - CIFAR_experiment - INFO - Starting server type: babu
2024-12-24 21:35:20,330 - CIFAR_experiment - INFO - Starting server type: fedlp
2024-12-24 21:48:08,611 - CIFAR_experiment - INFO - Starting server type: fedlama
2024-12-24 22:00:56,496 - CIFAR_experiment - INFO - Starting server type: pfedla
2024-12-24 22:13:45,970 - CIFAR_experiment - INFO - Starting server type: layerpfl
2024-12-24 22:26:33,555 - CIFAR_experiment - INFO - Starting tuning for: 0.0001
2024-12-24 22:26:33,945 - CIFAR_experiment - INFO - Starting server type: local
2024-12-24 22:39:21,792 - CIFAR_experiment - INFO - Starting server type: fedavg
2024-12-24 22:52:10,519 - CIFAR_experiment - INFO - Starting server type: fedprox
2024-12-24 23:05:08,041 - CIFAR_experiment - INFO - Starting server type: pfedme
2024-12-24 23:18:04,356 - CIFAR_experiment - INFO - Starting server type: ditto
2024-12-24 23:43:39,775 - CIFAR_experiment - INFO - Starting server type: localadaptation
2024-12-24 23:59:00,760 - CIFAR_experiment - INFO - Starting server type: babu
2024-12-25 00:14:14,673 - CIFAR_experiment - INFO - Starting server type: fedlp
2024-12-25 00:27:02,324 - CIFAR_experiment - INFO - Starting server type: fedlama
2024-12-25 00:39:49,064 - CIFAR_experiment - INFO - Starting server type: pfedla
2024-12-25 00:52:39,881 - CIFAR_experiment - INFO - Starting server type: layerpfl
2024-12-25 01:05:27,811 - CIFAR_experiment - INFO - Starting Run 2/5
2024-12-25 01:05:27,811 - CIFAR_experiment - INFO - Starting tuning for: 0.005
2024-12-25 01:05:28,126 - CIFAR_experiment - INFO - Starting server type: local
2024-12-25 01:18:15,044 - CIFAR_experiment - INFO - Starting server type: fedavg
2024-12-25 01:31:03,171 - CIFAR_experiment - INFO - Starting server type: fedprox
2024-12-25 01:44:00,177 - CIFAR_experiment - INFO - Starting server type: pfedme
2024-12-25 01:56:56,498 - CIFAR_experiment - INFO - Starting server type: ditto
2024-12-25 02:22:29,695 - CIFAR_experiment - INFO - Starting server type: localadaptation
2024-12-25 02:37:51,670 - CIFAR_experiment - INFO - Starting server type: babu
2024-12-25 02:53:06,814 - CIFAR_experiment - INFO - Starting server type: fedlp
2024-12-25 03:05:55,616 - CIFAR_experiment - INFO - Starting server type: fedlama
2024-12-25 03:18:43,460 - CIFAR_experiment - INFO - Starting server type: pfedla
2024-12-25 03:31:33,896 - CIFAR_experiment - INFO - Starting server type: layerpfl
2024-12-25 03:44:22,593 - CIFAR_experiment - INFO - Starting tuning for: 0.001
2024-12-25 03:44:22,955 - CIFAR_experiment - INFO - Starting server type: local
2024-12-25 03:57:12,670 - CIFAR_experiment - INFO - Starting server type: fedavg
2024-12-25 04:10:01,459 - CIFAR_experiment - INFO - Starting server type: fedprox
2024-12-25 04:23:00,929 - CIFAR_experiment - INFO - Starting server type: pfedme
2024-12-25 04:35:59,908 - CIFAR_experiment - INFO - Starting server type: ditto
2024-12-25 05:01:36,993 - CIFAR_experiment - INFO - Starting server type: localadaptation
2024-12-25 05:17:00,358 - CIFAR_experiment - INFO - Starting server type: babu
2024-12-25 05:32:15,935 - CIFAR_experiment - INFO - Starting server type: fedlp
2024-12-25 05:45:04,886 - CIFAR_experiment - INFO - Starting server type: fedlama
2024-12-25 05:57:52,891 - CIFAR_experiment - INFO - Starting server type: pfedla
2024-12-25 06:10:45,361 - CIFAR_experiment - INFO - Starting server type: layerpfl
2024-12-25 06:23:34,494 - CIFAR_experiment - INFO - Starting tuning for: 0.0005
2024-12-25 06:23:34,865 - CIFAR_experiment - INFO - Starting server type: local
2024-12-25 06:36:24,335 - CIFAR_experiment - INFO - Starting server type: fedavg
2024-12-25 06:49:13,739 - CIFAR_experiment - INFO - Starting server type: fedprox
2024-12-25 07:02:12,198 - CIFAR_experiment - INFO - Starting server type: pfedme
2024-12-25 07:15:10,347 - CIFAR_experiment - INFO - Starting server type: ditto
2024-12-25 07:40:50,624 - CIFAR_experiment - INFO - Starting server type: localadaptation
2024-12-25 07:56:14,932 - CIFAR_experiment - INFO - Starting server type: babu
2024-12-25 08:11:31,708 - CIFAR_experiment - INFO - Starting server type: fedlp
2024-12-25 08:24:21,858 - CIFAR_experiment - INFO - Starting server type: fedlama
2024-12-25 08:37:10,491 - CIFAR_experiment - INFO - Starting server type: pfedla
2024-12-25 08:50:01,093 - CIFAR_experiment - INFO - Starting server type: layerpfl
2024-12-25 09:02:50,909 - CIFAR_experiment - INFO - Starting tuning for: 0.0001
2024-12-25 09:02:51,228 - CIFAR_experiment - INFO - Starting server type: local
2024-12-25 09:15:41,361 - CIFAR_experiment - INFO - Starting server type: fedavg
2024-12-25 09:28:31,267 - CIFAR_experiment - INFO - Starting server type: fedprox
2024-12-25 09:41:30,236 - CIFAR_experiment - INFO - Starting server type: pfedme
2024-12-25 09:54:28,623 - CIFAR_experiment - INFO - Starting server type: ditto
2024-12-25 10:20:07,277 - CIFAR_experiment - INFO - Starting server type: localadaptation
2024-12-25 10:35:30,914 - CIFAR_experiment - INFO - Starting server type: babu
2024-12-25 10:50:47,398 - CIFAR_experiment - INFO - Starting server type: fedlp
2024-12-25 11:03:37,635 - CIFAR_experiment - INFO - Starting server type: fedlama
2024-12-25 11:16:26,925 - CIFAR_experiment - INFO - Starting server type: pfedla
2024-12-25 11:29:17,623 - CIFAR_experiment - INFO - Starting server type: layerpfl
2024-12-25 11:42:06,834 - CIFAR_experiment - INFO - Starting Run 3/5
2024-12-25 11:42:06,834 - CIFAR_experiment - INFO - Starting tuning for: 0.005
2024-12-25 11:42:07,163 - CIFAR_experiment - INFO - Starting server type: local
2024-12-25 11:54:56,738 - CIFAR_experiment - INFO - Starting server type: fedavg
2024-12-25 12:07:46,546 - CIFAR_experiment - INFO - Starting server type: fedprox
2024-12-25 12:20:45,289 - CIFAR_experiment - INFO - Starting server type: pfedme
2024-12-25 12:33:44,909 - CIFAR_experiment - INFO - Starting server type: ditto
2024-12-25 12:59:21,857 - CIFAR_experiment - INFO - Starting server type: localadaptation
2024-12-25 13:14:44,738 - CIFAR_experiment - INFO - Starting server type: babu
2024-12-25 13:30:01,604 - CIFAR_experiment - INFO - Starting server type: fedlp
2024-12-25 13:42:50,909 - CIFAR_experiment - INFO - Starting server type: fedlama
2024-12-25 13:55:39,633 - CIFAR_experiment - INFO - Starting server type: pfedla
2024-12-25 14:08:31,403 - CIFAR_experiment - INFO - Starting server type: layerpfl
2024-12-25 14:21:20,508 - CIFAR_experiment - INFO - Starting tuning for: 0.001
2024-12-25 14:21:20,825 - CIFAR_experiment - INFO - Starting server type: local
2024-12-25 14:34:10,124 - CIFAR_experiment - INFO - Starting server type: fedavg
2024-12-25 14:47:00,108 - CIFAR_experiment - INFO - Starting server type: fedprox
2024-12-25 14:59:59,919 - CIFAR_experiment - INFO - Starting server type: pfedme
2024-12-25 15:12:59,082 - CIFAR_experiment - INFO - Starting server type: ditto
2024-12-25 15:38:38,669 - CIFAR_experiment - INFO - Starting server type: localadaptation
2024-12-25 15:54:02,903 - CIFAR_experiment - INFO - Starting server type: babu
2024-12-25 16:09:20,288 - CIFAR_experiment - INFO - Starting server type: fedlp
2024-12-25 16:22:10,564 - CIFAR_experiment - INFO - Starting server type: fedlama
2024-12-25 16:34:59,816 - CIFAR_experiment - INFO - Starting server type: pfedla
2024-12-25 16:47:51,518 - CIFAR_experiment - INFO - Starting server type: layerpfl
2024-12-25 17:00:41,732 - CIFAR_experiment - INFO - Starting tuning for: 0.0005
2024-12-25 17:00:42,055 - CIFAR_experiment - INFO - Starting server type: local
2024-12-25 17:13:32,375 - CIFAR_experiment - INFO - Starting server type: fedavg
2024-12-25 17:26:23,187 - CIFAR_experiment - INFO - Starting server type: fedprox
2024-12-25 17:39:23,408 - CIFAR_experiment - INFO - Starting server type: pfedme
2024-12-25 17:52:23,332 - CIFAR_experiment - INFO - Starting server type: ditto
2024-12-25 18:18:03,615 - CIFAR_experiment - INFO - Starting server type: localadaptation
2024-12-25 18:33:27,662 - CIFAR_experiment - INFO - Starting server type: babu
2024-12-25 18:48:45,182 - CIFAR_experiment - INFO - Starting server type: fedlp
2024-12-25 19:01:35,329 - CIFAR_experiment - INFO - Starting server type: fedlama
2024-12-25 19:14:24,848 - CIFAR_experiment - INFO - Starting server type: pfedla
2024-12-25 19:27:17,527 - CIFAR_experiment - INFO - Starting server type: layerpfl
2024-12-25 19:40:08,304 - CIFAR_experiment - INFO - Starting tuning for: 0.0001
2024-12-25 19:40:08,708 - CIFAR_experiment - INFO - Starting server type: local
2024-12-25 19:52:59,415 - CIFAR_experiment - INFO - Starting server type: fedavg
2024-12-25 20:05:50,207 - CIFAR_experiment - INFO - Starting server type: fedprox
2024-12-25 20:18:50,681 - CIFAR_experiment - INFO - Starting server type: pfedme
