2024-12-21 13:20:27,233 - CIFAR_experiment - INFO - Starting hyperparameter tuning experiment
2024-12-21 13:20:27,233 - CIFAR_experiment - INFO - Testing learning rates: [0.005, 0.001, 0.0005, 0.0001]
2024-12-21 13:20:27,234 - CIFAR_experiment - INFO - 
Starting Run 1/5
2024-12-21 13:20:28,097 - CIFAR_experiment - INFO - 
Starting server type: local
2024-12-21 13:20:28,324 - CIFAR_experiment - INFO - Starting training for 10 rounds for server type local
2024-12-21 13:35:15,274 - CIFAR_experiment - INFO - 
Starting server type: fedavg
2024-12-21 13:35:15,323 - CIFAR_experiment - INFO - Starting training for 10 rounds for server type fedavg
2024-12-21 13:50:03,483 - CIFAR_experiment - INFO - 
Starting server type: fedprox
2024-12-21 13:50:03,550 - CIFAR_experiment - INFO - Starting training for 10 rounds for server type fedprox
2024-12-21 14:04:58,597 - CIFAR_experiment - INFO - 
Starting server type: pfedme
2024-12-21 14:04:58,692 - CIFAR_experiment - INFO - Starting training for 10 rounds for server type pfedme
2024-12-21 14:19:56,655 - CIFAR_experiment - INFO - 
Starting server type: ditto
2024-12-21 14:19:56,748 - CIFAR_experiment - INFO - Starting training for 10 rounds for server type ditto
2024-12-21 14:49:35,651 - CIFAR_experiment - INFO - 
Starting server type: localadaptation
2024-12-21 14:49:35,725 - CIFAR_experiment - INFO - Starting training for 10 rounds for server type localadaptation
2024-12-21 15:07:23,260 - CIFAR_experiment - INFO - 
Starting server type: babu
2024-12-21 15:07:23,309 - CIFAR_experiment - INFO - Starting training for 10 rounds for server type babu
2024-12-21 15:24:55,498 - CIFAR_experiment - INFO - 
Starting server type: fedlp
2024-12-21 15:24:55,560 - CIFAR_experiment - INFO - Starting training for 10 rounds for server type fedlp
2024-12-21 15:39:43,403 - CIFAR_experiment - INFO - 
Starting server type: fedlama
2024-12-21 15:39:43,456 - CIFAR_experiment - INFO - Starting training for 10 rounds for server type fedlama
2024-12-21 15:54:30,741 - CIFAR_experiment - INFO - 
Starting server type: pfedla
2024-12-21 15:54:30,816 - CIFAR_experiment - INFO - Starting training for 10 rounds for server type pfedla
2024-12-21 16:09:21,788 - CIFAR_experiment - INFO - 
Starting server type: layerpfl
2024-12-21 16:09:21,862 - CIFAR_experiment - INFO - Starting training for 10 rounds for server type layerpfl
2024-12-21 16:24:11,324 - CIFAR_experiment - INFO - 
Starting server type: local
2024-12-21 16:24:11,373 - CIFAR_experiment - INFO - Starting training for 10 rounds for server type local
2024-12-21 16:39:00,238 - CIFAR_experiment - INFO - 
Starting server type: fedavg
2024-12-21 16:39:00,305 - CIFAR_experiment - INFO - Starting training for 10 rounds for server type fedavg
2024-12-21 16:53:50,190 - CIFAR_experiment - INFO - 
Starting server type: fedprox
2024-12-21 16:53:50,257 - CIFAR_experiment - INFO - Starting training for 10 rounds for server type fedprox
2024-12-21 17:08:48,753 - CIFAR_experiment - INFO - 
Starting server type: pfedme
2024-12-21 17:08:48,837 - CIFAR_experiment - INFO - Starting training for 10 rounds for server type pfedme
2024-12-21 17:23:47,091 - CIFAR_experiment - INFO - 
Starting server type: ditto
2024-12-21 17:23:47,193 - CIFAR_experiment - INFO - Starting training for 10 rounds for server type ditto
2024-12-21 17:53:23,086 - CIFAR_experiment - INFO - 
Starting server type: localadaptation
2024-12-21 17:53:23,161 - CIFAR_experiment - INFO - Starting training for 10 rounds for server type localadaptation
2024-12-21 18:11:09,534 - CIFAR_experiment - INFO - 
Starting server type: babu
2024-12-21 18:11:09,602 - CIFAR_experiment - INFO - Starting training for 10 rounds for server type babu
2024-12-21 18:28:43,646 - CIFAR_experiment - INFO - 
Starting server type: fedlp
2024-12-21 18:28:43,700 - CIFAR_experiment - INFO - Starting training for 10 rounds for server type fedlp
2024-12-21 18:43:32,784 - CIFAR_experiment - INFO - 
Starting server type: fedlama
2024-12-21 18:43:32,851 - CIFAR_experiment - INFO - Starting training for 10 rounds for server type fedlama
2024-12-21 18:58:21,789 - CIFAR_experiment - INFO - 
Starting server type: pfedla
2024-12-21 18:58:21,864 - CIFAR_experiment - INFO - Starting training for 10 rounds for server type pfedla
2024-12-21 19:13:12,220 - CIFAR_experiment - INFO - 
Starting server type: layerpfl
2024-12-21 19:13:12,424 - CIFAR_experiment - INFO - Starting training for 10 rounds for server type layerpfl
2024-12-21 19:28:00,189 - CIFAR_experiment - INFO - 
Starting server type: local
2024-12-21 19:28:00,238 - CIFAR_experiment - INFO - Starting training for 10 rounds for server type local
2024-12-21 19:42:49,174 - CIFAR_experiment - INFO - 
Starting server type: fedavg
2024-12-21 19:42:49,242 - CIFAR_experiment - INFO - Starting training for 10 rounds for server type fedavg
2024-12-21 19:57:40,653 - CIFAR_experiment - INFO - 
Starting server type: fedprox
2024-12-21 19:57:40,720 - CIFAR_experiment - INFO - Starting training for 10 rounds for server type fedprox
2024-12-21 20:12:40,227 - CIFAR_experiment - INFO - 
Starting server type: pfedme
2024-12-21 20:12:40,316 - CIFAR_experiment - INFO - Starting training for 10 rounds for server type pfedme
2024-12-21 20:27:41,029 - CIFAR_experiment - INFO - 
Starting server type: ditto
2024-12-21 20:27:41,116 - CIFAR_experiment - INFO - Starting training for 10 rounds for server type ditto
2024-12-21 20:57:24,126 - CIFAR_experiment - INFO - 
Starting server type: localadaptation
2024-12-21 20:57:24,194 - CIFAR_experiment - INFO - Starting training for 10 rounds for server type localadaptation
2024-12-21 21:15:13,406 - CIFAR_experiment - INFO - 
Starting server type: babu
2024-12-21 21:15:13,473 - CIFAR_experiment - INFO - Starting training for 10 rounds for server type babu
2024-12-21 21:32:48,715 - CIFAR_experiment - INFO - 
Starting server type: fedlp
2024-12-21 21:32:48,787 - CIFAR_experiment - INFO - Starting training for 10 rounds for server type fedlp
2024-12-21 21:47:39,632 - CIFAR_experiment - INFO - 
Starting server type: fedlama
2024-12-21 21:47:39,699 - CIFAR_experiment - INFO - Starting training for 10 rounds for server type fedlama
2024-12-21 22:02:30,693 - CIFAR_experiment - INFO - 
Starting server type: pfedla
2024-12-21 22:02:30,767 - CIFAR_experiment - INFO - Starting training for 10 rounds for server type pfedla
2024-12-21 22:17:24,827 - CIFAR_experiment - INFO - 
Starting server type: layerpfl
2024-12-21 22:17:24,894 - CIFAR_experiment - INFO - Starting training for 10 rounds for server type layerpfl
2024-12-21 22:32:16,096 - CIFAR_experiment - INFO - 
Starting server type: local
2024-12-21 22:32:16,144 - CIFAR_experiment - INFO - Starting training for 10 rounds for server type local
2024-12-21 22:47:07,699 - CIFAR_experiment - INFO - 
Starting server type: fedavg
2024-12-21 22:47:07,766 - CIFAR_experiment - INFO - Starting training for 10 rounds for server type fedavg
2024-12-21 23:01:59,186 - CIFAR_experiment - INFO - 
Starting server type: fedprox
2024-12-21 23:01:59,254 - CIFAR_experiment - INFO - Starting training for 10 rounds for server type fedprox
2024-12-21 23:16:59,400 - CIFAR_experiment - INFO - 
Starting server type: pfedme
2024-12-21 23:16:59,606 - CIFAR_experiment - INFO - Starting training for 10 rounds for server type pfedme
2024-12-21 23:32:00,458 - CIFAR_experiment - INFO - 
Starting server type: ditto
2024-12-21 23:32:00,546 - CIFAR_experiment - INFO - Starting training for 10 rounds for server type ditto
2024-12-22 00:01:42,157 - CIFAR_experiment - INFO - 
Starting server type: localadaptation
2024-12-22 00:01:42,225 - CIFAR_experiment - INFO - Starting training for 10 rounds for server type localadaptation
2024-12-22 00:19:31,528 - CIFAR_experiment - INFO - 
Starting server type: babu
2024-12-22 00:19:31,579 - CIFAR_experiment - INFO - Starting training for 10 rounds for server type babu
2024-12-22 00:37:07,186 - CIFAR_experiment - INFO - 
Starting server type: fedlp
2024-12-22 00:37:07,291 - CIFAR_experiment - INFO - Starting training for 10 rounds for server type fedlp
2024-12-22 00:51:57,639 - CIFAR_experiment - INFO - 
Starting server type: fedlama
2024-12-22 00:51:57,706 - CIFAR_experiment - INFO - Starting training for 10 rounds for server type fedlama
2024-12-22 01:06:48,183 - CIFAR_experiment - INFO - 
Starting server type: pfedla
2024-12-22 01:06:48,258 - CIFAR_experiment - INFO - Starting training for 10 rounds for server type pfedla
2024-12-22 01:21:42,403 - CIFAR_experiment - INFO - 
Starting server type: layerpfl
2024-12-22 01:21:42,478 - CIFAR_experiment - INFO - Starting training for 10 rounds for server type layerpfl
2024-12-22 01:36:33,126 - CIFAR_experiment - INFO - 
Starting Run 2/5
2024-12-22 01:36:33,434 - CIFAR_experiment - INFO - 
Starting server type: local
2024-12-22 01:36:33,482 - CIFAR_experiment - INFO - Starting training for 10 rounds for server type local
2024-12-22 01:51:24,192 - CIFAR_experiment - INFO - 
Starting server type: fedavg
2024-12-22 01:51:24,260 - CIFAR_experiment - INFO - Starting training for 10 rounds for server type fedavg
2024-12-22 02:06:15,462 - CIFAR_experiment - INFO - 
Starting server type: fedprox
2024-12-22 02:06:15,517 - CIFAR_experiment - INFO - Starting training for 10 rounds for server type fedprox
2024-12-22 02:21:15,840 - CIFAR_experiment - INFO - 
Starting server type: pfedme
2024-12-22 02:21:15,928 - CIFAR_experiment - INFO - Starting training for 10 rounds for server type pfedme
2024-12-22 02:36:16,139 - CIFAR_experiment - INFO - 
Starting server type: ditto
2024-12-22 02:36:16,227 - CIFAR_experiment - INFO - Starting training for 10 rounds for server type ditto
2024-12-22 03:05:58,618 - CIFAR_experiment - INFO - 
Starting server type: localadaptation
2024-12-22 03:05:58,686 - CIFAR_experiment - INFO - Starting training for 10 rounds for server type localadaptation
2024-12-22 03:23:47,935 - CIFAR_experiment - INFO - 
Starting server type: babu
2024-12-22 03:23:48,099 - CIFAR_experiment - INFO - Starting training for 10 rounds for server type babu
2024-12-22 03:41:25,137 - CIFAR_experiment - INFO - 
Starting server type: fedlp
2024-12-22 03:41:25,194 - CIFAR_experiment - INFO - Starting training for 10 rounds for server type fedlp
2024-12-22 03:56:17,182 - CIFAR_experiment - INFO - 
Starting server type: fedlama
2024-12-22 03:56:17,251 - CIFAR_experiment - INFO - Starting training for 10 rounds for server type fedlama
2024-12-22 04:11:09,991 - CIFAR_experiment - INFO - 
Starting server type: pfedla
2024-12-22 04:11:10,067 - CIFAR_experiment - INFO - Starting training for 10 rounds for server type pfedla
2024-12-22 04:26:06,357 - CIFAR_experiment - INFO - 
Starting server type: layerpfl
2024-12-22 04:26:06,431 - CIFAR_experiment - INFO - Starting training for 10 rounds for server type layerpfl
2024-12-22 04:40:58,171 - CIFAR_experiment - INFO - 
Starting server type: local
2024-12-22 04:40:58,219 - CIFAR_experiment - INFO - Starting training for 10 rounds for server type local
2024-12-22 04:55:48,943 - CIFAR_experiment - INFO - 
Starting server type: fedavg
2024-12-22 04:55:49,011 - CIFAR_experiment - INFO - Starting training for 10 rounds for server type fedavg
2024-12-22 05:10:41,108 - CIFAR_experiment - INFO - 
Starting server type: fedprox
2024-12-22 05:10:41,176 - CIFAR_experiment - INFO - Starting training for 10 rounds for server type fedprox
2024-12-22 05:25:41,040 - CIFAR_experiment - INFO - 
Starting server type: pfedme
2024-12-22 05:25:41,119 - CIFAR_experiment - INFO - Starting training for 10 rounds for server type pfedme
2024-12-22 05:40:42,334 - CIFAR_experiment - INFO - 
Starting server type: ditto
2024-12-22 05:40:42,413 - CIFAR_experiment - INFO - Starting training for 10 rounds for server type ditto
2024-12-22 06:10:25,510 - CIFAR_experiment - INFO - 
Starting server type: localadaptation
2024-12-22 06:10:25,581 - CIFAR_experiment - INFO - Starting training for 10 rounds for server type localadaptation
2024-12-22 06:28:16,195 - CIFAR_experiment - INFO - 
Starting server type: babu
2024-12-22 06:28:16,271 - CIFAR_experiment - INFO - Starting training for 10 rounds for server type babu
2024-12-22 06:45:53,424 - CIFAR_experiment - INFO - 
Starting server type: fedlp
2024-12-22 06:45:53,501 - CIFAR_experiment - INFO - Starting training for 10 rounds for server type fedlp
2024-12-22 07:00:45,872 - CIFAR_experiment - INFO - 
Starting server type: fedlama
2024-12-22 07:00:45,940 - CIFAR_experiment - INFO - Starting training for 10 rounds for server type fedlama
2024-12-22 07:15:38,062 - CIFAR_experiment - INFO - 
Starting server type: pfedla
2024-12-22 07:15:38,139 - CIFAR_experiment - INFO - Starting training for 10 rounds for server type pfedla
2024-12-22 07:30:33,636 - CIFAR_experiment - INFO - 
Starting server type: layerpfl
2024-12-22 07:30:33,822 - CIFAR_experiment - INFO - Starting training for 10 rounds for server type layerpfl
2024-12-22 07:45:26,865 - CIFAR_experiment - INFO - 
Starting server type: local
2024-12-22 07:45:26,914 - CIFAR_experiment - INFO - Starting training for 10 rounds for server type local
2024-12-22 08:00:18,648 - CIFAR_experiment - INFO - 
Starting server type: fedavg
2024-12-22 08:00:18,716 - CIFAR_experiment - INFO - Starting training for 10 rounds for server type fedavg
2024-12-22 08:15:11,401 - CIFAR_experiment - INFO - 
Starting server type: fedprox
2024-12-22 08:15:11,469 - CIFAR_experiment - INFO - Starting training for 10 rounds for server type fedprox
2024-12-22 08:30:12,136 - CIFAR_experiment - INFO - 
Starting server type: pfedme
2024-12-22 08:30:12,224 - CIFAR_experiment - INFO - Starting training for 10 rounds for server type pfedme
2024-12-22 08:45:14,689 - CIFAR_experiment - INFO - 
Starting server type: ditto
2024-12-22 08:45:14,778 - CIFAR_experiment - INFO - Starting training for 10 rounds for server type ditto
2024-12-22 09:14:59,212 - CIFAR_experiment - INFO - 
Starting server type: localadaptation
2024-12-22 09:14:59,280 - CIFAR_experiment - INFO - Starting training for 10 rounds for server type localadaptation
2024-12-22 09:32:51,193 - CIFAR_experiment - INFO - 
Starting server type: babu
2024-12-22 09:32:51,243 - CIFAR_experiment - INFO - Starting training for 10 rounds for server type babu
2024-12-22 09:50:29,072 - CIFAR_experiment - INFO - 
Starting server type: fedlp
2024-12-22 09:50:29,132 - CIFAR_experiment - INFO - Starting training for 10 rounds for server type fedlp
2024-12-22 10:05:21,438 - CIFAR_experiment - INFO - 
Starting server type: fedlama
2024-12-22 10:05:21,506 - CIFAR_experiment - INFO - Starting training for 10 rounds for server type fedlama
2024-12-22 10:20:14,474 - CIFAR_experiment - INFO - 
Starting server type: pfedla
2024-12-22 10:20:14,558 - CIFAR_experiment - INFO - Starting training for 10 rounds for server type pfedla
2024-12-22 10:35:10,354 - CIFAR_experiment - INFO - 
Starting server type: layerpfl
2024-12-22 10:35:10,428 - CIFAR_experiment - INFO - Starting training for 10 rounds for server type layerpfl
2024-12-22 10:50:03,629 - CIFAR_experiment - INFO - 
Starting server type: local
2024-12-22 10:50:03,678 - CIFAR_experiment - INFO - Starting training for 10 rounds for server type local
2024-12-22 11:04:56,127 - CIFAR_experiment - INFO - 
Starting server type: fedavg
2024-12-22 11:04:56,195 - CIFAR_experiment - INFO - Starting training for 10 rounds for server type fedavg
2024-12-22 11:19:48,097 - CIFAR_experiment - INFO - 
Starting server type: fedprox
2024-12-22 11:19:48,164 - CIFAR_experiment - INFO - Starting training for 10 rounds for server type fedprox
2024-12-22 11:34:48,618 - CIFAR_experiment - INFO - 
Starting server type: pfedme
2024-12-22 11:34:48,826 - CIFAR_experiment - INFO - Starting training for 10 rounds for server type pfedme
2024-12-22 11:49:51,687 - CIFAR_experiment - INFO - 
Starting server type: ditto
2024-12-22 11:49:51,766 - CIFAR_experiment - INFO - Starting training for 10 rounds for server type ditto
2024-12-22 12:19:38,013 - CIFAR_experiment - INFO - 
Starting server type: localadaptation
2024-12-22 12:19:38,082 - CIFAR_experiment - INFO - Starting training for 10 rounds for server type localadaptation
2024-12-22 12:37:29,998 - CIFAR_experiment - INFO - 
Starting server type: babu
2024-12-22 12:37:30,048 - CIFAR_experiment - INFO - Starting training for 10 rounds for server type babu
2024-12-22 12:55:07,466 - CIFAR_experiment - INFO - 
Starting server type: fedlp
2024-12-22 12:55:07,522 - CIFAR_experiment - INFO - Starting training for 10 rounds for server type fedlp
2024-12-22 13:10:00,652 - CIFAR_experiment - INFO - 
Starting server type: fedlama
2024-12-22 13:10:00,720 - CIFAR_experiment - INFO - Starting training for 10 rounds for server type fedlama
2024-12-22 13:24:53,077 - CIFAR_experiment - INFO - 
Starting server type: pfedla
2024-12-22 13:24:53,152 - CIFAR_experiment - INFO - Starting training for 10 rounds for server type pfedla
2024-12-22 13:39:48,965 - CIFAR_experiment - INFO - 
Starting server type: layerpfl
2024-12-22 13:39:49,044 - CIFAR_experiment - INFO - Starting training for 10 rounds for server type layerpfl
2024-12-22 13:54:41,986 - CIFAR_experiment - INFO - 
Starting Run 3/5
2024-12-22 13:54:42,387 - CIFAR_experiment - INFO - 
Starting server type: local
2024-12-22 13:54:42,436 - CIFAR_experiment - INFO - Starting training for 10 rounds for server type local
2024-12-22 14:09:35,421 - CIFAR_experiment - INFO - 
Starting server type: fedavg
2024-12-22 14:09:35,470 - CIFAR_experiment - INFO - Starting training for 10 rounds for server type fedavg
2024-12-22 14:24:28,391 - CIFAR_experiment - INFO - 
Starting server type: fedprox
2024-12-22 14:24:28,459 - CIFAR_experiment - INFO - Starting training for 10 rounds for server type fedprox
2024-12-22 14:39:29,322 - CIFAR_experiment - INFO - 
Starting server type: pfedme
2024-12-22 14:39:29,410 - CIFAR_experiment - INFO - Starting training for 10 rounds for server type pfedme
2024-12-22 14:54:31,782 - CIFAR_experiment - INFO - 
Starting server type: ditto
2024-12-22 14:54:31,871 - CIFAR_experiment - INFO - Starting training for 10 rounds for server type ditto
2024-12-22 15:24:17,076 - CIFAR_experiment - INFO - 
Starting server type: localadaptation
2024-12-22 15:24:17,264 - CIFAR_experiment - INFO - Starting training for 10 rounds for server type localadaptation
2024-12-22 15:42:08,774 - CIFAR_experiment - INFO - 
Starting server type: babu
2024-12-22 15:42:08,824 - CIFAR_experiment - INFO - Starting training for 10 rounds for server type babu
2024-12-22 15:59:46,611 - CIFAR_experiment - INFO - 
Starting server type: fedlp
2024-12-22 15:59:46,665 - CIFAR_experiment - INFO - Starting training for 10 rounds for server type fedlp
2024-12-22 16:14:40,128 - CIFAR_experiment - INFO - 
Starting server type: fedlama
2024-12-22 16:14:40,196 - CIFAR_experiment - INFO - Starting training for 10 rounds for server type fedlama
2024-12-22 16:29:34,038 - CIFAR_experiment - INFO - 
Starting server type: pfedla
2024-12-22 16:29:34,124 - CIFAR_experiment - INFO - Starting training for 10 rounds for server type pfedla
2024-12-22 16:44:31,440 - CIFAR_experiment - INFO - 
Starting server type: layerpfl
2024-12-22 16:44:31,515 - CIFAR_experiment - INFO - Starting training for 10 rounds for server type layerpfl
2024-12-22 16:59:25,318 - CIFAR_experiment - INFO - 
Starting server type: local
2024-12-22 16:59:25,367 - CIFAR_experiment - INFO - Starting training for 10 rounds for server type local
2024-12-22 17:14:17,867 - CIFAR_experiment - INFO - 
Starting server type: fedavg
2024-12-22 17:14:17,935 - CIFAR_experiment - INFO - Starting training for 10 rounds for server type fedavg
2024-12-22 17:29:11,730 - CIFAR_experiment - INFO - 
Starting server type: fedprox
2024-12-22 17:29:11,798 - CIFAR_experiment - INFO - Starting training for 10 rounds for server type fedprox
2024-12-22 17:44:13,320 - CIFAR_experiment - INFO - 
Starting server type: pfedme
2024-12-22 17:44:13,407 - CIFAR_experiment - INFO - Starting training for 10 rounds for server type pfedme
2024-12-22 17:59:16,359 - CIFAR_experiment - INFO - 
Starting server type: ditto
2024-12-22 17:59:16,448 - CIFAR_experiment - INFO - Starting training for 10 rounds for server type ditto
2024-12-22 18:29:01,779 - CIFAR_experiment - INFO - 
Starting server type: localadaptation
2024-12-22 18:29:01,856 - CIFAR_experiment - INFO - Starting training for 10 rounds for server type localadaptation
2024-12-22 18:46:53,027 - CIFAR_experiment - INFO - 
Starting server type: babu
2024-12-22 18:46:53,096 - CIFAR_experiment - INFO - Starting training for 10 rounds for server type babu
2024-12-22 19:04:31,846 - CIFAR_experiment - INFO - 
Starting server type: fedlp
2024-12-22 19:04:31,907 - CIFAR_experiment - INFO - Starting training for 10 rounds for server type fedlp
2024-12-22 19:19:24,549 - CIFAR_experiment - INFO - 
Starting server type: fedlama
2024-12-22 19:19:24,616 - CIFAR_experiment - INFO - Starting training for 10 rounds for server type fedlama
