2025-01-15 17:28:24,446 - CIFAR_learning_rate - INFO - Starting hyperparameter tuning experiment
2025-01-15 17:28:24,446 - CIFAR_learning_rate - INFO - Testing learning rates: [0.005, 0.001, 0.0005, 0.0001]
2025-01-15 17:28:24,450 - CIFAR_learning_rate - INFO - Starting Run 1/5
2025-01-15 17:28:24,450 - CIFAR_learning_rate - INFO - Starting tuning for: 0.005
2025-01-15 17:28:25,310 - CIFAR_learning_rate - INFO - Starting server type: local
2025-01-15 17:50:21,993 - CIFAR_learning_rate - INFO - Starting server type: fedavg
2025-01-15 18:11:46,539 - CIFAR_learning_rate - INFO - Starting server type: fedprox
2025-01-15 18:33:25,188 - CIFAR_learning_rate - INFO - Starting server type: pfedme
2025-01-15 18:55:05,649 - CIFAR_learning_rate - INFO - Starting server type: ditto
2025-01-15 19:37:54,961 - CIFAR_learning_rate - INFO - Starting server type: localadaptation
2025-01-15 20:00:11,396 - CIFAR_learning_rate - INFO - Starting server type: babu
2025-01-15 20:22:23,274 - CIFAR_learning_rate - INFO - Starting server type: fedlp
2025-01-15 20:43:47,527 - CIFAR_learning_rate - INFO - Starting server type: fedlama
2025-01-15 21:05:12,916 - CIFAR_learning_rate - INFO - Starting server type: pfedla
2025-01-15 21:26:53,989 - CIFAR_learning_rate - INFO - Starting server type: layerpfl
2025-01-15 21:48:05,642 - CIFAR_learning_rate - INFO - Starting tuning for: 0.001
2025-01-15 21:48:06,011 - CIFAR_learning_rate - INFO - Starting server type: local
2025-01-15 22:07:57,644 - CIFAR_learning_rate - INFO - Starting server type: fedavg
2025-01-15 22:27:54,094 - CIFAR_learning_rate - INFO - Starting server type: fedprox
2025-01-15 22:48:03,612 - CIFAR_learning_rate - INFO - Starting server type: pfedme
2025-01-15 23:08:13,962 - CIFAR_learning_rate - INFO - Starting server type: ditto
2025-01-15 23:48:16,965 - CIFAR_learning_rate - INFO - Starting server type: localadaptation
2025-01-16 00:08:57,687 - CIFAR_learning_rate - INFO - Starting server type: babu
2025-01-16 00:29:42,293 - CIFAR_learning_rate - INFO - Starting server type: fedlp
2025-01-16 00:49:36,026 - CIFAR_learning_rate - INFO - Starting server type: fedlama
2025-01-16 01:09:34,040 - CIFAR_learning_rate - INFO - Starting server type: pfedla
2025-01-16 01:29:45,257 - CIFAR_learning_rate - INFO - Starting server type: layerpfl
2025-01-16 01:49:45,845 - CIFAR_learning_rate - INFO - Starting tuning for: 0.0005
2025-01-16 01:49:46,213 - CIFAR_learning_rate - INFO - Starting server type: local
2025-01-16 02:09:36,143 - CIFAR_learning_rate - INFO - Starting server type: fedavg
2025-01-16 02:29:30,984 - CIFAR_learning_rate - INFO - Starting server type: fedprox
2025-01-16 02:49:41,057 - CIFAR_learning_rate - INFO - Starting server type: pfedme
2025-01-16 03:09:53,307 - CIFAR_learning_rate - INFO - Starting server type: ditto
2025-01-16 03:49:51,170 - CIFAR_learning_rate - INFO - Starting server type: localadaptation
2025-01-16 04:10:33,291 - CIFAR_learning_rate - INFO - Starting server type: babu
2025-01-16 04:31:17,436 - CIFAR_learning_rate - INFO - Starting server type: fedlp
2025-01-16 04:51:14,152 - CIFAR_learning_rate - INFO - Starting server type: fedlama
2025-01-16 05:11:10,988 - CIFAR_learning_rate - INFO - Starting server type: pfedla
2025-01-16 05:31:24,553 - CIFAR_learning_rate - INFO - Starting server type: layerpfl
2025-01-16 05:51:25,561 - CIFAR_learning_rate - INFO - Starting tuning for: 0.0001
2025-01-16 05:51:25,922 - CIFAR_learning_rate - INFO - Starting server type: local
2025-01-16 06:11:34,116 - CIFAR_learning_rate - INFO - Starting server type: fedavg
2025-01-16 06:31:48,082 - CIFAR_learning_rate - INFO - Starting server type: fedprox
2025-01-16 06:52:16,568 - CIFAR_learning_rate - INFO - Starting server type: pfedme
2025-01-16 07:12:47,616 - CIFAR_learning_rate - INFO - Starting server type: ditto
2025-01-16 07:53:28,715 - CIFAR_learning_rate - INFO - Starting server type: localadaptation
2025-01-16 08:14:32,193 - CIFAR_learning_rate - INFO - Starting server type: babu
2025-01-16 08:35:35,312 - CIFAR_learning_rate - INFO - Starting server type: fedlp
2025-01-16 08:55:45,863 - CIFAR_learning_rate - INFO - Starting server type: fedlama
2025-01-16 09:15:55,574 - CIFAR_learning_rate - INFO - Starting server type: pfedla
2025-01-16 09:36:24,321 - CIFAR_learning_rate - INFO - Starting server type: layerpfl
2025-01-16 09:56:43,570 - CIFAR_learning_rate - INFO - Starting Run 2/5
2025-01-16 09:56:43,570 - CIFAR_learning_rate - INFO - Starting tuning for: 0.005
2025-01-16 09:56:44,155 - CIFAR_learning_rate - INFO - Starting server type: local
2025-01-16 10:17:42,537 - CIFAR_learning_rate - INFO - Starting server type: fedavg
2025-01-16 10:38:41,869 - CIFAR_learning_rate - INFO - Starting server type: fedprox
2025-01-16 10:59:50,425 - CIFAR_learning_rate - INFO - Starting server type: pfedme
2025-01-16 11:21:00,375 - CIFAR_learning_rate - INFO - Starting server type: ditto
2025-01-16 12:02:57,574 - CIFAR_learning_rate - INFO - Starting server type: localadaptation
2025-01-16 12:24:38,885 - CIFAR_learning_rate - INFO - Starting server type: babu
2025-01-16 12:46:42,717 - CIFAR_learning_rate - INFO - Starting server type: fedlp
2025-01-16 13:08:14,914 - CIFAR_learning_rate - INFO - Starting server type: fedlama
2025-01-16 13:30:10,857 - CIFAR_learning_rate - INFO - Starting server type: pfedla
2025-01-16 13:51:59,356 - CIFAR_learning_rate - INFO - Starting server type: layerpfl
