2024-12-21 13:20:27,230 - EMNIST_experiment - INFO - Starting hyperparameter tuning experiment
2024-12-21 13:20:27,231 - EMNIST_experiment - INFO - Testing learning rates: [0.005, 0.001, 0.0005, 0.0001, 8e-05]
2024-12-21 13:20:27,234 - EMNIST_experiment - INFO - 
Starting Run 1/5
2024-12-21 13:20:28,118 - EMNIST_experiment - INFO - 
Starting server type: local
2024-12-21 13:20:28,340 - EMNIST_experiment - INFO - Starting training for 10 rounds for server type local
2024-12-21 13:22:35,160 - EMNIST_experiment - INFO - 
Starting server type: fedavg
2024-12-21 13:22:35,183 - EMNIST_experiment - INFO - Starting training for 10 rounds for server type fedavg
2024-12-21 13:24:40,548 - EMNIST_experiment - INFO - 
Starting server type: fedprox
2024-12-21 13:24:40,577 - EMNIST_experiment - INFO - Starting training for 10 rounds for server type fedprox
2024-12-21 13:26:51,207 - EMNIST_experiment - INFO - 
Starting server type: pfedme
2024-12-21 13:26:51,244 - EMNIST_experiment - INFO - Starting training for 10 rounds for server type pfedme
2024-12-21 13:29:02,448 - EMNIST_experiment - INFO - 
Starting server type: ditto
2024-12-21 13:29:02,490 - EMNIST_experiment - INFO - Starting training for 10 rounds for server type ditto
2024-12-21 13:33:14,666 - EMNIST_experiment - INFO - 
Starting server type: localadaptation
2024-12-21 13:33:14,692 - EMNIST_experiment - INFO - Starting training for 10 rounds for server type localadaptation
2024-12-21 13:35:45,014 - EMNIST_experiment - INFO - 
Starting server type: babu
2024-12-21 13:35:45,035 - EMNIST_experiment - INFO - Starting training for 10 rounds for server type babu
2024-12-21 13:38:14,591 - EMNIST_experiment - INFO - 
Starting server type: fedlp
2024-12-21 13:38:14,615 - EMNIST_experiment - INFO - Starting training for 10 rounds for server type fedlp
2024-12-21 13:40:21,189 - EMNIST_experiment - INFO - 
Starting server type: fedlama
2024-12-21 13:40:21,215 - EMNIST_experiment - INFO - Starting training for 10 rounds for server type fedlama
2024-12-21 13:42:26,468 - EMNIST_experiment - INFO - 
Starting server type: pfedla
2024-12-21 13:42:26,497 - EMNIST_experiment - INFO - Starting training for 10 rounds for server type pfedla
2024-12-21 13:44:33,778 - EMNIST_experiment - INFO - 
Starting server type: layerpfl
2024-12-21 13:44:33,810 - EMNIST_experiment - INFO - Starting training for 10 rounds for server type layerpfl
2024-12-21 13:46:40,815 - EMNIST_experiment - INFO - 
Starting server type: local
2024-12-21 13:46:40,841 - EMNIST_experiment - INFO - Starting training for 10 rounds for server type local
2024-12-21 13:48:46,948 - EMNIST_experiment - INFO - 
Starting server type: fedavg
2024-12-21 13:48:47,103 - EMNIST_experiment - INFO - Starting training for 10 rounds for server type fedavg
2024-12-21 13:50:53,393 - EMNIST_experiment - INFO - 
Starting server type: fedprox
2024-12-21 13:50:53,419 - EMNIST_experiment - INFO - Starting training for 10 rounds for server type fedprox
2024-12-21 13:53:03,815 - EMNIST_experiment - INFO - 
Starting server type: pfedme
2024-12-21 13:53:03,845 - EMNIST_experiment - INFO - Starting training for 10 rounds for server type pfedme
2024-12-21 13:55:14,865 - EMNIST_experiment - INFO - 
Starting server type: ditto
2024-12-21 13:55:14,905 - EMNIST_experiment - INFO - Starting training for 10 rounds for server type ditto
2024-12-21 13:59:26,915 - EMNIST_experiment - INFO - 
Starting server type: localadaptation
2024-12-21 13:59:26,942 - EMNIST_experiment - INFO - Starting training for 10 rounds for server type localadaptation
2024-12-21 14:01:58,460 - EMNIST_experiment - INFO - 
Starting server type: babu
2024-12-21 14:01:58,487 - EMNIST_experiment - INFO - Starting training for 10 rounds for server type babu
2024-12-21 14:04:29,585 - EMNIST_experiment - INFO - 
Starting server type: fedlp
2024-12-21 14:04:29,616 - EMNIST_experiment - INFO - Starting training for 10 rounds for server type fedlp
2024-12-21 14:06:35,996 - EMNIST_experiment - INFO - 
Starting server type: fedlama
2024-12-21 14:06:36,021 - EMNIST_experiment - INFO - Starting training for 10 rounds for server type fedlama
2024-12-21 14:08:41,938 - EMNIST_experiment - INFO - 
Starting server type: pfedla
2024-12-21 14:08:41,973 - EMNIST_experiment - INFO - Starting training for 10 rounds for server type pfedla
2024-12-21 14:10:49,404 - EMNIST_experiment - INFO - 
Starting server type: layerpfl
2024-12-21 14:10:49,433 - EMNIST_experiment - INFO - Starting training for 10 rounds for server type layerpfl
2024-12-21 14:12:56,620 - EMNIST_experiment - INFO - 
Starting server type: local
2024-12-21 14:12:56,645 - EMNIST_experiment - INFO - Starting training for 10 rounds for server type local
2024-12-21 14:15:03,044 - EMNIST_experiment - INFO - 
Starting server type: fedavg
2024-12-21 14:15:03,077 - EMNIST_experiment - INFO - Starting training for 10 rounds for server type fedavg
2024-12-21 14:17:09,633 - EMNIST_experiment - INFO - 
Starting server type: fedprox
2024-12-21 14:17:09,665 - EMNIST_experiment - INFO - Starting training for 10 rounds for server type fedprox
2024-12-21 14:19:20,553 - EMNIST_experiment - INFO - 
Starting server type: pfedme
2024-12-21 14:19:20,597 - EMNIST_experiment - INFO - Starting training for 10 rounds for server type pfedme
2024-12-21 14:21:32,105 - EMNIST_experiment - INFO - 
Starting server type: ditto
2024-12-21 14:21:32,142 - EMNIST_experiment - INFO - Starting training for 10 rounds for server type ditto
2024-12-21 14:25:45,220 - EMNIST_experiment - INFO - 
Starting server type: localadaptation
2024-12-21 14:25:45,254 - EMNIST_experiment - INFO - Starting training for 10 rounds for server type localadaptation
2024-12-21 14:28:16,899 - EMNIST_experiment - INFO - 
Starting server type: babu
2024-12-21 14:28:16,928 - EMNIST_experiment - INFO - Starting training for 10 rounds for server type babu
2024-12-21 14:30:48,280 - EMNIST_experiment - INFO - 
Starting server type: fedlp
2024-12-21 14:30:48,313 - EMNIST_experiment - INFO - Starting training for 10 rounds for server type fedlp
2024-12-21 14:32:54,632 - EMNIST_experiment - INFO - 
Starting server type: fedlama
2024-12-21 14:32:54,669 - EMNIST_experiment - INFO - Starting training for 10 rounds for server type fedlama
2024-12-21 14:35:01,083 - EMNIST_experiment - INFO - 
Starting server type: pfedla
2024-12-21 14:35:01,111 - EMNIST_experiment - INFO - Starting training for 10 rounds for server type pfedla
2024-12-21 14:37:08,596 - EMNIST_experiment - INFO - 
Starting server type: layerpfl
2024-12-21 14:37:08,628 - EMNIST_experiment - INFO - Starting training for 10 rounds for server type layerpfl
2024-12-21 14:39:15,879 - EMNIST_experiment - INFO - 
Starting server type: local
2024-12-21 14:39:15,910 - EMNIST_experiment - INFO - Starting training for 10 rounds for server type local
2024-12-21 14:41:22,406 - EMNIST_experiment - INFO - 
Starting server type: fedavg
2024-12-21 14:41:22,431 - EMNIST_experiment - INFO - Starting training for 10 rounds for server type fedavg
2024-12-21 14:43:29,103 - EMNIST_experiment - INFO - 
Starting server type: fedprox
2024-12-21 14:43:29,128 - EMNIST_experiment - INFO - Starting training for 10 rounds for server type fedprox
2024-12-21 14:45:39,986 - EMNIST_experiment - INFO - 
Starting server type: pfedme
2024-12-21 14:45:40,023 - EMNIST_experiment - INFO - Starting training for 10 rounds for server type pfedme
2024-12-21 14:47:51,552 - EMNIST_experiment - INFO - 
Starting server type: ditto
2024-12-21 14:47:51,595 - EMNIST_experiment - INFO - Starting training for 10 rounds for server type ditto
2024-12-21 14:52:04,852 - EMNIST_experiment - INFO - 
Starting server type: localadaptation
2024-12-21 14:52:04,878 - EMNIST_experiment - INFO - Starting training for 10 rounds for server type localadaptation
2024-12-21 14:54:37,160 - EMNIST_experiment - INFO - 
Starting server type: babu
2024-12-21 14:54:37,182 - EMNIST_experiment - INFO - Starting training for 10 rounds for server type babu
2024-12-21 14:57:08,518 - EMNIST_experiment - INFO - 
Starting server type: fedlp
2024-12-21 14:57:08,544 - EMNIST_experiment - INFO - Starting training for 10 rounds for server type fedlp
2024-12-21 14:59:15,287 - EMNIST_experiment - INFO - 
Starting server type: fedlama
2024-12-21 14:59:15,313 - EMNIST_experiment - INFO - Starting training for 10 rounds for server type fedlama
2024-12-21 15:01:21,835 - EMNIST_experiment - INFO - 
Starting server type: pfedla
2024-12-21 15:01:21,864 - EMNIST_experiment - INFO - Starting training for 10 rounds for server type pfedla
2024-12-21 15:03:29,292 - EMNIST_experiment - INFO - 
Starting server type: layerpfl
2024-12-21 15:03:29,322 - EMNIST_experiment - INFO - Starting training for 10 rounds for server type layerpfl
2024-12-21 15:05:36,459 - EMNIST_experiment - INFO - 
Starting server type: local
2024-12-21 15:05:36,484 - EMNIST_experiment - INFO - Starting training for 10 rounds for server type local
2024-12-21 15:07:43,240 - EMNIST_experiment - INFO - 
Starting server type: fedavg
2024-12-21 15:07:43,266 - EMNIST_experiment - INFO - Starting training for 10 rounds for server type fedavg
2024-12-21 15:09:49,906 - EMNIST_experiment - INFO - 
Starting server type: fedprox
2024-12-21 15:09:49,932 - EMNIST_experiment - INFO - Starting training for 10 rounds for server type fedprox
2024-12-21 15:12:00,941 - EMNIST_experiment - INFO - 
Starting server type: pfedme
2024-12-21 15:12:00,978 - EMNIST_experiment - INFO - Starting training for 10 rounds for server type pfedme
2024-12-21 15:14:12,817 - EMNIST_experiment - INFO - 
Starting server type: ditto
2024-12-21 15:14:12,855 - EMNIST_experiment - INFO - Starting training for 10 rounds for server type ditto
2024-12-21 15:18:26,496 - EMNIST_experiment - INFO - 
Starting server type: localadaptation
2024-12-21 15:18:26,522 - EMNIST_experiment - INFO - Starting training for 10 rounds for server type localadaptation
2024-12-21 15:20:58,879 - EMNIST_experiment - INFO - 
Starting server type: babu
2024-12-21 15:20:58,905 - EMNIST_experiment - INFO - Starting training for 10 rounds for server type babu
2024-12-21 15:23:30,475 - EMNIST_experiment - INFO - 
Starting server type: fedlp
2024-12-21 15:23:30,502 - EMNIST_experiment - INFO - Starting training for 10 rounds for server type fedlp
2024-12-21 15:25:37,394 - EMNIST_experiment - INFO - 
Starting server type: fedlama
2024-12-21 15:25:37,425 - EMNIST_experiment - INFO - Starting training for 10 rounds for server type fedlama
2024-12-21 15:27:44,022 - EMNIST_experiment - INFO - 
Starting server type: pfedla
2024-12-21 15:27:44,051 - EMNIST_experiment - INFO - Starting training for 10 rounds for server type pfedla
2024-12-21 15:29:51,852 - EMNIST_experiment - INFO - 
Starting server type: layerpfl
2024-12-21 15:29:51,884 - EMNIST_experiment - INFO - Starting training for 10 rounds for server type layerpfl
2024-12-21 15:31:58,907 - EMNIST_experiment - INFO - 
Starting Run 2/5
2024-12-21 15:31:59,545 - EMNIST_experiment - INFO - 
Starting server type: local
2024-12-21 15:31:59,570 - EMNIST_experiment - INFO - Starting training for 10 rounds for server type local
2024-12-21 15:34:05,093 - EMNIST_experiment - INFO - 
Starting server type: fedavg
2024-12-21 15:34:05,113 - EMNIST_experiment - INFO - Starting training for 10 rounds for server type fedavg
2024-12-21 15:36:10,301 - EMNIST_experiment - INFO - 
Starting server type: fedprox
2024-12-21 15:36:10,330 - EMNIST_experiment - INFO - Starting training for 10 rounds for server type fedprox
2024-12-21 15:38:19,791 - EMNIST_experiment - INFO - 
Starting server type: pfedme
2024-12-21 15:38:19,831 - EMNIST_experiment - INFO - Starting training for 10 rounds for server type pfedme
2024-12-21 15:40:31,114 - EMNIST_experiment - INFO - 
Starting server type: ditto
2024-12-21 15:40:31,151 - EMNIST_experiment - INFO - Starting training for 10 rounds for server type ditto
2024-12-21 15:44:43,300 - EMNIST_experiment - INFO - 
Starting server type: localadaptation
2024-12-21 15:44:43,328 - EMNIST_experiment - INFO - Starting training for 10 rounds for server type localadaptation
2024-12-21 15:47:13,718 - EMNIST_experiment - INFO - 
Starting server type: babu
2024-12-21 15:47:13,739 - EMNIST_experiment - INFO - Starting training for 10 rounds for server type babu
2024-12-21 15:49:43,773 - EMNIST_experiment - INFO - 
Starting server type: fedlp
2024-12-21 15:49:43,794 - EMNIST_experiment - INFO - Starting training for 10 rounds for server type fedlp
2024-12-21 15:51:49,198 - EMNIST_experiment - INFO - 
Starting server type: fedlama
2024-12-21 15:51:49,218 - EMNIST_experiment - INFO - Starting training for 10 rounds for server type fedlama
2024-12-21 15:53:54,442 - EMNIST_experiment - INFO - 
Starting server type: pfedla
2024-12-21 15:53:54,462 - EMNIST_experiment - INFO - Starting training for 10 rounds for server type pfedla
2024-12-21 15:56:02,072 - EMNIST_experiment - INFO - 
Starting server type: layerpfl
2024-12-21 15:56:02,098 - EMNIST_experiment - INFO - Starting training for 10 rounds for server type layerpfl
2024-12-21 15:58:08,173 - EMNIST_experiment - INFO - 
Starting server type: local
2024-12-21 15:58:08,199 - EMNIST_experiment - INFO - Starting training for 10 rounds for server type local
2024-12-21 16:00:14,366 - EMNIST_experiment - INFO - 
Starting server type: fedavg
2024-12-21 16:00:14,384 - EMNIST_experiment - INFO - Starting training for 10 rounds for server type fedavg
2024-12-21 16:02:21,102 - EMNIST_experiment - INFO - 
Starting server type: fedprox
2024-12-21 16:02:21,128 - EMNIST_experiment - INFO - Starting training for 10 rounds for server type fedprox
2024-12-21 16:04:31,610 - EMNIST_experiment - INFO - 
Starting server type: pfedme
2024-12-21 16:04:31,768 - EMNIST_experiment - INFO - Starting training for 10 rounds for server type pfedme
2024-12-21 16:06:43,124 - EMNIST_experiment - INFO - 
Starting server type: ditto
2024-12-21 16:06:43,161 - EMNIST_experiment - INFO - Starting training for 10 rounds for server type ditto
2024-12-21 16:10:55,761 - EMNIST_experiment - INFO - 
Starting server type: localadaptation
2024-12-21 16:10:55,788 - EMNIST_experiment - INFO - Starting training for 10 rounds for server type localadaptation
2024-12-21 16:13:27,333 - EMNIST_experiment - INFO - 
Starting server type: babu
2024-12-21 16:13:27,354 - EMNIST_experiment - INFO - Starting training for 10 rounds for server type babu
2024-12-21 16:15:58,375 - EMNIST_experiment - INFO - 
Starting server type: fedlp
2024-12-21 16:15:58,401 - EMNIST_experiment - INFO - Starting training for 10 rounds for server type fedlp
2024-12-21 16:18:05,064 - EMNIST_experiment - INFO - 
Starting server type: fedlama
2024-12-21 16:18:05,090 - EMNIST_experiment - INFO - Starting training for 10 rounds for server type fedlama
2024-12-21 16:20:11,634 - EMNIST_experiment - INFO - 
Starting server type: pfedla
2024-12-21 16:20:11,654 - EMNIST_experiment - INFO - Starting training for 10 rounds for server type pfedla
2024-12-21 16:22:19,305 - EMNIST_experiment - INFO - 
Starting server type: layerpfl
2024-12-21 16:22:19,334 - EMNIST_experiment - INFO - Starting training for 10 rounds for server type layerpfl
2024-12-21 16:24:26,348 - EMNIST_experiment - INFO - 
Starting server type: local
2024-12-21 16:24:26,374 - EMNIST_experiment - INFO - Starting training for 10 rounds for server type local
2024-12-21 16:26:32,506 - EMNIST_experiment - INFO - 
Starting server type: fedavg
2024-12-21 16:26:32,527 - EMNIST_experiment - INFO - Starting training for 10 rounds for server type fedavg
2024-12-21 16:28:38,995 - EMNIST_experiment - INFO - 
Starting server type: fedprox
2024-12-21 16:28:39,021 - EMNIST_experiment - INFO - Starting training for 10 rounds for server type fedprox
2024-12-21 16:30:49,737 - EMNIST_experiment - INFO - 
Starting server type: pfedme
2024-12-21 16:30:49,763 - EMNIST_experiment - INFO - Starting training for 10 rounds for server type pfedme
2024-12-21 16:33:01,425 - EMNIST_experiment - INFO - 
Starting server type: ditto
2024-12-21 16:33:01,463 - EMNIST_experiment - INFO - Starting training for 10 rounds for server type ditto
2024-12-21 16:37:14,581 - EMNIST_experiment - INFO - 
Starting server type: localadaptation
2024-12-21 16:37:14,607 - EMNIST_experiment - INFO - Starting training for 10 rounds for server type localadaptation
2024-12-21 16:39:46,119 - EMNIST_experiment - INFO - 
Starting server type: babu
2024-12-21 16:39:46,140 - EMNIST_experiment - INFO - Starting training for 10 rounds for server type babu
2024-12-21 16:42:17,407 - EMNIST_experiment - INFO - 
Starting server type: fedlp
2024-12-21 16:42:17,433 - EMNIST_experiment - INFO - Starting training for 10 rounds for server type fedlp
2024-12-21 16:44:23,862 - EMNIST_experiment - INFO - 
Starting server type: fedlama
2024-12-21 16:44:23,888 - EMNIST_experiment - INFO - Starting training for 10 rounds for server type fedlama
2024-12-21 16:46:30,155 - EMNIST_experiment - INFO - 
Starting server type: pfedla
2024-12-21 16:46:30,184 - EMNIST_experiment - INFO - Starting training for 10 rounds for server type pfedla
2024-12-21 16:48:37,675 - EMNIST_experiment - INFO - 
Starting server type: layerpfl
2024-12-21 16:48:37,704 - EMNIST_experiment - INFO - Starting training for 10 rounds for server type layerpfl
2024-12-21 16:50:44,733 - EMNIST_experiment - INFO - 
Starting server type: local
2024-12-21 16:50:44,759 - EMNIST_experiment - INFO - Starting training for 10 rounds for server type local
2024-12-21 16:52:51,263 - EMNIST_experiment - INFO - 
Starting server type: fedavg
2024-12-21 16:52:51,281 - EMNIST_experiment - INFO - Starting training for 10 rounds for server type fedavg
2024-12-21 16:54:57,818 - EMNIST_experiment - INFO - 
Starting server type: fedprox
2024-12-21 16:54:57,844 - EMNIST_experiment - INFO - Starting training for 10 rounds for server type fedprox
2024-12-21 16:57:08,716 - EMNIST_experiment - INFO - 
Starting server type: pfedme
2024-12-21 16:57:08,753 - EMNIST_experiment - INFO - Starting training for 10 rounds for server type pfedme
2024-12-21 16:59:20,308 - EMNIST_experiment - INFO - 
Starting server type: ditto
2024-12-21 16:59:20,349 - EMNIST_experiment - INFO - Starting training for 10 rounds for server type ditto
2024-12-21 17:03:33,367 - EMNIST_experiment - INFO - 
Starting server type: localadaptation
2024-12-21 17:03:33,394 - EMNIST_experiment - INFO - Starting training for 10 rounds for server type localadaptation
2024-12-21 17:06:05,188 - EMNIST_experiment - INFO - 
Starting server type: babu
2024-12-21 17:06:05,210 - EMNIST_experiment - INFO - Starting training for 10 rounds for server type babu
2024-12-21 17:08:36,292 - EMNIST_experiment - INFO - 
Starting server type: fedlp
2024-12-21 17:08:36,313 - EMNIST_experiment - INFO - Starting training for 10 rounds for server type fedlp
2024-12-21 17:10:42,949 - EMNIST_experiment - INFO - 
Starting server type: fedlama
2024-12-21 17:10:42,975 - EMNIST_experiment - INFO - Starting training for 10 rounds for server type fedlama
2024-12-21 17:12:49,267 - EMNIST_experiment - INFO - 
Starting server type: pfedla
2024-12-21 17:12:49,302 - EMNIST_experiment - INFO - Starting training for 10 rounds for server type pfedla
2024-12-21 17:14:56,580 - EMNIST_experiment - INFO - 
Starting server type: layerpfl
2024-12-21 17:14:56,609 - EMNIST_experiment - INFO - Starting training for 10 rounds for server type layerpfl
2024-12-21 17:17:03,968 - EMNIST_experiment - INFO - 
Starting server type: local
2024-12-21 17:17:03,994 - EMNIST_experiment - INFO - Starting training for 10 rounds for server type local
2024-12-21 17:19:10,350 - EMNIST_experiment - INFO - 
Starting server type: fedavg
2024-12-21 17:19:10,371 - EMNIST_experiment - INFO - Starting training for 10 rounds for server type fedavg
2024-12-21 17:21:16,923 - EMNIST_experiment - INFO - 
Starting server type: fedprox
2024-12-21 17:21:16,949 - EMNIST_experiment - INFO - Starting training for 10 rounds for server type fedprox
2024-12-21 17:23:27,951 - EMNIST_experiment - INFO - 
Starting server type: pfedme
2024-12-21 17:23:28,112 - EMNIST_experiment - INFO - Starting training for 10 rounds for server type pfedme
2024-12-21 17:25:39,709 - EMNIST_experiment - INFO - 
Starting server type: ditto
2024-12-21 17:25:39,752 - EMNIST_experiment - INFO - Starting training for 10 rounds for server type ditto
2024-12-21 17:29:53,034 - EMNIST_experiment - INFO - 
Starting server type: localadaptation
2024-12-21 17:29:53,061 - EMNIST_experiment - INFO - Starting training for 10 rounds for server type localadaptation
2024-12-21 17:32:25,019 - EMNIST_experiment - INFO - 
Starting server type: babu
2024-12-21 17:32:25,045 - EMNIST_experiment - INFO - Starting training for 10 rounds for server type babu
2024-12-21 17:34:56,352 - EMNIST_experiment - INFO - 
Starting server type: fedlp
2024-12-21 17:34:56,373 - EMNIST_experiment - INFO - Starting training for 10 rounds for server type fedlp
2024-12-21 17:37:03,134 - EMNIST_experiment - INFO - 
Starting server type: fedlama
2024-12-21 17:37:03,160 - EMNIST_experiment - INFO - Starting training for 10 rounds for server type fedlama
2024-12-21 17:39:09,629 - EMNIST_experiment - INFO - 
Starting server type: pfedla
2024-12-21 17:39:09,658 - EMNIST_experiment - INFO - Starting training for 10 rounds for server type pfedla
2024-12-21 17:41:17,066 - EMNIST_experiment - INFO - 
Starting server type: layerpfl
2024-12-21 17:41:17,095 - EMNIST_experiment - INFO - Starting training for 10 rounds for server type layerpfl
2024-12-21 17:43:23,899 - EMNIST_experiment - INFO - 
Starting Run 3/5
2024-12-21 17:43:24,529 - EMNIST_experiment - INFO - 
Starting server type: local
2024-12-21 17:43:24,555 - EMNIST_experiment - INFO - Starting training for 10 rounds for server type local
2024-12-21 17:45:30,637 - EMNIST_experiment - INFO - 
Starting server type: fedavg
2024-12-21 17:45:30,663 - EMNIST_experiment - INFO - Starting training for 10 rounds for server type fedavg
2024-12-21 17:47:37,197 - EMNIST_experiment - INFO - 
Starting server type: fedprox
2024-12-21 17:47:37,223 - EMNIST_experiment - INFO - Starting training for 10 rounds for server type fedprox
2024-12-21 17:49:46,802 - EMNIST_experiment - INFO - 
Starting server type: pfedme
2024-12-21 17:49:46,843 - EMNIST_experiment - INFO - Starting training for 10 rounds for server type pfedme
2024-12-21 17:51:58,334 - EMNIST_experiment - INFO - 
Starting server type: ditto
2024-12-21 17:51:58,375 - EMNIST_experiment - INFO - Starting training for 10 rounds for server type ditto
2024-12-21 17:56:10,826 - EMNIST_experiment - INFO - 
Starting server type: localadaptation
2024-12-21 17:56:10,854 - EMNIST_experiment - INFO - Starting training for 10 rounds for server type localadaptation
2024-12-21 17:58:41,195 - EMNIST_experiment - INFO - 
Starting server type: babu
2024-12-21 17:58:41,217 - EMNIST_experiment - INFO - Starting training for 10 rounds for server type babu
2024-12-21 18:01:10,819 - EMNIST_experiment - INFO - 
Starting server type: fedlp
2024-12-21 18:01:10,846 - EMNIST_experiment - INFO - Starting training for 10 rounds for server type fedlp
2024-12-21 18:03:16,073 - EMNIST_experiment - INFO - 
Starting server type: fedlama
2024-12-21 18:03:16,102 - EMNIST_experiment - INFO - Starting training for 10 rounds for server type fedlama
2024-12-21 18:05:21,701 - EMNIST_experiment - INFO - 
Starting server type: pfedla
2024-12-21 18:05:21,731 - EMNIST_experiment - INFO - Starting training for 10 rounds for server type pfedla
2024-12-21 18:07:29,272 - EMNIST_experiment - INFO - 
Starting server type: layerpfl
2024-12-21 18:07:29,302 - EMNIST_experiment - INFO - Starting training for 10 rounds for server type layerpfl
2024-12-21 18:09:35,492 - EMNIST_experiment - INFO - 
Starting server type: local
2024-12-21 18:09:35,518 - EMNIST_experiment - INFO - Starting training for 10 rounds for server type local
2024-12-21 18:11:41,991 - EMNIST_experiment - INFO - 
Starting server type: fedavg
2024-12-21 18:11:42,017 - EMNIST_experiment - INFO - Starting training for 10 rounds for server type fedavg
2024-12-21 18:13:48,476 - EMNIST_experiment - INFO - 
Starting server type: fedprox
2024-12-21 18:13:48,496 - EMNIST_experiment - INFO - Starting training for 10 rounds for server type fedprox
2024-12-21 18:15:59,396 - EMNIST_experiment - INFO - 
Starting server type: pfedme
2024-12-21 18:15:59,437 - EMNIST_experiment - INFO - Starting training for 10 rounds for server type pfedme
2024-12-21 18:18:10,899 - EMNIST_experiment - INFO - 
Starting server type: ditto
2024-12-21 18:18:10,937 - EMNIST_experiment - INFO - Starting training for 10 rounds for server type ditto
2024-12-21 18:22:23,986 - EMNIST_experiment - INFO - 
Starting server type: localadaptation
2024-12-21 18:22:24,013 - EMNIST_experiment - INFO - Starting training for 10 rounds for server type localadaptation
2024-12-21 18:24:55,700 - EMNIST_experiment - INFO - 
Starting server type: babu
2024-12-21 18:24:55,727 - EMNIST_experiment - INFO - Starting training for 10 rounds for server type babu
2024-12-21 18:27:26,947 - EMNIST_experiment - INFO - 
Starting server type: fedlp
2024-12-21 18:27:26,976 - EMNIST_experiment - INFO - Starting training for 10 rounds for server type fedlp
2024-12-21 18:29:33,236 - EMNIST_experiment - INFO - 
Starting server type: fedlama
2024-12-21 18:29:33,262 - EMNIST_experiment - INFO - Starting training for 10 rounds for server type fedlama
2024-12-21 18:31:39,541 - EMNIST_experiment - INFO - 
Starting server type: pfedla
2024-12-21 18:31:39,570 - EMNIST_experiment - INFO - Starting training for 10 rounds for server type pfedla
2024-12-21 18:33:47,010 - EMNIST_experiment - INFO - 
Starting server type: layerpfl
2024-12-21 18:33:47,043 - EMNIST_experiment - INFO - Starting training for 10 rounds for server type layerpfl
2024-12-21 18:35:53,989 - EMNIST_experiment - INFO - 
Starting server type: local
2024-12-21 18:35:54,139 - EMNIST_experiment - INFO - Starting training for 10 rounds for server type local
2024-12-21 18:38:00,293 - EMNIST_experiment - INFO - 
Starting server type: fedavg
2024-12-21 18:38:00,319 - EMNIST_experiment - INFO - Starting training for 10 rounds for server type fedavg
2024-12-21 18:40:06,615 - EMNIST_experiment - INFO - 
Starting server type: fedprox
2024-12-21 18:40:06,641 - EMNIST_experiment - INFO - Starting training for 10 rounds for server type fedprox
2024-12-21 18:42:17,625 - EMNIST_experiment - INFO - 
Starting server type: pfedme
2024-12-21 18:42:17,668 - EMNIST_experiment - INFO - Starting training for 10 rounds for server type pfedme
2024-12-21 18:44:29,085 - EMNIST_experiment - INFO - 
Starting server type: ditto
2024-12-21 18:44:29,123 - EMNIST_experiment - INFO - Starting training for 10 rounds for server type ditto
2024-12-21 18:48:42,321 - EMNIST_experiment - INFO - 
Starting server type: localadaptation
2024-12-21 18:48:42,348 - EMNIST_experiment - INFO - Starting training for 10 rounds for server type localadaptation
2024-12-21 18:51:14,079 - EMNIST_experiment - INFO - 
Starting server type: babu
2024-12-21 18:51:14,101 - EMNIST_experiment - INFO - Starting training for 10 rounds for server type babu
2024-12-21 18:53:45,253 - EMNIST_experiment - INFO - 
Starting server type: fedlp
2024-12-21 18:53:45,280 - EMNIST_experiment - INFO - Starting training for 10 rounds for server type fedlp
2024-12-21 18:55:51,704 - EMNIST_experiment - INFO - 
Starting server type: fedlama
2024-12-21 18:55:51,730 - EMNIST_experiment - INFO - Starting training for 10 rounds for server type fedlama
2024-12-21 18:57:58,097 - EMNIST_experiment - INFO - 
Starting server type: pfedla
2024-12-21 18:57:58,126 - EMNIST_experiment - INFO - Starting training for 10 rounds for server type pfedla
2024-12-21 19:00:05,540 - EMNIST_experiment - INFO - 
Starting server type: layerpfl
2024-12-21 19:00:05,566 - EMNIST_experiment - INFO - Starting training for 10 rounds for server type layerpfl
2024-12-21 19:02:12,900 - EMNIST_experiment - INFO - 
Starting server type: local
2024-12-21 19:02:12,926 - EMNIST_experiment - INFO - Starting training for 10 rounds for server type local
2024-12-21 19:04:19,721 - EMNIST_experiment - INFO - 
Starting server type: fedavg
2024-12-21 19:04:19,747 - EMNIST_experiment - INFO - Starting training for 10 rounds for server type fedavg
2024-12-21 19:06:26,325 - EMNIST_experiment - INFO - 
Starting server type: fedprox
2024-12-21 19:06:26,352 - EMNIST_experiment - INFO - Starting training for 10 rounds for server type fedprox
2024-12-21 19:08:37,339 - EMNIST_experiment - INFO - 
Starting server type: pfedme
2024-12-21 19:08:37,376 - EMNIST_experiment - INFO - Starting training for 10 rounds for server type pfedme
2024-12-21 19:10:49,149 - EMNIST_experiment - INFO - 
Starting server type: ditto
2024-12-21 19:10:49,190 - EMNIST_experiment - INFO - Starting training for 10 rounds for server type ditto
2024-12-21 19:15:02,445 - EMNIST_experiment - INFO - 
Starting server type: localadaptation
2024-12-21 19:15:02,472 - EMNIST_experiment - INFO - Starting training for 10 rounds for server type localadaptation
2024-12-21 19:17:34,661 - EMNIST_experiment - INFO - 
Starting server type: babu
2024-12-21 19:17:34,688 - EMNIST_experiment - INFO - Starting training for 10 rounds for server type babu
2024-12-21 19:20:06,299 - EMNIST_experiment - INFO - 
Starting server type: fedlp
2024-12-21 19:20:06,326 - EMNIST_experiment - INFO - Starting training for 10 rounds for server type fedlp
2024-12-21 19:22:13,259 - EMNIST_experiment - INFO - 
Starting server type: fedlama
2024-12-21 19:22:13,285 - EMNIST_experiment - INFO - Starting training for 10 rounds for server type fedlama
2024-12-21 19:24:19,808 - EMNIST_experiment - INFO - 
Starting server type: pfedla
2024-12-21 19:24:19,837 - EMNIST_experiment - INFO - Starting training for 10 rounds for server type pfedla
2024-12-21 19:26:27,543 - EMNIST_experiment - INFO - 
Starting server type: layerpfl
2024-12-21 19:26:27,576 - EMNIST_experiment - INFO - Starting training for 10 rounds for server type layerpfl
2024-12-21 19:28:35,309 - EMNIST_experiment - INFO - 
Starting server type: local
2024-12-21 19:28:35,334 - EMNIST_experiment - INFO - Starting training for 10 rounds for server type local
2024-12-21 19:30:42,391 - EMNIST_experiment - INFO - 
Starting server type: fedavg
2024-12-21 19:30:42,417 - EMNIST_experiment - INFO - Starting training for 10 rounds for server type fedavg
2024-12-21 19:32:49,494 - EMNIST_experiment - INFO - 
Starting server type: fedprox
2024-12-21 19:32:49,520 - EMNIST_experiment - INFO - Starting training for 10 rounds for server type fedprox
2024-12-21 19:35:00,726 - EMNIST_experiment - INFO - 
Starting server type: pfedme
2024-12-21 19:35:00,764 - EMNIST_experiment - INFO - Starting training for 10 rounds for server type pfedme
2024-12-21 19:37:12,767 - EMNIST_experiment - INFO - 
Starting server type: ditto
2024-12-21 19:37:12,805 - EMNIST_experiment - INFO - Starting training for 10 rounds for server type ditto
2024-12-21 19:41:25,997 - EMNIST_experiment - INFO - 
Starting server type: localadaptation
2024-12-21 19:41:26,024 - EMNIST_experiment - INFO - Starting training for 10 rounds for server type localadaptation
2024-12-21 19:43:58,446 - EMNIST_experiment - INFO - 
Starting server type: babu
2024-12-21 19:43:58,588 - EMNIST_experiment - INFO - Starting training for 10 rounds for server type babu
2024-12-21 19:46:30,173 - EMNIST_experiment - INFO - 
Starting server type: fedlp
2024-12-21 19:46:30,194 - EMNIST_experiment - INFO - Starting training for 10 rounds for server type fedlp
2024-12-21 19:48:37,512 - EMNIST_experiment - INFO - 
Starting server type: fedlama
2024-12-21 19:48:37,538 - EMNIST_experiment - INFO - Starting training for 10 rounds for server type fedlama
2024-12-21 19:50:44,406 - EMNIST_experiment - INFO - 
Starting server type: pfedla
2024-12-21 19:50:44,435 - EMNIST_experiment - INFO - Starting training for 10 rounds for server type pfedla
2024-12-21 19:52:52,557 - EMNIST_experiment - INFO - 
Starting server type: layerpfl
2024-12-21 19:52:52,584 - EMNIST_experiment - INFO - Starting training for 10 rounds for server type layerpfl
2024-12-21 19:55:00,043 - EMNIST_experiment - INFO - 
Starting Run 4/5
2024-12-21 19:55:00,710 - EMNIST_experiment - INFO - 
Starting server type: local
2024-12-21 19:55:00,736 - EMNIST_experiment - INFO - Starting training for 10 rounds for server type local
2024-12-21 19:57:06,807 - EMNIST_experiment - INFO - 
Starting server type: fedavg
2024-12-21 19:57:06,830 - EMNIST_experiment - INFO - Starting training for 10 rounds for server type fedavg
2024-12-21 19:59:12,660 - EMNIST_experiment - INFO - 
Starting server type: fedprox
2024-12-21 19:59:12,689 - EMNIST_experiment - INFO - Starting training for 10 rounds for server type fedprox
2024-12-21 20:01:22,695 - EMNIST_experiment - INFO - 
Starting server type: pfedme
2024-12-21 20:01:22,735 - EMNIST_experiment - INFO - Starting training for 10 rounds for server type pfedme
2024-12-21 20:03:34,594 - EMNIST_experiment - INFO - 
Starting server type: ditto
2024-12-21 20:03:34,631 - EMNIST_experiment - INFO - Starting training for 10 rounds for server type ditto
2024-12-21 20:07:48,280 - EMNIST_experiment - INFO - 
Starting server type: localadaptation
2024-12-21 20:07:48,307 - EMNIST_experiment - INFO - Starting training for 10 rounds for server type localadaptation
2024-12-21 20:10:19,229 - EMNIST_experiment - INFO - 
Starting server type: babu
2024-12-21 20:10:19,255 - EMNIST_experiment - INFO - Starting training for 10 rounds for server type babu
2024-12-21 20:12:49,945 - EMNIST_experiment - INFO - 
Starting server type: fedlp
2024-12-21 20:12:49,971 - EMNIST_experiment - INFO - Starting training for 10 rounds for server type fedlp
2024-12-21 20:14:55,999 - EMNIST_experiment - INFO - 
Starting server type: fedlama
2024-12-21 20:14:56,020 - EMNIST_experiment - INFO - Starting training for 10 rounds for server type fedlama
2024-12-21 20:17:01,616 - EMNIST_experiment - INFO - 
Starting server type: pfedla
2024-12-21 20:17:01,645 - EMNIST_experiment - INFO - Starting training for 10 rounds for server type pfedla
2024-12-21 20:19:09,471 - EMNIST_experiment - INFO - 
Starting server type: layerpfl
2024-12-21 20:19:09,500 - EMNIST_experiment - INFO - Starting training for 10 rounds for server type layerpfl
2024-12-21 20:21:17,006 - EMNIST_experiment - INFO - 
Starting server type: local
2024-12-21 20:21:17,032 - EMNIST_experiment - INFO - Starting training for 10 rounds for server type local
2024-12-21 20:23:23,765 - EMNIST_experiment - INFO - 
Starting server type: fedavg
2024-12-21 20:23:23,786 - EMNIST_experiment - INFO - Starting training for 10 rounds for server type fedavg
2024-12-21 20:25:30,735 - EMNIST_experiment - INFO - 
Starting server type: fedprox
2024-12-21 20:25:30,761 - EMNIST_experiment - INFO - Starting training for 10 rounds for server type fedprox
2024-12-21 20:27:42,020 - EMNIST_experiment - INFO - 
Starting server type: pfedme
2024-12-21 20:27:42,061 - EMNIST_experiment - INFO - Starting training for 10 rounds for server type pfedme
2024-12-21 20:29:53,910 - EMNIST_experiment - INFO - 
Starting server type: ditto
2024-12-21 20:29:53,948 - EMNIST_experiment - INFO - Starting training for 10 rounds for server type ditto
2024-12-21 20:34:07,394 - EMNIST_experiment - INFO - 
Starting server type: localadaptation
2024-12-21 20:34:07,416 - EMNIST_experiment - INFO - Starting training for 10 rounds for server type localadaptation
2024-12-21 20:36:39,696 - EMNIST_experiment - INFO - 
Starting server type: babu
2024-12-21 20:36:39,717 - EMNIST_experiment - INFO - Starting training for 10 rounds for server type babu
2024-12-21 20:39:11,861 - EMNIST_experiment - INFO - 
Starting server type: fedlp
2024-12-21 20:39:11,891 - EMNIST_experiment - INFO - Starting training for 10 rounds for server type fedlp
2024-12-21 20:41:18,852 - EMNIST_experiment - INFO - 
Starting server type: fedlama
2024-12-21 20:41:18,878 - EMNIST_experiment - INFO - Starting training for 10 rounds for server type fedlama
2024-12-21 20:43:25,389 - EMNIST_experiment - INFO - 
Starting server type: pfedla
2024-12-21 20:43:25,418 - EMNIST_experiment - INFO - Starting training for 10 rounds for server type pfedla
2024-12-21 20:45:33,449 - EMNIST_experiment - INFO - 
Starting server type: layerpfl
2024-12-21 20:45:33,476 - EMNIST_experiment - INFO - Starting training for 10 rounds for server type layerpfl
2024-12-21 20:47:40,716 - EMNIST_experiment - INFO - 
Starting server type: local
2024-12-21 20:47:40,742 - EMNIST_experiment - INFO - Starting training for 10 rounds for server type local
2024-12-21 20:49:47,298 - EMNIST_experiment - INFO - 
Starting server type: fedavg
2024-12-21 20:49:47,319 - EMNIST_experiment - INFO - Starting training for 10 rounds for server type fedavg
2024-12-21 20:51:54,258 - EMNIST_experiment - INFO - 
Starting server type: fedprox
2024-12-21 20:51:54,284 - EMNIST_experiment - INFO - Starting training for 10 rounds for server type fedprox
2024-12-21 20:54:05,597 - EMNIST_experiment - INFO - 
Starting server type: pfedme
2024-12-21 20:54:05,634 - EMNIST_experiment - INFO - Starting training for 10 rounds for server type pfedme
2024-12-21 20:56:17,802 - EMNIST_experiment - INFO - 
Starting server type: ditto
2024-12-21 20:56:17,968 - EMNIST_experiment - INFO - Starting training for 10 rounds for server type ditto
2024-12-21 21:00:31,799 - EMNIST_experiment - INFO - 
Starting server type: localadaptation
2024-12-21 21:00:31,825 - EMNIST_experiment - INFO - Starting training for 10 rounds for server type localadaptation
2024-12-21 21:03:04,288 - EMNIST_experiment - INFO - 
Starting server type: babu
2024-12-21 21:03:04,311 - EMNIST_experiment - INFO - Starting training for 10 rounds for server type babu
2024-12-21 21:05:36,457 - EMNIST_experiment - INFO - 
Starting server type: fedlp
2024-12-21 21:05:36,487 - EMNIST_experiment - INFO - Starting training for 10 rounds for server type fedlp
2024-12-21 21:07:43,420 - EMNIST_experiment - INFO - 
Starting server type: fedlama
2024-12-21 21:07:43,446 - EMNIST_experiment - INFO - Starting training for 10 rounds for server type fedlama
2024-12-21 21:09:50,410 - EMNIST_experiment - INFO - 
Starting server type: pfedla
2024-12-21 21:09:50,439 - EMNIST_experiment - INFO - Starting training for 10 rounds for server type pfedla
2024-12-21 21:11:58,390 - EMNIST_experiment - INFO - 
Starting server type: layerpfl
2024-12-21 21:11:58,426 - EMNIST_experiment - INFO - Starting training for 10 rounds for server type layerpfl
2024-12-21 21:14:05,983 - EMNIST_experiment - INFO - 
Starting server type: local
2024-12-21 21:14:06,009 - EMNIST_experiment - INFO - Starting training for 10 rounds for server type local
2024-12-21 21:16:13,302 - EMNIST_experiment - INFO - 
Starting server type: fedavg
2024-12-21 21:16:13,328 - EMNIST_experiment - INFO - Starting training for 10 rounds for server type fedavg
2024-12-21 21:18:20,530 - EMNIST_experiment - INFO - 
Starting server type: fedprox
2024-12-21 21:18:20,556 - EMNIST_experiment - INFO - Starting training for 10 rounds for server type fedprox
2024-12-21 21:20:32,310 - EMNIST_experiment - INFO - 
Starting server type: pfedme
2024-12-21 21:20:32,347 - EMNIST_experiment - INFO - Starting training for 10 rounds for server type pfedme
2024-12-21 21:22:44,515 - EMNIST_experiment - INFO - 
Starting server type: ditto
2024-12-21 21:22:44,556 - EMNIST_experiment - INFO - Starting training for 10 rounds for server type ditto
2024-12-21 21:26:58,752 - EMNIST_experiment - INFO - 
Starting server type: localadaptation
2024-12-21 21:26:58,779 - EMNIST_experiment - INFO - Starting training for 10 rounds for server type localadaptation
2024-12-21 21:29:31,126 - EMNIST_experiment - INFO - 
Starting server type: babu
2024-12-21 21:29:31,147 - EMNIST_experiment - INFO - Starting training for 10 rounds for server type babu
2024-12-21 21:32:03,529 - EMNIST_experiment - INFO - 
Starting server type: fedlp
2024-12-21 21:32:03,555 - EMNIST_experiment - INFO - Starting training for 10 rounds for server type fedlp
2024-12-21 21:34:10,795 - EMNIST_experiment - INFO - 
Starting server type: fedlama
2024-12-21 21:34:10,821 - EMNIST_experiment - INFO - Starting training for 10 rounds for server type fedlama
2024-12-21 21:36:17,740 - EMNIST_experiment - INFO - 
Starting server type: pfedla
2024-12-21 21:36:17,769 - EMNIST_experiment - INFO - Starting training for 10 rounds for server type pfedla
2024-12-21 21:38:25,752 - EMNIST_experiment - INFO - 
Starting server type: layerpfl
2024-12-21 21:38:25,780 - EMNIST_experiment - INFO - Starting training for 10 rounds for server type layerpfl
2024-12-21 21:40:33,748 - EMNIST_experiment - INFO - 
Starting server type: local
2024-12-21 21:40:33,774 - EMNIST_experiment - INFO - Starting training for 10 rounds for server type local
2024-12-21 21:42:41,241 - EMNIST_experiment - INFO - 
Starting server type: fedavg
2024-12-21 21:42:41,267 - EMNIST_experiment - INFO - Starting training for 10 rounds for server type fedavg
2024-12-21 21:44:48,599 - EMNIST_experiment - INFO - 
Starting server type: fedprox
2024-12-21 21:44:48,625 - EMNIST_experiment - INFO - Starting training for 10 rounds for server type fedprox
2024-12-21 21:47:00,246 - EMNIST_experiment - INFO - 
Starting server type: pfedme
2024-12-21 21:47:00,284 - EMNIST_experiment - INFO - Starting training for 10 rounds for server type pfedme
2024-12-21 21:49:12,614 - EMNIST_experiment - INFO - 
Starting server type: ditto
2024-12-21 21:49:12,652 - EMNIST_experiment - INFO - Starting training for 10 rounds for server type ditto
2024-12-21 21:53:26,769 - EMNIST_experiment - INFO - 
Starting server type: localadaptation
2024-12-21 21:53:26,796 - EMNIST_experiment - INFO - Starting training for 10 rounds for server type localadaptation
2024-12-21 21:55:59,221 - EMNIST_experiment - INFO - 
Starting server type: babu
2024-12-21 21:55:59,243 - EMNIST_experiment - INFO - Starting training for 10 rounds for server type babu
2024-12-21 21:58:31,364 - EMNIST_experiment - INFO - 
Starting server type: fedlp
2024-12-21 21:58:31,385 - EMNIST_experiment - INFO - Starting training for 10 rounds for server type fedlp
2024-12-21 22:00:38,458 - EMNIST_experiment - INFO - 
Starting server type: fedlama
2024-12-21 22:00:38,484 - EMNIST_experiment - INFO - Starting training for 10 rounds for server type fedlama
2024-12-21 22:02:45,328 - EMNIST_experiment - INFO - 
Starting server type: pfedla
2024-12-21 22:02:45,357 - EMNIST_experiment - INFO - Starting training for 10 rounds for server type pfedla
2024-12-21 22:04:53,344 - EMNIST_experiment - INFO - 
Starting server type: layerpfl
2024-12-21 22:04:53,371 - EMNIST_experiment - INFO - Starting training for 10 rounds for server type layerpfl
2024-12-21 22:07:00,735 - EMNIST_experiment - INFO - 
Starting Run 5/5
2024-12-21 22:07:01,364 - EMNIST_experiment - INFO - 
Starting server type: local
2024-12-21 22:07:01,391 - EMNIST_experiment - INFO - Starting training for 10 rounds for server type local
2024-12-21 22:09:07,834 - EMNIST_experiment - INFO - 
Starting server type: fedavg
2024-12-21 22:09:07,858 - EMNIST_experiment - INFO - Starting training for 10 rounds for server type fedavg
2024-12-21 22:11:13,787 - EMNIST_experiment - INFO - 
Starting server type: fedprox
2024-12-21 22:11:13,816 - EMNIST_experiment - INFO - Starting training for 10 rounds for server type fedprox
2024-12-21 22:13:24,648 - EMNIST_experiment - INFO - 
Starting server type: pfedme
2024-12-21 22:13:24,807 - EMNIST_experiment - INFO - Starting training for 10 rounds for server type pfedme
2024-12-21 22:15:36,524 - EMNIST_experiment - INFO - 
Starting server type: ditto
2024-12-21 22:15:36,566 - EMNIST_experiment - INFO - Starting training for 10 rounds for server type ditto
2024-12-21 22:19:49,965 - EMNIST_experiment - INFO - 
Starting server type: localadaptation
2024-12-21 22:19:49,992 - EMNIST_experiment - INFO - Starting training for 10 rounds for server type localadaptation
2024-12-21 22:22:22,423 - EMNIST_experiment - INFO - 
Starting server type: babu
2024-12-21 22:22:22,449 - EMNIST_experiment - INFO - Starting training for 10 rounds for server type babu
2024-12-21 22:24:54,670 - EMNIST_experiment - INFO - 
Starting server type: fedlp
2024-12-21 22:24:54,696 - EMNIST_experiment - INFO - Starting training for 10 rounds for server type fedlp
2024-12-21 22:27:00,598 - EMNIST_experiment - INFO - 
Starting server type: fedlama
2024-12-21 22:27:00,626 - EMNIST_experiment - INFO - Starting training for 10 rounds for server type fedlama
2024-12-21 22:29:06,747 - EMNIST_experiment - INFO - 
Starting server type: pfedla
2024-12-21 22:29:06,776 - EMNIST_experiment - INFO - Starting training for 10 rounds for server type pfedla
2024-12-21 22:31:14,872 - EMNIST_experiment - INFO - 
Starting server type: layerpfl
2024-12-21 22:31:14,906 - EMNIST_experiment - INFO - Starting training for 10 rounds for server type layerpfl
2024-12-21 22:33:21,735 - EMNIST_experiment - INFO - 
Starting server type: local
2024-12-21 22:33:21,760 - EMNIST_experiment - INFO - Starting training for 10 rounds for server type local
2024-12-21 22:35:28,584 - EMNIST_experiment - INFO - 
Starting server type: fedavg
2024-12-21 22:35:28,610 - EMNIST_experiment - INFO - Starting training for 10 rounds for server type fedavg
2024-12-21 22:37:35,518 - EMNIST_experiment - INFO - 
Starting server type: fedprox
2024-12-21 22:37:35,544 - EMNIST_experiment - INFO - Starting training for 10 rounds for server type fedprox
2024-12-21 22:39:46,791 - EMNIST_experiment - INFO - 
Starting server type: pfedme
2024-12-21 22:39:46,828 - EMNIST_experiment - INFO - Starting training for 10 rounds for server type pfedme
2024-12-21 22:41:58,580 - EMNIST_experiment - INFO - 
Starting server type: ditto
2024-12-21 22:41:58,618 - EMNIST_experiment - INFO - Starting training for 10 rounds for server type ditto
2024-12-21 22:46:12,240 - EMNIST_experiment - INFO - 
Starting server type: localadaptation
2024-12-21 22:46:12,267 - EMNIST_experiment - INFO - Starting training for 10 rounds for server type localadaptation
2024-12-21 22:48:44,844 - EMNIST_experiment - INFO - 
Starting server type: babu
2024-12-21 22:48:44,863 - EMNIST_experiment - INFO - Starting training for 10 rounds for server type babu
2024-12-21 22:51:16,993 - EMNIST_experiment - INFO - 
Starting server type: fedlp
2024-12-21 22:51:17,019 - EMNIST_experiment - INFO - Starting training for 10 rounds for server type fedlp
2024-12-21 22:53:24,065 - EMNIST_experiment - INFO - 
Starting server type: fedlama
2024-12-21 22:53:24,094 - EMNIST_experiment - INFO - Starting training for 10 rounds for server type fedlama
2024-12-21 22:55:30,953 - EMNIST_experiment - INFO - 
Starting server type: pfedla
2024-12-21 22:55:30,982 - EMNIST_experiment - INFO - Starting training for 10 rounds for server type pfedla
2024-12-21 22:57:38,835 - EMNIST_experiment - INFO - 
Starting server type: layerpfl
2024-12-21 22:57:38,867 - EMNIST_experiment - INFO - Starting training for 10 rounds for server type layerpfl
2024-12-21 22:59:46,843 - EMNIST_experiment - INFO - 
Starting server type: local
2024-12-21 22:59:46,869 - EMNIST_experiment - INFO - Starting training for 10 rounds for server type local
2024-12-21 23:01:53,669 - EMNIST_experiment - INFO - 
Starting server type: fedavg
2024-12-21 23:01:53,694 - EMNIST_experiment - INFO - Starting training for 10 rounds for server type fedavg
2024-12-21 23:04:00,817 - EMNIST_experiment - INFO - 
Starting server type: fedprox
2024-12-21 23:04:00,844 - EMNIST_experiment - INFO - Starting training for 10 rounds for server type fedprox
2024-12-21 23:06:12,346 - EMNIST_experiment - INFO - 
Starting server type: pfedme
2024-12-21 23:06:12,383 - EMNIST_experiment - INFO - Starting training for 10 rounds for server type pfedme
2024-12-21 23:08:24,470 - EMNIST_experiment - INFO - 
Starting server type: ditto
2024-12-21 23:08:24,509 - EMNIST_experiment - INFO - Starting training for 10 rounds for server type ditto
2024-12-21 23:12:38,445 - EMNIST_experiment - INFO - 
Starting server type: localadaptation
2024-12-21 23:12:38,472 - EMNIST_experiment - INFO - Starting training for 10 rounds for server type localadaptation
2024-12-21 23:15:10,886 - EMNIST_experiment - INFO - 
Starting server type: babu
2024-12-21 23:15:10,908 - EMNIST_experiment - INFO - Starting training for 10 rounds for server type babu
2024-12-21 23:17:42,948 - EMNIST_experiment - INFO - 
Starting server type: fedlp
2024-12-21 23:17:43,115 - EMNIST_experiment - INFO - Starting training for 10 rounds for server type fedlp
2024-12-21 23:19:50,281 - EMNIST_experiment - INFO - 
Starting server type: fedlama
2024-12-21 23:19:50,307 - EMNIST_experiment - INFO - Starting training for 10 rounds for server type fedlama
2024-12-21 23:21:57,178 - EMNIST_experiment - INFO - 
Starting server type: pfedla
2024-12-21 23:21:57,207 - EMNIST_experiment - INFO - Starting training for 10 rounds for server type pfedla
2024-12-21 23:24:05,272 - EMNIST_experiment - INFO - 
Starting server type: layerpfl
2024-12-21 23:24:05,302 - EMNIST_experiment - INFO - Starting training for 10 rounds for server type layerpfl
2024-12-21 23:26:13,380 - EMNIST_experiment - INFO - 
Starting server type: local
2024-12-21 23:26:13,407 - EMNIST_experiment - INFO - Starting training for 10 rounds for server type local
2024-12-21 23:28:20,643 - EMNIST_experiment - INFO - 
Starting server type: fedavg
2024-12-21 23:28:20,669 - EMNIST_experiment - INFO - Starting training for 10 rounds for server type fedavg
2024-12-21 23:30:27,923 - EMNIST_experiment - INFO - 
Starting server type: fedprox
2024-12-21 23:30:27,949 - EMNIST_experiment - INFO - Starting training for 10 rounds for server type fedprox
2024-12-21 23:32:39,966 - EMNIST_experiment - INFO - 
Starting server type: pfedme
2024-12-21 23:32:40,003 - EMNIST_experiment - INFO - Starting training for 10 rounds for server type pfedme
2024-12-21 23:34:52,136 - EMNIST_experiment - INFO - 
Starting server type: ditto
2024-12-21 23:34:52,174 - EMNIST_experiment - INFO - Starting training for 10 rounds for server type ditto
2024-12-21 23:39:06,567 - EMNIST_experiment - INFO - 
Starting server type: localadaptation
2024-12-21 23:39:06,594 - EMNIST_experiment - INFO - Starting training for 10 rounds for server type localadaptation
2024-12-21 23:41:38,932 - EMNIST_experiment - INFO - 
Starting server type: babu
2024-12-21 23:41:38,954 - EMNIST_experiment - INFO - Starting training for 10 rounds for server type babu
2024-12-21 23:44:10,807 - EMNIST_experiment - INFO - 
Starting server type: fedlp
2024-12-21 23:44:10,828 - EMNIST_experiment - INFO - Starting training for 10 rounds for server type fedlp
2024-12-21 23:46:17,804 - EMNIST_experiment - INFO - 
Starting server type: fedlama
2024-12-21 23:46:17,830 - EMNIST_experiment - INFO - Starting training for 10 rounds for server type fedlama
2024-12-21 23:48:24,511 - EMNIST_experiment - INFO - 
Starting server type: pfedla
2024-12-21 23:48:24,540 - EMNIST_experiment - INFO - Starting training for 10 rounds for server type pfedla
2024-12-21 23:50:32,308 - EMNIST_experiment - INFO - 
Starting server type: layerpfl
2024-12-21 23:50:32,340 - EMNIST_experiment - INFO - Starting training for 10 rounds for server type layerpfl
2024-12-21 23:52:40,077 - EMNIST_experiment - INFO - 
Starting server type: local
2024-12-21 23:52:40,104 - EMNIST_experiment - INFO - Starting training for 10 rounds for server type local
2024-12-21 23:54:47,368 - EMNIST_experiment - INFO - 
Starting server type: fedavg
2024-12-21 23:54:47,394 - EMNIST_experiment - INFO - Starting training for 10 rounds for server type fedavg
2024-12-21 23:56:54,691 - EMNIST_experiment - INFO - 
Starting server type: fedprox
2024-12-21 23:56:54,717 - EMNIST_experiment - INFO - Starting training for 10 rounds for server type fedprox
2024-12-21 23:59:06,289 - EMNIST_experiment - INFO - 
Starting server type: pfedme
2024-12-21 23:59:06,326 - EMNIST_experiment - INFO - Starting training for 10 rounds for server type pfedme
2024-12-22 00:01:18,476 - EMNIST_experiment - INFO - 
Starting server type: ditto
2024-12-22 00:01:18,515 - EMNIST_experiment - INFO - Starting training for 10 rounds for server type ditto
2024-12-22 00:05:32,876 - EMNIST_experiment - INFO - 
Starting server type: localadaptation
2024-12-22 00:05:32,903 - EMNIST_experiment - INFO - Starting training for 10 rounds for server type localadaptation
2024-12-22 00:08:05,473 - EMNIST_experiment - INFO - 
Starting server type: babu
2024-12-22 00:08:05,495 - EMNIST_experiment - INFO - Starting training for 10 rounds for server type babu
2024-12-22 00:10:36,932 - EMNIST_experiment - INFO - 
Starting server type: fedlp
2024-12-22 00:10:36,957 - EMNIST_experiment - INFO - Starting training for 10 rounds for server type fedlp
2024-12-22 00:12:44,409 - EMNIST_experiment - INFO - 
Starting server type: fedlama
2024-12-22 00:12:44,435 - EMNIST_experiment - INFO - Starting training for 10 rounds for server type fedlama
2024-12-22 00:14:51,276 - EMNIST_experiment - INFO - 
Starting server type: pfedla
2024-12-22 00:14:51,311 - EMNIST_experiment - INFO - Starting training for 10 rounds for server type pfedla
2024-12-22 00:16:59,526 - EMNIST_experiment - INFO - 
Starting server type: layerpfl
2024-12-22 00:16:59,555 - EMNIST_experiment - INFO - Starting training for 10 rounds for server type layerpfl
