2024-12-21 13:20:27,228 - FMNIST_experiment - INFO - Starting hyperparameter tuning experiment
2024-12-21 13:20:27,231 - FMNIST_experiment - INFO - Testing learning rates: [0.001, 0.0005, 0.0001, 8e-05]
2024-12-21 13:20:27,234 - FMNIST_experiment - INFO - 
Starting Run 1/5
2024-12-21 13:20:27,385 - FMNIST_experiment - INFO - 
Starting server type: local
2024-12-21 13:20:27,595 - FMNIST_experiment - INFO - Starting training for 10 rounds for server type local
2024-12-21 13:21:55,896 - FMNIST_experiment - INFO - 
Starting server type: fedavg
2024-12-21 13:21:55,922 - FMNIST_experiment - INFO - Starting training for 10 rounds for server type fedavg
2024-12-21 13:23:22,545 - FMNIST_experiment - INFO - 
Starting server type: fedprox
2024-12-21 13:23:22,572 - FMNIST_experiment - INFO - Starting training for 10 rounds for server type fedprox
2024-12-21 13:24:51,485 - FMNIST_experiment - INFO - 
Starting server type: pfedme
2024-12-21 13:24:51,525 - FMNIST_experiment - INFO - Starting training for 10 rounds for server type pfedme
2024-12-21 13:26:20,524 - FMNIST_experiment - INFO - 
Starting server type: ditto
2024-12-21 13:26:20,562 - FMNIST_experiment - INFO - Starting training for 10 rounds for server type ditto
2024-12-21 13:29:12,411 - FMNIST_experiment - INFO - 
Starting server type: localadaptation
2024-12-21 13:29:12,438 - FMNIST_experiment - INFO - Starting training for 10 rounds for server type localadaptation
2024-12-21 13:30:55,671 - FMNIST_experiment - INFO - 
Starting server type: babu
2024-12-21 13:30:55,694 - FMNIST_experiment - INFO - Starting training for 10 rounds for server type babu
2024-12-21 13:32:38,557 - FMNIST_experiment - INFO - 
Starting server type: fedlp
2024-12-21 13:32:38,584 - FMNIST_experiment - INFO - Starting training for 10 rounds for server type fedlp
2024-12-21 13:34:04,722 - FMNIST_experiment - INFO - 
Starting server type: fedlama
2024-12-21 13:34:04,749 - FMNIST_experiment - INFO - Starting training for 10 rounds for server type fedlama
2024-12-21 13:35:30,989 - FMNIST_experiment - INFO - 
Starting server type: pfedla
2024-12-21 13:35:31,018 - FMNIST_experiment - INFO - Starting training for 10 rounds for server type pfedla
2024-12-21 13:36:57,946 - FMNIST_experiment - INFO - 
Starting server type: layerpfl
2024-12-21 13:36:57,973 - FMNIST_experiment - INFO - Starting training for 10 rounds for server type layerpfl
2024-12-21 13:38:24,281 - FMNIST_experiment - INFO - 
Starting server type: local
2024-12-21 13:38:24,438 - FMNIST_experiment - INFO - Starting training for 10 rounds for server type local
2024-12-21 13:39:50,801 - FMNIST_experiment - INFO - 
Starting server type: fedavg
2024-12-21 13:39:50,827 - FMNIST_experiment - INFO - Starting training for 10 rounds for server type fedavg
2024-12-21 13:41:17,061 - FMNIST_experiment - INFO - 
Starting server type: fedprox
2024-12-21 13:41:17,087 - FMNIST_experiment - INFO - Starting training for 10 rounds for server type fedprox
2024-12-21 13:42:45,974 - FMNIST_experiment - INFO - 
Starting server type: pfedme
2024-12-21 13:42:46,012 - FMNIST_experiment - INFO - Starting training for 10 rounds for server type pfedme
2024-12-21 13:44:15,380 - FMNIST_experiment - INFO - 
Starting server type: ditto
2024-12-21 13:44:15,422 - FMNIST_experiment - INFO - Starting training for 10 rounds for server type ditto
2024-12-21 13:47:07,282 - FMNIST_experiment - INFO - 
Starting server type: localadaptation
2024-12-21 13:47:07,309 - FMNIST_experiment - INFO - Starting training for 10 rounds for server type localadaptation
2024-12-21 13:48:50,984 - FMNIST_experiment - INFO - 
Starting server type: babu
2024-12-21 13:48:51,013 - FMNIST_experiment - INFO - Starting training for 10 rounds for server type babu
2024-12-21 13:50:34,072 - FMNIST_experiment - INFO - 
Starting server type: fedlp
2024-12-21 13:50:34,101 - FMNIST_experiment - INFO - Starting training for 10 rounds for server type fedlp
2024-12-21 13:52:00,645 - FMNIST_experiment - INFO - 
Starting server type: fedlama
2024-12-21 13:52:00,671 - FMNIST_experiment - INFO - Starting training for 10 rounds for server type fedlama
2024-12-21 13:53:27,026 - FMNIST_experiment - INFO - 
Starting server type: pfedla
2024-12-21 13:53:27,055 - FMNIST_experiment - INFO - Starting training for 10 rounds for server type pfedla
2024-12-21 13:54:54,258 - FMNIST_experiment - INFO - 
Starting server type: layerpfl
2024-12-21 13:54:54,284 - FMNIST_experiment - INFO - Starting training for 10 rounds for server type layerpfl
2024-12-21 13:56:20,939 - FMNIST_experiment - INFO - 
Starting server type: local
2024-12-21 13:56:20,964 - FMNIST_experiment - INFO - Starting training for 10 rounds for server type local
2024-12-21 13:57:47,408 - FMNIST_experiment - INFO - 
Starting server type: fedavg
2024-12-21 13:57:47,433 - FMNIST_experiment - INFO - Starting training for 10 rounds for server type fedavg
2024-12-21 13:59:13,828 - FMNIST_experiment - INFO - 
Starting server type: fedprox
2024-12-21 13:59:13,855 - FMNIST_experiment - INFO - Starting training for 10 rounds for server type fedprox
2024-12-21 14:00:42,833 - FMNIST_experiment - INFO - 
Starting server type: pfedme
2024-12-21 14:00:42,870 - FMNIST_experiment - INFO - Starting training for 10 rounds for server type pfedme
2024-12-21 14:02:12,467 - FMNIST_experiment - INFO - 
Starting server type: ditto
2024-12-21 14:02:12,506 - FMNIST_experiment - INFO - Starting training for 10 rounds for server type ditto
2024-12-21 14:05:05,494 - FMNIST_experiment - INFO - 
Starting server type: localadaptation
2024-12-21 14:05:05,515 - FMNIST_experiment - INFO - Starting training for 10 rounds for server type localadaptation
2024-12-21 14:06:49,262 - FMNIST_experiment - INFO - 
Starting server type: babu
2024-12-21 14:06:49,288 - FMNIST_experiment - INFO - Starting training for 10 rounds for server type babu
2024-12-21 14:08:32,298 - FMNIST_experiment - INFO - 
Starting server type: fedlp
2024-12-21 14:08:32,331 - FMNIST_experiment - INFO - Starting training for 10 rounds for server type fedlp
2024-12-21 14:09:58,847 - FMNIST_experiment - INFO - 
Starting server type: fedlama
2024-12-21 14:09:58,873 - FMNIST_experiment - INFO - Starting training for 10 rounds for server type fedlama
2024-12-21 14:11:25,255 - FMNIST_experiment - INFO - 
Starting server type: pfedla
2024-12-21 14:11:25,284 - FMNIST_experiment - INFO - Starting training for 10 rounds for server type pfedla
2024-12-21 14:12:52,434 - FMNIST_experiment - INFO - 
Starting server type: layerpfl
2024-12-21 14:12:52,463 - FMNIST_experiment - INFO - Starting training for 10 rounds for server type layerpfl
2024-12-21 14:14:18,741 - FMNIST_experiment - INFO - 
Starting server type: local
2024-12-21 14:14:18,774 - FMNIST_experiment - INFO - Starting training for 10 rounds for server type local
2024-12-21 14:15:45,185 - FMNIST_experiment - INFO - 
Starting server type: fedavg
2024-12-21 14:15:45,219 - FMNIST_experiment - INFO - Starting training for 10 rounds for server type fedavg
2024-12-21 14:17:11,599 - FMNIST_experiment - INFO - 
Starting server type: fedprox
2024-12-21 14:17:11,633 - FMNIST_experiment - INFO - Starting training for 10 rounds for server type fedprox
2024-12-21 14:18:40,689 - FMNIST_experiment - INFO - 
Starting server type: pfedme
2024-12-21 14:18:40,734 - FMNIST_experiment - INFO - Starting training for 10 rounds for server type pfedme
2024-12-21 14:20:10,336 - FMNIST_experiment - INFO - 
Starting server type: ditto
2024-12-21 14:20:10,374 - FMNIST_experiment - INFO - Starting training for 10 rounds for server type ditto
2024-12-21 14:23:02,557 - FMNIST_experiment - INFO - 
Starting server type: localadaptation
2024-12-21 14:23:02,585 - FMNIST_experiment - INFO - Starting training for 10 rounds for server type localadaptation
2024-12-21 14:24:45,925 - FMNIST_experiment - INFO - 
Starting server type: babu
2024-12-21 14:24:45,958 - FMNIST_experiment - INFO - Starting training for 10 rounds for server type babu
2024-12-21 14:26:28,860 - FMNIST_experiment - INFO - 
Starting server type: fedlp
2024-12-21 14:26:28,881 - FMNIST_experiment - INFO - Starting training for 10 rounds for server type fedlp
2024-12-21 14:27:55,186 - FMNIST_experiment - INFO - 
Starting server type: fedlama
2024-12-21 14:27:55,212 - FMNIST_experiment - INFO - Starting training for 10 rounds for server type fedlama
2024-12-21 14:29:21,387 - FMNIST_experiment - INFO - 
Starting server type: pfedla
2024-12-21 14:29:21,423 - FMNIST_experiment - INFO - Starting training for 10 rounds for server type pfedla
2024-12-21 14:30:48,415 - FMNIST_experiment - INFO - 
Starting server type: layerpfl
2024-12-21 14:30:48,448 - FMNIST_experiment - INFO - Starting training for 10 rounds for server type layerpfl
2024-12-21 14:32:14,839 - FMNIST_experiment - INFO - 
Starting Run 2/5
2024-12-21 14:32:14,896 - FMNIST_experiment - INFO - 
Starting server type: local
2024-12-21 14:32:14,921 - FMNIST_experiment - INFO - Starting training for 10 rounds for server type local
2024-12-21 14:33:40,862 - FMNIST_experiment - INFO - 
Starting server type: fedavg
2024-12-21 14:33:40,897 - FMNIST_experiment - INFO - Starting training for 10 rounds for server type fedavg
2024-12-21 14:35:06,966 - FMNIST_experiment - INFO - 
Starting server type: fedprox
2024-12-21 14:35:06,992 - FMNIST_experiment - INFO - Starting training for 10 rounds for server type fedprox
2024-12-21 14:36:35,485 - FMNIST_experiment - INFO - 
Starting server type: pfedme
2024-12-21 14:36:35,523 - FMNIST_experiment - INFO - Starting training for 10 rounds for server type pfedme
2024-12-21 14:38:04,708 - FMNIST_experiment - INFO - 
Starting server type: ditto
2024-12-21 14:38:04,752 - FMNIST_experiment - INFO - Starting training for 10 rounds for server type ditto
2024-12-21 14:40:56,837 - FMNIST_experiment - INFO - 
Starting server type: localadaptation
2024-12-21 14:40:56,864 - FMNIST_experiment - INFO - Starting training for 10 rounds for server type localadaptation
2024-12-21 14:42:40,279 - FMNIST_experiment - INFO - 
Starting server type: babu
2024-12-21 14:42:40,301 - FMNIST_experiment - INFO - Starting training for 10 rounds for server type babu
2024-12-21 14:44:22,888 - FMNIST_experiment - INFO - 
Starting server type: fedlp
2024-12-21 14:44:22,914 - FMNIST_experiment - INFO - Starting training for 10 rounds for server type fedlp
2024-12-21 14:45:49,109 - FMNIST_experiment - INFO - 
Starting server type: fedlama
2024-12-21 14:45:49,135 - FMNIST_experiment - INFO - Starting training for 10 rounds for server type fedlama
2024-12-21 14:47:14,995 - FMNIST_experiment - INFO - 
Starting server type: pfedla
2024-12-21 14:47:15,030 - FMNIST_experiment - INFO - Starting training for 10 rounds for server type pfedla
2024-12-21 14:48:41,915 - FMNIST_experiment - INFO - 
Starting server type: layerpfl
2024-12-21 14:48:41,946 - FMNIST_experiment - INFO - Starting training for 10 rounds for server type layerpfl
2024-12-21 14:50:08,096 - FMNIST_experiment - INFO - 
Starting server type: local
2024-12-21 14:50:08,122 - FMNIST_experiment - INFO - Starting training for 10 rounds for server type local
2024-12-21 14:51:33,587 - FMNIST_experiment - INFO - 
Starting server type: fedavg
2024-12-21 14:51:33,609 - FMNIST_experiment - INFO - Starting training for 10 rounds for server type fedavg
2024-12-21 14:52:59,473 - FMNIST_experiment - INFO - 
Starting server type: fedprox
2024-12-21 14:52:59,499 - FMNIST_experiment - INFO - Starting training for 10 rounds for server type fedprox
2024-12-21 14:54:28,492 - FMNIST_experiment - INFO - 
Starting server type: pfedme
2024-12-21 14:54:28,530 - FMNIST_experiment - INFO - Starting training for 10 rounds for server type pfedme
2024-12-21 14:55:57,856 - FMNIST_experiment - INFO - 
Starting server type: ditto
2024-12-21 14:55:57,896 - FMNIST_experiment - INFO - Starting training for 10 rounds for server type ditto
2024-12-21 14:58:49,884 - FMNIST_experiment - INFO - 
Starting server type: localadaptation
2024-12-21 14:58:49,906 - FMNIST_experiment - INFO - Starting training for 10 rounds for server type localadaptation
2024-12-21 15:00:33,127 - FMNIST_experiment - INFO - 
Starting server type: babu
2024-12-21 15:00:33,153 - FMNIST_experiment - INFO - Starting training for 10 rounds for server type babu
2024-12-21 15:02:16,164 - FMNIST_experiment - INFO - 
Starting server type: fedlp
2024-12-21 15:02:16,185 - FMNIST_experiment - INFO - Starting training for 10 rounds for server type fedlp
2024-12-21 15:03:42,314 - FMNIST_experiment - INFO - 
Starting server type: fedlama
2024-12-21 15:03:42,341 - FMNIST_experiment - INFO - Starting training for 10 rounds for server type fedlama
2024-12-21 15:05:08,143 - FMNIST_experiment - INFO - 
Starting server type: pfedla
2024-12-21 15:05:08,173 - FMNIST_experiment - INFO - Starting training for 10 rounds for server type pfedla
2024-12-21 15:06:35,094 - FMNIST_experiment - INFO - 
Starting server type: layerpfl
2024-12-21 15:06:35,121 - FMNIST_experiment - INFO - Starting training for 10 rounds for server type layerpfl
2024-12-21 15:08:01,301 - FMNIST_experiment - INFO - 
Starting server type: local
2024-12-21 15:08:01,326 - FMNIST_experiment - INFO - Starting training for 10 rounds for server type local
2024-12-21 15:09:27,503 - FMNIST_experiment - INFO - 
Starting server type: fedavg
2024-12-21 15:09:27,530 - FMNIST_experiment - INFO - Starting training for 10 rounds for server type fedavg
2024-12-21 15:10:53,740 - FMNIST_experiment - INFO - 
Starting server type: fedprox
2024-12-21 15:10:53,766 - FMNIST_experiment - INFO - Starting training for 10 rounds for server type fedprox
2024-12-21 15:12:22,701 - FMNIST_experiment - INFO - 
Starting server type: pfedme
2024-12-21 15:12:22,738 - FMNIST_experiment - INFO - Starting training for 10 rounds for server type pfedme
2024-12-21 15:13:52,114 - FMNIST_experiment - INFO - 
Starting server type: ditto
2024-12-21 15:13:52,155 - FMNIST_experiment - INFO - Starting training for 10 rounds for server type ditto
2024-12-21 15:16:43,966 - FMNIST_experiment - INFO - 
Starting server type: localadaptation
2024-12-21 15:16:43,988 - FMNIST_experiment - INFO - Starting training for 10 rounds for server type localadaptation
2024-12-21 15:18:27,254 - FMNIST_experiment - INFO - 
Starting server type: babu
2024-12-21 15:18:27,275 - FMNIST_experiment - INFO - Starting training for 10 rounds for server type babu
2024-12-21 15:20:09,952 - FMNIST_experiment - INFO - 
Starting server type: fedlp
2024-12-21 15:20:10,095 - FMNIST_experiment - INFO - Starting training for 10 rounds for server type fedlp
2024-12-21 15:21:36,412 - FMNIST_experiment - INFO - 
Starting server type: fedlama
2024-12-21 15:21:36,438 - FMNIST_experiment - INFO - Starting training for 10 rounds for server type fedlama
2024-12-21 15:23:02,493 - FMNIST_experiment - INFO - 
Starting server type: pfedla
2024-12-21 15:23:02,528 - FMNIST_experiment - INFO - Starting training for 10 rounds for server type pfedla
2024-12-21 15:24:29,527 - FMNIST_experiment - INFO - 
Starting server type: layerpfl
2024-12-21 15:24:29,559 - FMNIST_experiment - INFO - Starting training for 10 rounds for server type layerpfl
2024-12-21 15:25:55,748 - FMNIST_experiment - INFO - 
Starting server type: local
2024-12-21 15:25:55,774 - FMNIST_experiment - INFO - Starting training for 10 rounds for server type local
2024-12-21 15:27:22,452 - FMNIST_experiment - INFO - 
Starting server type: fedavg
2024-12-21 15:27:22,469 - FMNIST_experiment - INFO - Starting training for 10 rounds for server type fedavg
2024-12-21 15:28:49,120 - FMNIST_experiment - INFO - 
Starting server type: fedprox
2024-12-21 15:28:49,151 - FMNIST_experiment - INFO - Starting training for 10 rounds for server type fedprox
2024-12-21 15:30:18,304 - FMNIST_experiment - INFO - 
Starting server type: pfedme
2024-12-21 15:30:18,342 - FMNIST_experiment - INFO - Starting training for 10 rounds for server type pfedme
2024-12-21 15:31:48,059 - FMNIST_experiment - INFO - 
Starting server type: ditto
2024-12-21 15:31:48,097 - FMNIST_experiment - INFO - Starting training for 10 rounds for server type ditto
2024-12-21 15:34:39,929 - FMNIST_experiment - INFO - 
Starting server type: localadaptation
2024-12-21 15:34:39,956 - FMNIST_experiment - INFO - Starting training for 10 rounds for server type localadaptation
2024-12-21 15:36:24,028 - FMNIST_experiment - INFO - 
Starting server type: babu
2024-12-21 15:36:24,054 - FMNIST_experiment - INFO - Starting training for 10 rounds for server type babu
2024-12-21 15:38:07,359 - FMNIST_experiment - INFO - 
Starting server type: fedlp
2024-12-21 15:38:07,384 - FMNIST_experiment - INFO - Starting training for 10 rounds for server type fedlp
2024-12-21 15:39:34,288 - FMNIST_experiment - INFO - 
Starting server type: fedlama
2024-12-21 15:39:34,314 - FMNIST_experiment - INFO - Starting training for 10 rounds for server type fedlama
2024-12-21 15:41:00,772 - FMNIST_experiment - INFO - 
Starting server type: pfedla
2024-12-21 15:41:00,806 - FMNIST_experiment - INFO - Starting training for 10 rounds for server type pfedla
2024-12-21 15:42:28,044 - FMNIST_experiment - INFO - 
Starting server type: layerpfl
2024-12-21 15:42:28,070 - FMNIST_experiment - INFO - Starting training for 10 rounds for server type layerpfl
2024-12-21 15:43:54,632 - FMNIST_experiment - INFO - 
Starting Run 3/5
2024-12-21 15:43:54,682 - FMNIST_experiment - INFO - 
Starting server type: local
2024-12-21 15:43:54,707 - FMNIST_experiment - INFO - Starting training for 10 rounds for server type local
2024-12-21 15:45:21,103 - FMNIST_experiment - INFO - 
Starting server type: fedavg
2024-12-21 15:45:21,129 - FMNIST_experiment - INFO - Starting training for 10 rounds for server type fedavg
2024-12-21 15:46:47,690 - FMNIST_experiment - INFO - 
Starting server type: fedprox
2024-12-21 15:46:47,716 - FMNIST_experiment - INFO - Starting training for 10 rounds for server type fedprox
2024-12-21 15:48:16,903 - FMNIST_experiment - INFO - 
Starting server type: pfedme
2024-12-21 15:48:16,941 - FMNIST_experiment - INFO - Starting training for 10 rounds for server type pfedme
2024-12-21 15:49:46,575 - FMNIST_experiment - INFO - 
Starting server type: ditto
2024-12-21 15:49:46,614 - FMNIST_experiment - INFO - Starting training for 10 rounds for server type ditto
2024-12-21 15:52:39,163 - FMNIST_experiment - INFO - 
Starting server type: localadaptation
2024-12-21 15:52:39,189 - FMNIST_experiment - INFO - Starting training for 10 rounds for server type localadaptation
2024-12-21 15:54:22,676 - FMNIST_experiment - INFO - 
Starting server type: babu
2024-12-21 15:54:22,698 - FMNIST_experiment - INFO - Starting training for 10 rounds for server type babu
2024-12-21 15:56:06,043 - FMNIST_experiment - INFO - 
Starting server type: fedlp
2024-12-21 15:56:06,064 - FMNIST_experiment - INFO - Starting training for 10 rounds for server type fedlp
2024-12-21 15:57:32,606 - FMNIST_experiment - INFO - 
Starting server type: fedlama
2024-12-21 15:57:32,633 - FMNIST_experiment - INFO - Starting training for 10 rounds for server type fedlama
2024-12-21 15:58:59,066 - FMNIST_experiment - INFO - 
Starting server type: pfedla
2024-12-21 15:58:59,095 - FMNIST_experiment - INFO - Starting training for 10 rounds for server type pfedla
2024-12-21 16:00:26,412 - FMNIST_experiment - INFO - 
Starting server type: layerpfl
2024-12-21 16:00:26,444 - FMNIST_experiment - INFO - Starting training for 10 rounds for server type layerpfl
2024-12-21 16:01:52,940 - FMNIST_experiment - INFO - 
Starting server type: local
2024-12-21 16:01:52,965 - FMNIST_experiment - INFO - Starting training for 10 rounds for server type local
2024-12-21 16:03:19,449 - FMNIST_experiment - INFO - 
Starting server type: fedavg
2024-12-21 16:03:19,467 - FMNIST_experiment - INFO - Starting training for 10 rounds for server type fedavg
2024-12-21 16:04:45,974 - FMNIST_experiment - INFO - 
Starting server type: fedprox
2024-12-21 16:04:46,002 - FMNIST_experiment - INFO - Starting training for 10 rounds for server type fedprox
2024-12-21 16:06:15,174 - FMNIST_experiment - INFO - 
Starting server type: pfedme
2024-12-21 16:06:15,212 - FMNIST_experiment - INFO - Starting training for 10 rounds for server type pfedme
2024-12-21 16:07:45,127 - FMNIST_experiment - INFO - 
Starting server type: ditto
2024-12-21 16:07:45,168 - FMNIST_experiment - INFO - Starting training for 10 rounds for server type ditto
2024-12-21 16:10:37,675 - FMNIST_experiment - INFO - 
Starting server type: localadaptation
2024-12-21 16:10:37,825 - FMNIST_experiment - INFO - Starting training for 10 rounds for server type localadaptation
2024-12-21 16:12:21,529 - FMNIST_experiment - INFO - 
Starting server type: babu
2024-12-21 16:12:21,555 - FMNIST_experiment - INFO - Starting training for 10 rounds for server type babu
2024-12-21 16:14:04,667 - FMNIST_experiment - INFO - 
Starting server type: fedlp
2024-12-21 16:14:04,688 - FMNIST_experiment - INFO - Starting training for 10 rounds for server type fedlp
2024-12-21 16:15:31,054 - FMNIST_experiment - INFO - 
Starting server type: fedlama
2024-12-21 16:15:31,080 - FMNIST_experiment - INFO - Starting training for 10 rounds for server type fedlama
2024-12-21 16:16:57,427 - FMNIST_experiment - INFO - 
Starting server type: pfedla
2024-12-21 16:16:57,457 - FMNIST_experiment - INFO - Starting training for 10 rounds for server type pfedla
2024-12-21 16:18:24,597 - FMNIST_experiment - INFO - 
Starting server type: layerpfl
2024-12-21 16:18:24,626 - FMNIST_experiment - INFO - Starting training for 10 rounds for server type layerpfl
2024-12-21 16:19:50,983 - FMNIST_experiment - INFO - 
Starting server type: local
2024-12-21 16:19:51,008 - FMNIST_experiment - INFO - Starting training for 10 rounds for server type local
2024-12-21 16:21:17,316 - FMNIST_experiment - INFO - 
Starting server type: fedavg
2024-12-21 16:21:17,342 - FMNIST_experiment - INFO - Starting training for 10 rounds for server type fedavg
2024-12-21 16:22:43,720 - FMNIST_experiment - INFO - 
Starting server type: fedprox
2024-12-21 16:22:43,747 - FMNIST_experiment - INFO - Starting training for 10 rounds for server type fedprox
2024-12-21 16:24:12,642 - FMNIST_experiment - INFO - 
Starting server type: pfedme
2024-12-21 16:24:12,680 - FMNIST_experiment - INFO - Starting training for 10 rounds for server type pfedme
2024-12-21 16:25:42,211 - FMNIST_experiment - INFO - 
Starting server type: ditto
2024-12-21 16:25:42,250 - FMNIST_experiment - INFO - Starting training for 10 rounds for server type ditto
2024-12-21 16:28:34,788 - FMNIST_experiment - INFO - 
Starting server type: localadaptation
2024-12-21 16:28:34,815 - FMNIST_experiment - INFO - Starting training for 10 rounds for server type localadaptation
2024-12-21 16:30:18,446 - FMNIST_experiment - INFO - 
Starting server type: babu
2024-12-21 16:30:18,468 - FMNIST_experiment - INFO - Starting training for 10 rounds for server type babu
2024-12-21 16:32:01,282 - FMNIST_experiment - INFO - 
Starting server type: fedlp
2024-12-21 16:32:01,303 - FMNIST_experiment - INFO - Starting training for 10 rounds for server type fedlp
2024-12-21 16:33:27,449 - FMNIST_experiment - INFO - 
Starting server type: fedlama
2024-12-21 16:33:27,475 - FMNIST_experiment - INFO - Starting training for 10 rounds for server type fedlama
2024-12-21 16:34:53,644 - FMNIST_experiment - INFO - 
Starting server type: pfedla
2024-12-21 16:34:53,674 - FMNIST_experiment - INFO - Starting training for 10 rounds for server type pfedla
2024-12-21 16:36:20,771 - FMNIST_experiment - INFO - 
Starting server type: layerpfl
2024-12-21 16:36:20,798 - FMNIST_experiment - INFO - Starting training for 10 rounds for server type layerpfl
2024-12-21 16:37:47,283 - FMNIST_experiment - INFO - 
Starting server type: local
2024-12-21 16:37:47,309 - FMNIST_experiment - INFO - Starting training for 10 rounds for server type local
2024-12-21 16:39:13,815 - FMNIST_experiment - INFO - 
Starting server type: fedavg
2024-12-21 16:39:13,841 - FMNIST_experiment - INFO - Starting training for 10 rounds for server type fedavg
2024-12-21 16:40:40,279 - FMNIST_experiment - INFO - 
Starting server type: fedprox
2024-12-21 16:40:40,309 - FMNIST_experiment - INFO - Starting training for 10 rounds for server type fedprox
2024-12-21 16:42:09,403 - FMNIST_experiment - INFO - 
Starting server type: pfedme
2024-12-21 16:42:09,445 - FMNIST_experiment - INFO - Starting training for 10 rounds for server type pfedme
2024-12-21 16:43:39,061 - FMNIST_experiment - INFO - 
Starting server type: ditto
2024-12-21 16:43:39,100 - FMNIST_experiment - INFO - Starting training for 10 rounds for server type ditto
2024-12-21 16:46:31,196 - FMNIST_experiment - INFO - 
Starting server type: localadaptation
2024-12-21 16:46:31,223 - FMNIST_experiment - INFO - Starting training for 10 rounds for server type localadaptation
2024-12-21 16:48:14,524 - FMNIST_experiment - INFO - 
Starting server type: babu
2024-12-21 16:48:14,546 - FMNIST_experiment - INFO - Starting training for 10 rounds for server type babu
2024-12-21 16:49:57,691 - FMNIST_experiment - INFO - 
Starting server type: fedlp
2024-12-21 16:49:57,713 - FMNIST_experiment - INFO - Starting training for 10 rounds for server type fedlp
2024-12-21 16:51:23,958 - FMNIST_experiment - INFO - 
Starting server type: fedlama
2024-12-21 16:51:23,985 - FMNIST_experiment - INFO - Starting training for 10 rounds for server type fedlama
2024-12-21 16:52:50,295 - FMNIST_experiment - INFO - 
Starting server type: pfedla
2024-12-21 16:52:50,324 - FMNIST_experiment - INFO - Starting training for 10 rounds for server type pfedla
2024-12-21 16:54:17,548 - FMNIST_experiment - INFO - 
Starting server type: layerpfl
2024-12-21 16:54:17,575 - FMNIST_experiment - INFO - Starting training for 10 rounds for server type layerpfl
2024-12-21 16:55:43,954 - FMNIST_experiment - INFO - 
Starting Run 4/5
2024-12-21 16:55:44,022 - FMNIST_experiment - INFO - 
Starting server type: local
2024-12-21 16:55:44,048 - FMNIST_experiment - INFO - Starting training for 10 rounds for server type local
2024-12-21 16:57:10,147 - FMNIST_experiment - INFO - 
Starting server type: fedavg
2024-12-21 16:57:10,173 - FMNIST_experiment - INFO - Starting training for 10 rounds for server type fedavg
2024-12-21 16:58:36,763 - FMNIST_experiment - INFO - 
Starting server type: fedprox
2024-12-21 16:58:36,789 - FMNIST_experiment - INFO - Starting training for 10 rounds for server type fedprox
2024-12-21 17:00:05,981 - FMNIST_experiment - INFO - 
Starting server type: pfedme
2024-12-21 17:00:06,019 - FMNIST_experiment - INFO - Starting training for 10 rounds for server type pfedme
2024-12-21 17:01:35,350 - FMNIST_experiment - INFO - 
Starting server type: ditto
2024-12-21 17:01:35,511 - FMNIST_experiment - INFO - Starting training for 10 rounds for server type ditto
2024-12-21 17:04:27,605 - FMNIST_experiment - INFO - 
Starting server type: localadaptation
2024-12-21 17:04:27,632 - FMNIST_experiment - INFO - Starting training for 10 rounds for server type localadaptation
2024-12-21 17:06:11,103 - FMNIST_experiment - INFO - 
Starting server type: babu
2024-12-21 17:06:11,129 - FMNIST_experiment - INFO - Starting training for 10 rounds for server type babu
2024-12-21 17:07:54,428 - FMNIST_experiment - INFO - 
Starting server type: fedlp
2024-12-21 17:07:54,458 - FMNIST_experiment - INFO - Starting training for 10 rounds for server type fedlp
2024-12-21 17:09:21,009 - FMNIST_experiment - INFO - 
Starting server type: fedlama
2024-12-21 17:09:21,036 - FMNIST_experiment - INFO - Starting training for 10 rounds for server type fedlama
2024-12-21 17:10:47,379 - FMNIST_experiment - INFO - 
Starting server type: pfedla
2024-12-21 17:10:47,413 - FMNIST_experiment - INFO - Starting training for 10 rounds for server type pfedla
2024-12-21 17:12:14,712 - FMNIST_experiment - INFO - 
Starting server type: layerpfl
2024-12-21 17:12:14,739 - FMNIST_experiment - INFO - Starting training for 10 rounds for server type layerpfl
2024-12-21 17:13:41,680 - FMNIST_experiment - INFO - 
Starting server type: local
2024-12-21 17:13:41,706 - FMNIST_experiment - INFO - Starting training for 10 rounds for server type local
2024-12-21 17:15:08,069 - FMNIST_experiment - INFO - 
Starting server type: fedavg
2024-12-21 17:15:08,088 - FMNIST_experiment - INFO - Starting training for 10 rounds for server type fedavg
2024-12-21 17:16:34,734 - FMNIST_experiment - INFO - 
Starting server type: fedprox
2024-12-21 17:16:34,760 - FMNIST_experiment - INFO - Starting training for 10 rounds for server type fedprox
2024-12-21 17:18:03,973 - FMNIST_experiment - INFO - 
Starting server type: pfedme
2024-12-21 17:18:04,011 - FMNIST_experiment - INFO - Starting training for 10 rounds for server type pfedme
2024-12-21 17:19:33,753 - FMNIST_experiment - INFO - 
Starting server type: ditto
2024-12-21 17:19:33,792 - FMNIST_experiment - INFO - Starting training for 10 rounds for server type ditto
2024-12-21 17:22:26,855 - FMNIST_experiment - INFO - 
Starting server type: localadaptation
2024-12-21 17:22:26,882 - FMNIST_experiment - INFO - Starting training for 10 rounds for server type localadaptation
2024-12-21 17:24:10,742 - FMNIST_experiment - INFO - 
Starting server type: babu
2024-12-21 17:24:10,774 - FMNIST_experiment - INFO - Starting training for 10 rounds for server type babu
2024-12-21 17:25:54,088 - FMNIST_experiment - INFO - 
Starting server type: fedlp
2024-12-21 17:25:54,113 - FMNIST_experiment - INFO - Starting training for 10 rounds for server type fedlp
2024-12-21 17:27:20,703 - FMNIST_experiment - INFO - 
Starting server type: fedlama
2024-12-21 17:27:20,730 - FMNIST_experiment - INFO - Starting training for 10 rounds for server type fedlama
2024-12-21 17:28:47,140 - FMNIST_experiment - INFO - 
Starting server type: pfedla
2024-12-21 17:28:47,169 - FMNIST_experiment - INFO - Starting training for 10 rounds for server type pfedla
2024-12-21 17:30:14,466 - FMNIST_experiment - INFO - 
Starting server type: layerpfl
2024-12-21 17:30:14,495 - FMNIST_experiment - INFO - Starting training for 10 rounds for server type layerpfl
2024-12-21 17:31:40,916 - FMNIST_experiment - INFO - 
Starting server type: local
2024-12-21 17:31:40,942 - FMNIST_experiment - INFO - Starting training for 10 rounds for server type local
2024-12-21 17:33:07,754 - FMNIST_experiment - INFO - 
Starting server type: fedavg
2024-12-21 17:33:07,780 - FMNIST_experiment - INFO - Starting training for 10 rounds for server type fedavg
2024-12-21 17:34:34,440 - FMNIST_experiment - INFO - 
Starting server type: fedprox
2024-12-21 17:34:34,467 - FMNIST_experiment - INFO - Starting training for 10 rounds for server type fedprox
2024-12-21 17:36:03,821 - FMNIST_experiment - INFO - 
Starting server type: pfedme
2024-12-21 17:36:03,860 - FMNIST_experiment - INFO - Starting training for 10 rounds for server type pfedme
2024-12-21 17:37:33,997 - FMNIST_experiment - INFO - 
Starting server type: ditto
2024-12-21 17:37:34,036 - FMNIST_experiment - INFO - Starting training for 10 rounds for server type ditto
2024-12-21 17:40:27,159 - FMNIST_experiment - INFO - 
Starting server type: localadaptation
2024-12-21 17:40:27,186 - FMNIST_experiment - INFO - Starting training for 10 rounds for server type localadaptation
2024-12-21 17:42:11,019 - FMNIST_experiment - INFO - 
Starting server type: babu
2024-12-21 17:42:11,041 - FMNIST_experiment - INFO - Starting training for 10 rounds for server type babu
2024-12-21 17:43:54,539 - FMNIST_experiment - INFO - 
Starting server type: fedlp
2024-12-21 17:43:54,565 - FMNIST_experiment - INFO - Starting training for 10 rounds for server type fedlp
2024-12-21 17:45:21,261 - FMNIST_experiment - INFO - 
Starting server type: fedlama
2024-12-21 17:45:21,287 - FMNIST_experiment - INFO - Starting training for 10 rounds for server type fedlama
2024-12-21 17:46:47,782 - FMNIST_experiment - INFO - 
Starting server type: pfedla
2024-12-21 17:46:47,811 - FMNIST_experiment - INFO - Starting training for 10 rounds for server type pfedla
2024-12-21 17:48:15,116 - FMNIST_experiment - INFO - 
Starting server type: layerpfl
2024-12-21 17:48:15,146 - FMNIST_experiment - INFO - Starting training for 10 rounds for server type layerpfl
2024-12-21 17:49:41,867 - FMNIST_experiment - INFO - 
Starting server type: local
2024-12-21 17:49:41,892 - FMNIST_experiment - INFO - Starting training for 10 rounds for server type local
2024-12-21 17:51:08,613 - FMNIST_experiment - INFO - 
Starting server type: fedavg
2024-12-21 17:51:08,735 - FMNIST_experiment - INFO - Starting training for 10 rounds for server type fedavg
2024-12-21 17:52:35,602 - FMNIST_experiment - INFO - 
Starting server type: fedprox
2024-12-21 17:52:35,628 - FMNIST_experiment - INFO - Starting training for 10 rounds for server type fedprox
2024-12-21 17:54:05,330 - FMNIST_experiment - INFO - 
Starting server type: pfedme
2024-12-21 17:54:05,368 - FMNIST_experiment - INFO - Starting training for 10 rounds for server type pfedme
2024-12-21 17:55:35,392 - FMNIST_experiment - INFO - 
Starting server type: ditto
2024-12-21 17:55:35,431 - FMNIST_experiment - INFO - Starting training for 10 rounds for server type ditto
2024-12-21 17:58:28,340 - FMNIST_experiment - INFO - 
Starting server type: localadaptation
2024-12-21 17:58:28,359 - FMNIST_experiment - INFO - Starting training for 10 rounds for server type localadaptation
2024-12-21 18:00:12,534 - FMNIST_experiment - INFO - 
Starting server type: babu
2024-12-21 18:00:12,561 - FMNIST_experiment - INFO - Starting training for 10 rounds for server type babu
2024-12-21 18:01:55,873 - FMNIST_experiment - INFO - 
Starting server type: fedlp
2024-12-21 18:01:55,894 - FMNIST_experiment - INFO - Starting training for 10 rounds for server type fedlp
2024-12-21 18:03:22,770 - FMNIST_experiment - INFO - 
Starting server type: fedlama
2024-12-21 18:03:22,797 - FMNIST_experiment - INFO - Starting training for 10 rounds for server type fedlama
2024-12-21 18:04:49,321 - FMNIST_experiment - INFO - 
Starting server type: pfedla
2024-12-21 18:04:49,350 - FMNIST_experiment - INFO - Starting training for 10 rounds for server type pfedla
2024-12-21 18:06:16,803 - FMNIST_experiment - INFO - 
Starting server type: layerpfl
2024-12-21 18:06:16,829 - FMNIST_experiment - INFO - Starting training for 10 rounds for server type layerpfl
2024-12-21 18:07:43,440 - FMNIST_experiment - INFO - 
Starting Run 5/5
2024-12-21 18:07:43,510 - FMNIST_experiment - INFO - 
Starting server type: local
2024-12-21 18:07:43,536 - FMNIST_experiment - INFO - Starting training for 10 rounds for server type local
2024-12-21 18:09:09,775 - FMNIST_experiment - INFO - 
Starting server type: fedavg
2024-12-21 18:09:09,802 - FMNIST_experiment - INFO - Starting training for 10 rounds for server type fedavg
2024-12-21 18:10:36,270 - FMNIST_experiment - INFO - 
Starting server type: fedprox
2024-12-21 18:10:36,297 - FMNIST_experiment - INFO - Starting training for 10 rounds for server type fedprox
2024-12-21 18:12:05,324 - FMNIST_experiment - INFO - 
Starting server type: pfedme
2024-12-21 18:12:05,362 - FMNIST_experiment - INFO - Starting training for 10 rounds for server type pfedme
2024-12-21 18:13:35,256 - FMNIST_experiment - INFO - 
Starting server type: ditto
2024-12-21 18:13:35,298 - FMNIST_experiment - INFO - Starting training for 10 rounds for server type ditto
2024-12-21 18:16:27,523 - FMNIST_experiment - INFO - 
Starting server type: localadaptation
2024-12-21 18:16:27,550 - FMNIST_experiment - INFO - Starting training for 10 rounds for server type localadaptation
2024-12-21 18:18:11,227 - FMNIST_experiment - INFO - 
Starting server type: babu
2024-12-21 18:18:11,249 - FMNIST_experiment - INFO - Starting training for 10 rounds for server type babu
2024-12-21 18:19:54,324 - FMNIST_experiment - INFO - 
Starting server type: fedlp
2024-12-21 18:19:54,351 - FMNIST_experiment - INFO - Starting training for 10 rounds for server type fedlp
2024-12-21 18:21:20,637 - FMNIST_experiment - INFO - 
Starting server type: fedlama
2024-12-21 18:21:20,663 - FMNIST_experiment - INFO - Starting training for 10 rounds for server type fedlama
2024-12-21 18:22:46,990 - FMNIST_experiment - INFO - 
Starting server type: pfedla
2024-12-21 18:22:47,020 - FMNIST_experiment - INFO - Starting training for 10 rounds for server type pfedla
2024-12-21 18:24:14,197 - FMNIST_experiment - INFO - 
Starting server type: layerpfl
2024-12-21 18:24:14,223 - FMNIST_experiment - INFO - Starting training for 10 rounds for server type layerpfl
2024-12-21 18:25:40,834 - FMNIST_experiment - INFO - 
Starting server type: local
2024-12-21 18:25:40,859 - FMNIST_experiment - INFO - Starting training for 10 rounds for server type local
2024-12-21 18:27:07,189 - FMNIST_experiment - INFO - 
Starting server type: fedavg
2024-12-21 18:27:07,215 - FMNIST_experiment - INFO - Starting training for 10 rounds for server type fedavg
2024-12-21 18:28:33,661 - FMNIST_experiment - INFO - 
Starting server type: fedprox
2024-12-21 18:28:33,687 - FMNIST_experiment - INFO - Starting training for 10 rounds for server type fedprox
2024-12-21 18:30:02,494 - FMNIST_experiment - INFO - 
Starting server type: pfedme
2024-12-21 18:30:02,533 - FMNIST_experiment - INFO - Starting training for 10 rounds for server type pfedme
2024-12-21 18:31:32,241 - FMNIST_experiment - INFO - 
Starting server type: ditto
2024-12-21 18:31:32,280 - FMNIST_experiment - INFO - Starting training for 10 rounds for server type ditto
2024-12-21 18:34:24,573 - FMNIST_experiment - INFO - 
Starting server type: localadaptation
2024-12-21 18:34:24,600 - FMNIST_experiment - INFO - Starting training for 10 rounds for server type localadaptation
2024-12-21 18:36:08,123 - FMNIST_experiment - INFO - 
Starting server type: babu
2024-12-21 18:36:08,272 - FMNIST_experiment - INFO - Starting training for 10 rounds for server type babu
2024-12-21 18:37:51,287 - FMNIST_experiment - INFO - 
Starting server type: fedlp
2024-12-21 18:37:51,313 - FMNIST_experiment - INFO - Starting training for 10 rounds for server type fedlp
2024-12-21 18:39:17,752 - FMNIST_experiment - INFO - 
Starting server type: fedlama
2024-12-21 18:39:17,779 - FMNIST_experiment - INFO - Starting training for 10 rounds for server type fedlama
2024-12-21 18:40:43,714 - FMNIST_experiment - INFO - 
Starting server type: pfedla
2024-12-21 18:40:43,744 - FMNIST_experiment - INFO - Starting training for 10 rounds for server type pfedla
2024-12-21 18:42:10,786 - FMNIST_experiment - INFO - 
Starting server type: layerpfl
2024-12-21 18:42:10,813 - FMNIST_experiment - INFO - Starting training for 10 rounds for server type layerpfl
2024-12-21 18:43:37,400 - FMNIST_experiment - INFO - 
Starting server type: local
2024-12-21 18:43:37,425 - FMNIST_experiment - INFO - Starting training for 10 rounds for server type local
2024-12-21 18:45:03,749 - FMNIST_experiment - INFO - 
Starting server type: fedavg
2024-12-21 18:45:03,776 - FMNIST_experiment - INFO - Starting training for 10 rounds for server type fedavg
2024-12-21 18:46:29,997 - FMNIST_experiment - INFO - 
Starting server type: fedprox
2024-12-21 18:46:30,024 - FMNIST_experiment - INFO - Starting training for 10 rounds for server type fedprox
2024-12-21 18:47:59,029 - FMNIST_experiment - INFO - 
Starting server type: pfedme
2024-12-21 18:47:59,068 - FMNIST_experiment - INFO - Starting training for 10 rounds for server type pfedme
2024-12-21 18:49:28,492 - FMNIST_experiment - INFO - 
Starting server type: ditto
2024-12-21 18:49:28,531 - FMNIST_experiment - INFO - Starting training for 10 rounds for server type ditto
2024-12-21 18:52:20,886 - FMNIST_experiment - INFO - 
Starting server type: localadaptation
2024-12-21 18:52:20,913 - FMNIST_experiment - INFO - Starting training for 10 rounds for server type localadaptation
2024-12-21 18:54:04,617 - FMNIST_experiment - INFO - 
Starting server type: babu
2024-12-21 18:54:04,643 - FMNIST_experiment - INFO - Starting training for 10 rounds for server type babu
2024-12-21 18:55:47,950 - FMNIST_experiment - INFO - 
Starting server type: fedlp
2024-12-21 18:55:47,972 - FMNIST_experiment - INFO - Starting training for 10 rounds for server type fedlp
2024-12-21 18:57:14,524 - FMNIST_experiment - INFO - 
Starting server type: fedlama
2024-12-21 18:57:14,550 - FMNIST_experiment - INFO - Starting training for 10 rounds for server type fedlama
2024-12-21 18:58:40,856 - FMNIST_experiment - INFO - 
Starting server type: pfedla
2024-12-21 18:58:40,885 - FMNIST_experiment - INFO - Starting training for 10 rounds for server type pfedla
2024-12-21 19:00:08,226 - FMNIST_experiment - INFO - 
Starting server type: layerpfl
2024-12-21 19:00:08,253 - FMNIST_experiment - INFO - Starting training for 10 rounds for server type layerpfl
2024-12-21 19:01:34,878 - FMNIST_experiment - INFO - 
Starting server type: local
2024-12-21 19:01:34,903 - FMNIST_experiment - INFO - Starting training for 10 rounds for server type local
2024-12-21 19:03:01,503 - FMNIST_experiment - INFO - 
Starting server type: fedavg
2024-12-21 19:03:01,529 - FMNIST_experiment - INFO - Starting training for 10 rounds for server type fedavg
2024-12-21 19:04:28,243 - FMNIST_experiment - INFO - 
Starting server type: fedprox
2024-12-21 19:04:28,270 - FMNIST_experiment - INFO - Starting training for 10 rounds for server type fedprox
2024-12-21 19:05:57,673 - FMNIST_experiment - INFO - 
Starting server type: pfedme
2024-12-21 19:05:57,712 - FMNIST_experiment - INFO - Starting training for 10 rounds for server type pfedme
2024-12-21 19:07:27,422 - FMNIST_experiment - INFO - 
Starting server type: ditto
2024-12-21 19:07:27,461 - FMNIST_experiment - INFO - Starting training for 10 rounds for server type ditto
2024-12-21 19:10:20,366 - FMNIST_experiment - INFO - 
Starting server type: localadaptation
2024-12-21 19:10:20,393 - FMNIST_experiment - INFO - Starting training for 10 rounds for server type localadaptation
2024-12-21 19:12:04,057 - FMNIST_experiment - INFO - 
Starting server type: babu
2024-12-21 19:12:04,084 - FMNIST_experiment - INFO - Starting training for 10 rounds for server type babu
2024-12-21 19:13:47,396 - FMNIST_experiment - INFO - 
Starting server type: fedlp
2024-12-21 19:13:47,421 - FMNIST_experiment - INFO - Starting training for 10 rounds for server type fedlp
2024-12-21 19:15:14,147 - FMNIST_experiment - INFO - 
Starting server type: fedlama
2024-12-21 19:15:14,173 - FMNIST_experiment - INFO - Starting training for 10 rounds for server type fedlama
2024-12-21 19:16:40,629 - FMNIST_experiment - INFO - 
Starting server type: pfedla
2024-12-21 19:16:40,659 - FMNIST_experiment - INFO - Starting training for 10 rounds for server type pfedla
2024-12-21 19:18:07,979 - FMNIST_experiment - INFO - 
Starting server type: layerpfl
2024-12-21 19:18:08,006 - FMNIST_experiment - INFO - Starting training for 10 rounds for server type layerpfl
