2025-01-14 16:51:43,680 - FMNIST_learning_rate - INFO - Starting hyperparameter tuning experiment
2025-01-14 16:51:43,684 - FMNIST_learning_rate - INFO - Testing learning rates: [0.001, 0.0005, 0.0001, 8e-05]
2025-01-14 16:51:43,689 - FMNIST_learning_rate - INFO - Starting Run 1/5
2025-01-14 16:51:43,689 - FMNIST_learning_rate - INFO - Starting tuning for: 0.001
2025-01-14 16:51:43,885 - FMNIST_learning_rate - INFO - Starting server type: local
2025-01-14 16:53:13,908 - FMNIST_learning_rate - INFO - Starting server type: fedavg
2025-01-14 16:54:40,912 - FMNIST_learning_rate - INFO - Starting server type: fedprox
2025-01-14 16:56:11,379 - FMNIST_learning_rate - INFO - Starting server type: pfedme
2025-01-14 16:57:41,651 - FMNIST_learning_rate - INFO - Starting server type: ditto
2025-01-14 17:00:36,220 - FMNIST_learning_rate - INFO - Starting server type: localadaptation
2025-01-14 17:02:13,979 - FMNIST_learning_rate - INFO - Starting server type: babu
2025-01-14 17:03:58,067 - FMNIST_learning_rate - INFO - Starting server type: fedlp
2025-01-14 17:05:25,120 - FMNIST_learning_rate - INFO - Starting server type: fedlama
2025-01-14 17:06:52,066 - FMNIST_learning_rate - INFO - Starting server type: pfedla
2025-01-14 17:08:20,444 - FMNIST_learning_rate - INFO - Starting server type: layerpfl
2025-01-14 17:09:47,804 - FMNIST_learning_rate - INFO - Starting tuning for: 0.0005
2025-01-14 17:09:47,868 - FMNIST_learning_rate - INFO - Starting server type: local
2025-01-14 17:11:15,049 - FMNIST_learning_rate - INFO - Starting server type: fedavg
2025-01-14 17:12:42,290 - FMNIST_learning_rate - INFO - Starting server type: fedprox
2025-01-14 17:14:12,699 - FMNIST_learning_rate - INFO - Starting server type: pfedme
2025-01-14 17:15:42,927 - FMNIST_learning_rate - INFO - Starting server type: ditto
2025-01-14 17:18:37,871 - FMNIST_learning_rate - INFO - Starting server type: localadaptation
2025-01-14 17:20:15,865 - FMNIST_learning_rate - INFO - Starting server type: babu
2025-01-14 17:22:00,104 - FMNIST_learning_rate - INFO - Starting server type: fedlp
2025-01-14 17:23:27,404 - FMNIST_learning_rate - INFO - Starting server type: fedlama
2025-01-14 17:24:54,688 - FMNIST_learning_rate - INFO - Starting server type: pfedla
2025-01-14 17:26:22,992 - FMNIST_learning_rate - INFO - Starting server type: layerpfl
2025-01-14 17:27:49,777 - FMNIST_learning_rate - INFO - Starting tuning for: 0.0001
2025-01-14 17:27:49,847 - FMNIST_learning_rate - INFO - Starting server type: local
2025-01-14 17:29:16,794 - FMNIST_learning_rate - INFO - Starting server type: fedavg
2025-01-14 17:30:43,890 - FMNIST_learning_rate - INFO - Starting server type: fedprox
2025-01-14 17:32:13,701 - FMNIST_learning_rate - INFO - Starting server type: pfedme
2025-01-14 17:33:44,143 - FMNIST_learning_rate - INFO - Starting server type: ditto
2025-01-14 17:36:39,240 - FMNIST_learning_rate - INFO - Starting server type: localadaptation
2025-01-14 17:38:17,109 - FMNIST_learning_rate - INFO - Starting server type: babu
2025-01-14 17:40:01,167 - FMNIST_learning_rate - INFO - Starting server type: fedlp
2025-01-14 17:41:28,126 - FMNIST_learning_rate - INFO - Starting server type: fedlama
2025-01-14 17:42:55,092 - FMNIST_learning_rate - INFO - Starting server type: pfedla
2025-01-14 17:44:23,440 - FMNIST_learning_rate - INFO - Starting server type: layerpfl
2025-01-14 17:45:50,562 - FMNIST_learning_rate - INFO - Starting tuning for: 8e-05
2025-01-14 17:45:50,632 - FMNIST_learning_rate - INFO - Starting server type: local
2025-01-14 17:47:17,438 - FMNIST_learning_rate - INFO - Starting server type: fedavg
2025-01-14 17:48:44,592 - FMNIST_learning_rate - INFO - Starting server type: fedprox
2025-01-14 17:50:14,714 - FMNIST_learning_rate - INFO - Starting server type: pfedme
2025-01-14 17:51:45,223 - FMNIST_learning_rate - INFO - Starting server type: ditto
2025-01-14 17:54:40,353 - FMNIST_learning_rate - INFO - Starting server type: localadaptation
2025-01-14 17:56:18,094 - FMNIST_learning_rate - INFO - Starting server type: babu
2025-01-14 17:58:02,531 - FMNIST_learning_rate - INFO - Starting server type: fedlp
2025-01-14 17:59:29,823 - FMNIST_learning_rate - INFO - Starting server type: fedlama
2025-01-14 18:00:57,218 - FMNIST_learning_rate - INFO - Starting server type: pfedla
2025-01-14 18:02:25,360 - FMNIST_learning_rate - INFO - Starting server type: layerpfl
2025-01-14 18:03:52,780 - FMNIST_learning_rate - INFO - Starting Run 2/5
2025-01-14 18:03:52,780 - FMNIST_learning_rate - INFO - Starting tuning for: 0.001
2025-01-14 18:03:52,829 - FMNIST_learning_rate - INFO - Starting server type: local
2025-01-14 18:05:20,016 - FMNIST_learning_rate - INFO - Starting server type: fedavg
2025-01-14 18:06:47,421 - FMNIST_learning_rate - INFO - Starting server type: fedprox
2025-01-14 18:08:17,234 - FMNIST_learning_rate - INFO - Starting server type: pfedme
2025-01-14 18:09:47,557 - FMNIST_learning_rate - INFO - Starting server type: ditto
2025-01-14 18:12:42,299 - FMNIST_learning_rate - INFO - Starting server type: localadaptation
2025-01-14 18:14:19,877 - FMNIST_learning_rate - INFO - Starting server type: babu
2025-01-14 18:16:03,855 - FMNIST_learning_rate - INFO - Starting server type: fedlp
2025-01-14 18:17:31,296 - FMNIST_learning_rate - INFO - Starting server type: fedlama
2025-01-14 18:18:58,296 - FMNIST_learning_rate - INFO - Starting server type: pfedla
2025-01-14 18:20:26,519 - FMNIST_learning_rate - INFO - Starting server type: layerpfl
2025-01-14 18:21:53,773 - FMNIST_learning_rate - INFO - Starting tuning for: 0.0005
2025-01-14 18:21:53,836 - FMNIST_learning_rate - INFO - Starting server type: local
2025-01-14 18:23:20,818 - FMNIST_learning_rate - INFO - Starting server type: fedavg
2025-01-14 18:24:48,216 - FMNIST_learning_rate - INFO - Starting server type: fedprox
2025-01-14 18:26:18,260 - FMNIST_learning_rate - INFO - Starting server type: pfedme
2025-01-14 18:27:48,553 - FMNIST_learning_rate - INFO - Starting server type: ditto
2025-01-14 18:30:43,793 - FMNIST_learning_rate - INFO - Starting server type: localadaptation
2025-01-14 18:32:21,595 - FMNIST_learning_rate - INFO - Starting server type: babu
2025-01-14 18:34:05,816 - FMNIST_learning_rate - INFO - Starting server type: fedlp
2025-01-14 18:35:32,836 - FMNIST_learning_rate - INFO - Starting server type: fedlama
2025-01-14 18:36:59,684 - FMNIST_learning_rate - INFO - Starting server type: pfedla
2025-01-14 18:38:28,172 - FMNIST_learning_rate - INFO - Starting server type: layerpfl
2025-01-14 18:39:55,339 - FMNIST_learning_rate - INFO - Starting tuning for: 0.0001
2025-01-14 18:39:55,390 - FMNIST_learning_rate - INFO - Starting server type: local
2025-01-14 18:41:22,564 - FMNIST_learning_rate - INFO - Starting server type: fedavg
2025-01-14 18:42:50,005 - FMNIST_learning_rate - INFO - Starting server type: fedprox
2025-01-14 18:44:20,388 - FMNIST_learning_rate - INFO - Starting server type: pfedme
2025-01-14 18:45:51,084 - FMNIST_learning_rate - INFO - Starting server type: ditto
2025-01-14 18:48:46,714 - FMNIST_learning_rate - INFO - Starting server type: localadaptation
2025-01-14 18:50:25,011 - FMNIST_learning_rate - INFO - Starting server type: babu
2025-01-14 18:52:09,478 - FMNIST_learning_rate - INFO - Starting server type: fedlp
2025-01-14 18:53:36,991 - FMNIST_learning_rate - INFO - Starting server type: fedlama
2025-01-14 18:55:04,134 - FMNIST_learning_rate - INFO - Starting server type: pfedla
2025-01-14 18:56:32,680 - FMNIST_learning_rate - INFO - Starting server type: layerpfl
2025-01-14 18:57:59,947 - FMNIST_learning_rate - INFO - Starting tuning for: 8e-05
2025-01-14 18:57:59,981 - FMNIST_learning_rate - INFO - Starting server type: local
2025-01-14 18:59:27,403 - FMNIST_learning_rate - INFO - Starting server type: fedavg
2025-01-14 19:00:54,998 - FMNIST_learning_rate - INFO - Starting server type: fedprox
2025-01-14 19:02:25,411 - FMNIST_learning_rate - INFO - Starting server type: pfedme
2025-01-14 19:03:56,265 - FMNIST_learning_rate - INFO - Starting server type: ditto
2025-01-14 19:06:51,625 - FMNIST_learning_rate - INFO - Starting server type: localadaptation
2025-01-14 19:08:29,836 - FMNIST_learning_rate - INFO - Starting server type: babu
2025-01-14 19:10:14,637 - FMNIST_learning_rate - INFO - Starting server type: fedlp
2025-01-14 19:11:42,063 - FMNIST_learning_rate - INFO - Starting server type: fedlama
2025-01-14 19:13:09,013 - FMNIST_learning_rate - INFO - Starting server type: pfedla
2025-01-14 19:14:37,491 - FMNIST_learning_rate - INFO - Starting server type: layerpfl
2025-01-14 19:16:05,362 - FMNIST_learning_rate - INFO - Starting Run 3/5
2025-01-14 19:16:05,362 - FMNIST_learning_rate - INFO - Starting tuning for: 0.001
2025-01-14 19:16:05,413 - FMNIST_learning_rate - INFO - Starting server type: local
2025-01-14 19:17:32,731 - FMNIST_learning_rate - INFO - Starting server type: fedavg
2025-01-14 19:19:00,330 - FMNIST_learning_rate - INFO - Starting server type: fedprox
2025-01-14 19:20:30,567 - FMNIST_learning_rate - INFO - Starting server type: pfedme
2025-01-14 19:22:01,324 - FMNIST_learning_rate - INFO - Starting server type: ditto
2025-01-14 19:24:56,698 - FMNIST_learning_rate - INFO - Starting server type: localadaptation
2025-01-14 19:26:34,974 - FMNIST_learning_rate - INFO - Starting server type: babu
2025-01-14 19:28:19,325 - FMNIST_learning_rate - INFO - Starting server type: fedlp
2025-01-14 19:29:46,957 - FMNIST_learning_rate - INFO - Starting server type: fedlama
2025-01-14 19:31:13,944 - FMNIST_learning_rate - INFO - Starting server type: pfedla
2025-01-14 19:32:42,524 - FMNIST_learning_rate - INFO - Starting server type: layerpfl
2025-01-14 19:34:10,078 - FMNIST_learning_rate - INFO - Starting tuning for: 0.0005
2025-01-14 19:34:10,108 - FMNIST_learning_rate - INFO - Starting server type: local
2025-01-14 19:35:37,953 - FMNIST_learning_rate - INFO - Starting server type: fedavg
2025-01-14 19:37:05,663 - FMNIST_learning_rate - INFO - Starting server type: fedprox
2025-01-14 19:38:35,802 - FMNIST_learning_rate - INFO - Starting server type: pfedme
2025-01-14 19:40:06,529 - FMNIST_learning_rate - INFO - Starting server type: ditto
2025-01-14 19:43:01,872 - FMNIST_learning_rate - INFO - Starting server type: localadaptation
2025-01-14 19:44:40,021 - FMNIST_learning_rate - INFO - Starting server type: babu
2025-01-14 19:46:24,333 - FMNIST_learning_rate - INFO - Starting server type: fedlp
2025-01-14 19:47:51,884 - FMNIST_learning_rate - INFO - Starting server type: fedlama
2025-01-14 19:49:19,249 - FMNIST_learning_rate - INFO - Starting server type: pfedla
2025-01-14 19:50:47,601 - FMNIST_learning_rate - INFO - Starting server type: layerpfl
2025-01-14 19:52:15,029 - FMNIST_learning_rate - INFO - Starting tuning for: 0.0001
2025-01-14 19:52:15,060 - FMNIST_learning_rate - INFO - Starting server type: local
2025-01-14 19:53:41,962 - FMNIST_learning_rate - INFO - Starting server type: fedavg
2025-01-14 19:55:09,293 - FMNIST_learning_rate - INFO - Starting server type: fedprox
2025-01-14 19:56:39,186 - FMNIST_learning_rate - INFO - Starting server type: pfedme
2025-01-14 19:58:09,560 - FMNIST_learning_rate - INFO - Starting server type: ditto
2025-01-14 20:01:04,828 - FMNIST_learning_rate - INFO - Starting server type: localadaptation
2025-01-14 20:02:42,696 - FMNIST_learning_rate - INFO - Starting server type: babu
2025-01-14 20:04:26,938 - FMNIST_learning_rate - INFO - Starting server type: fedlp
2025-01-14 20:05:54,222 - FMNIST_learning_rate - INFO - Starting server type: fedlama
2025-01-14 20:07:21,459 - FMNIST_learning_rate - INFO - Starting server type: pfedla
2025-01-14 20:08:49,897 - FMNIST_learning_rate - INFO - Starting server type: layerpfl
2025-01-14 20:10:17,206 - FMNIST_learning_rate - INFO - Starting tuning for: 8e-05
2025-01-14 20:10:17,231 - FMNIST_learning_rate - INFO - Starting server type: local
2025-01-14 20:11:44,430 - FMNIST_learning_rate - INFO - Starting server type: fedavg
2025-01-14 20:13:11,839 - FMNIST_learning_rate - INFO - Starting server type: fedprox
2025-01-14 20:14:42,249 - FMNIST_learning_rate - INFO - Starting server type: pfedme
2025-01-14 20:16:13,303 - FMNIST_learning_rate - INFO - Starting server type: ditto
2025-01-14 20:19:09,239 - FMNIST_learning_rate - INFO - Starting server type: localadaptation
2025-01-14 20:20:47,187 - FMNIST_learning_rate - INFO - Starting server type: babu
2025-01-14 20:22:31,684 - FMNIST_learning_rate - INFO - Starting server type: fedlp
2025-01-14 20:23:59,007 - FMNIST_learning_rate - INFO - Starting server type: fedlama
2025-01-14 20:25:26,402 - FMNIST_learning_rate - INFO - Starting server type: pfedla
2025-01-14 20:26:54,609 - FMNIST_learning_rate - INFO - Starting server type: layerpfl
2025-01-14 20:28:21,889 - FMNIST_learning_rate - INFO - Starting Run 4/5
2025-01-14 20:28:21,889 - FMNIST_learning_rate - INFO - Starting tuning for: 0.001
2025-01-14 20:28:21,939 - FMNIST_learning_rate - INFO - Starting server type: local
2025-01-14 20:29:49,165 - FMNIST_learning_rate - INFO - Starting server type: fedavg
2025-01-14 20:31:16,595 - FMNIST_learning_rate - INFO - Starting server type: fedprox
2025-01-14 20:32:46,656 - FMNIST_learning_rate - INFO - Starting server type: pfedme
2025-01-14 20:34:17,205 - FMNIST_learning_rate - INFO - Starting server type: ditto
2025-01-14 20:37:12,143 - FMNIST_learning_rate - INFO - Starting server type: localadaptation
2025-01-14 20:38:49,837 - FMNIST_learning_rate - INFO - Starting server type: babu
2025-01-14 20:40:34,282 - FMNIST_learning_rate - INFO - Starting server type: fedlp
2025-01-14 20:42:01,327 - FMNIST_learning_rate - INFO - Starting server type: fedlama
2025-01-14 20:43:28,376 - FMNIST_learning_rate - INFO - Starting server type: pfedla
2025-01-14 20:44:56,865 - FMNIST_learning_rate - INFO - Starting server type: layerpfl
2025-01-14 20:46:23,963 - FMNIST_learning_rate - INFO - Starting tuning for: 0.0005
2025-01-14 20:46:24,016 - FMNIST_learning_rate - INFO - Starting server type: local
2025-01-14 20:47:51,143 - FMNIST_learning_rate - INFO - Starting server type: fedavg
2025-01-14 20:49:18,173 - FMNIST_learning_rate - INFO - Starting server type: fedprox
2025-01-14 20:50:48,200 - FMNIST_learning_rate - INFO - Starting server type: pfedme
2025-01-14 20:52:18,636 - FMNIST_learning_rate - INFO - Starting server type: ditto
2025-01-14 20:55:13,305 - FMNIST_learning_rate - INFO - Starting server type: localadaptation
2025-01-14 20:56:50,953 - FMNIST_learning_rate - INFO - Starting server type: babu
2025-01-14 20:58:35,383 - FMNIST_learning_rate - INFO - Starting server type: fedlp
2025-01-14 21:00:02,446 - FMNIST_learning_rate - INFO - Starting server type: fedlama
2025-01-14 21:01:29,323 - FMNIST_learning_rate - INFO - Starting server type: pfedla
2025-01-14 21:02:57,646 - FMNIST_learning_rate - INFO - Starting server type: layerpfl
2025-01-14 21:04:24,985 - FMNIST_learning_rate - INFO - Starting tuning for: 0.0001
2025-01-14 21:04:25,023 - FMNIST_learning_rate - INFO - Starting server type: local
2025-01-14 21:05:52,274 - FMNIST_learning_rate - INFO - Starting server type: fedavg
2025-01-14 21:07:19,722 - FMNIST_learning_rate - INFO - Starting server type: fedprox
2025-01-14 21:08:50,172 - FMNIST_learning_rate - INFO - Starting server type: pfedme
2025-01-14 21:10:21,009 - FMNIST_learning_rate - INFO - Starting server type: ditto
2025-01-14 21:13:16,703 - FMNIST_learning_rate - INFO - Starting server type: localadaptation
2025-01-14 21:14:54,745 - FMNIST_learning_rate - INFO - Starting server type: babu
2025-01-14 21:16:39,226 - FMNIST_learning_rate - INFO - Starting server type: fedlp
2025-01-14 21:18:06,527 - FMNIST_learning_rate - INFO - Starting server type: fedlama
2025-01-14 21:19:33,726 - FMNIST_learning_rate - INFO - Starting server type: pfedla
2025-01-14 21:21:02,269 - FMNIST_learning_rate - INFO - Starting server type: layerpfl
2025-01-14 21:22:29,813 - FMNIST_learning_rate - INFO - Starting tuning for: 8e-05
2025-01-14 21:22:29,865 - FMNIST_learning_rate - INFO - Starting server type: local
2025-01-14 21:23:57,403 - FMNIST_learning_rate - INFO - Starting server type: fedavg
2025-01-14 21:25:24,945 - FMNIST_learning_rate - INFO - Starting server type: fedprox
2025-01-14 21:26:55,397 - FMNIST_learning_rate - INFO - Starting server type: pfedme
2025-01-14 21:28:26,268 - FMNIST_learning_rate - INFO - Starting server type: ditto
2025-01-14 21:31:22,134 - FMNIST_learning_rate - INFO - Starting server type: localadaptation
2025-01-14 21:33:00,209 - FMNIST_learning_rate - INFO - Starting server type: babu
2025-01-14 21:34:44,614 - FMNIST_learning_rate - INFO - Starting server type: fedlp
2025-01-14 21:36:12,348 - FMNIST_learning_rate - INFO - Starting server type: fedlama
2025-01-14 21:37:39,655 - FMNIST_learning_rate - INFO - Starting server type: pfedla
2025-01-14 21:39:08,106 - FMNIST_learning_rate - INFO - Starting server type: layerpfl
2025-01-14 21:40:35,696 - FMNIST_learning_rate - INFO - Starting Run 5/5
2025-01-14 21:40:35,696 - FMNIST_learning_rate - INFO - Starting tuning for: 0.001
2025-01-14 21:40:35,746 - FMNIST_learning_rate - INFO - Starting server type: local
2025-01-14 21:42:03,180 - FMNIST_learning_rate - INFO - Starting server type: fedavg
2025-01-14 21:43:30,959 - FMNIST_learning_rate - INFO - Starting server type: fedprox
2025-01-14 21:45:01,740 - FMNIST_learning_rate - INFO - Starting server type: pfedme
2025-01-14 21:46:32,714 - FMNIST_learning_rate - INFO - Starting server type: ditto
2025-01-14 21:49:28,553 - FMNIST_learning_rate - INFO - Starting server type: localadaptation
2025-01-14 21:51:06,813 - FMNIST_learning_rate - INFO - Starting server type: babu
2025-01-14 21:52:51,502 - FMNIST_learning_rate - INFO - Starting server type: fedlp
2025-01-14 21:54:19,082 - FMNIST_learning_rate - INFO - Starting server type: fedlama
2025-01-14 21:55:46,346 - FMNIST_learning_rate - INFO - Starting server type: pfedla
2025-01-14 21:57:15,005 - FMNIST_learning_rate - INFO - Starting server type: layerpfl
2025-01-14 21:58:42,571 - FMNIST_learning_rate - INFO - Starting tuning for: 0.0005
2025-01-14 21:58:42,595 - FMNIST_learning_rate - INFO - Starting server type: local
2025-01-14 22:00:09,869 - FMNIST_learning_rate - INFO - Starting server type: fedavg
2025-01-14 22:01:37,125 - FMNIST_learning_rate - INFO - Starting server type: fedprox
2025-01-14 22:03:07,271 - FMNIST_learning_rate - INFO - Starting server type: pfedme
2025-01-14 22:04:37,975 - FMNIST_learning_rate - INFO - Starting server type: ditto
2025-01-14 22:07:33,091 - FMNIST_learning_rate - INFO - Starting server type: localadaptation
2025-01-14 22:09:11,012 - FMNIST_learning_rate - INFO - Starting server type: babu
2025-01-14 22:10:55,685 - FMNIST_learning_rate - INFO - Starting server type: fedlp
2025-01-14 22:12:22,993 - FMNIST_learning_rate - INFO - Starting server type: fedlama
2025-01-14 22:13:50,026 - FMNIST_learning_rate - INFO - Starting server type: pfedla
2025-01-14 22:15:18,400 - FMNIST_learning_rate - INFO - Starting server type: layerpfl
2025-01-14 22:16:45,669 - FMNIST_learning_rate - INFO - Starting tuning for: 0.0001
2025-01-14 22:16:45,692 - FMNIST_learning_rate - INFO - Starting server type: local
2025-01-14 22:18:12,993 - FMNIST_learning_rate - INFO - Starting server type: fedavg
2025-01-14 22:19:40,412 - FMNIST_learning_rate - INFO - Starting server type: fedprox
2025-01-14 22:21:10,913 - FMNIST_learning_rate - INFO - Starting server type: pfedme
2025-01-14 22:22:41,875 - FMNIST_learning_rate - INFO - Starting server type: ditto
2025-01-14 22:25:37,451 - FMNIST_learning_rate - INFO - Starting server type: localadaptation
2025-01-14 22:27:15,529 - FMNIST_learning_rate - INFO - Starting server type: babu
2025-01-14 22:29:00,306 - FMNIST_learning_rate - INFO - Starting server type: fedlp
2025-01-14 22:30:27,780 - FMNIST_learning_rate - INFO - Starting server type: fedlama
2025-01-14 22:31:55,041 - FMNIST_learning_rate - INFO - Starting server type: pfedla
2025-01-14 22:33:23,737 - FMNIST_learning_rate - INFO - Starting server type: layerpfl
2025-01-14 22:34:50,964 - FMNIST_learning_rate - INFO - Starting tuning for: 8e-05
2025-01-14 22:34:50,994 - FMNIST_learning_rate - INFO - Starting server type: local
2025-01-14 22:36:18,155 - FMNIST_learning_rate - INFO - Starting server type: fedavg
2025-01-14 22:37:45,464 - FMNIST_learning_rate - INFO - Starting server type: fedprox
2025-01-14 22:39:15,618 - FMNIST_learning_rate - INFO - Starting server type: pfedme
2025-01-14 22:40:46,395 - FMNIST_learning_rate - INFO - Starting server type: ditto
2025-01-14 22:43:41,409 - FMNIST_learning_rate - INFO - Starting server type: localadaptation
2025-01-14 22:45:19,194 - FMNIST_learning_rate - INFO - Starting server type: babu
2025-01-14 22:47:03,591 - FMNIST_learning_rate - INFO - Starting server type: fedlp
2025-01-14 22:48:31,252 - FMNIST_learning_rate - INFO - Starting server type: fedlama
2025-01-14 22:49:58,405 - FMNIST_learning_rate - INFO - Starting server type: pfedla
2025-01-14 22:51:26,988 - FMNIST_learning_rate - INFO - Starting server type: layerpfl
