2024-12-24 16:49:35,393 - Heart_learning_rate - INFO - Starting hyperparameter tuning experiment
2024-12-24 16:49:35,393 - Heart_learning_rate - INFO - Testing learning rates: [1, 0.5, 0.1, 0.05, 0.01]
2024-12-24 16:49:35,399 - Heart_learning_rate - INFO - Starting Run 1/5
2024-12-24 16:49:35,399 - Heart_learning_rate - INFO - Starting tuning for: 1
2024-12-24 16:49:35,463 - Heart_learning_rate - INFO - Starting server type: local
2024-12-24 16:49:37,335 - Heart_learning_rate - INFO - Starting server type: fedavg
2024-12-24 16:49:38,893 - Heart_learning_rate - INFO - Starting server type: fedprox
2024-12-24 16:49:40,752 - Heart_learning_rate - INFO - Starting server type: pfedme
2024-12-24 16:49:42,650 - Heart_learning_rate - INFO - Starting server type: ditto
2024-12-24 16:49:45,891 - Heart_learning_rate - INFO - Starting server type: localadaptation
2024-12-24 16:49:47,649 - Heart_learning_rate - INFO - Starting server type: babu
2024-12-24 16:49:49,470 - Heart_learning_rate - INFO - Starting server type: fedlp
2024-12-24 16:49:51,025 - Heart_learning_rate - INFO - Starting server type: fedlama
2024-12-24 16:49:52,580 - Heart_learning_rate - INFO - Starting server type: pfedla
2024-12-24 16:49:54,173 - Heart_learning_rate - INFO - Starting server type: layerpfl
2024-12-24 16:49:55,726 - Heart_learning_rate - INFO - Starting tuning for: 0.5
2024-12-24 16:49:55,735 - Heart_learning_rate - INFO - Starting server type: local
2024-12-24 16:49:57,279 - Heart_learning_rate - INFO - Starting server type: fedavg
2024-12-24 16:49:58,830 - Heart_learning_rate - INFO - Starting server type: fedprox
2024-12-24 16:50:00,625 - Heart_learning_rate - INFO - Starting server type: pfedme
2024-12-24 16:50:02,513 - Heart_learning_rate - INFO - Starting server type: ditto
2024-12-24 16:50:05,717 - Heart_learning_rate - INFO - Starting server type: localadaptation
2024-12-24 16:50:07,449 - Heart_learning_rate - INFO - Starting server type: babu
2024-12-24 16:50:09,256 - Heart_learning_rate - INFO - Starting server type: fedlp
2024-12-24 16:50:10,791 - Heart_learning_rate - INFO - Starting server type: fedlama
2024-12-24 16:50:12,321 - Heart_learning_rate - INFO - Starting server type: pfedla
2024-12-24 16:50:13,888 - Heart_learning_rate - INFO - Starting server type: layerpfl
2024-12-24 16:50:15,416 - Heart_learning_rate - INFO - Starting tuning for: 0.1
2024-12-24 16:50:15,425 - Heart_learning_rate - INFO - Starting server type: local
2024-12-24 16:50:16,943 - Heart_learning_rate - INFO - Starting server type: fedavg
2024-12-24 16:50:18,472 - Heart_learning_rate - INFO - Starting server type: fedprox
2024-12-24 16:50:20,239 - Heart_learning_rate - INFO - Starting server type: pfedme
2024-12-24 16:50:22,107 - Heart_learning_rate - INFO - Starting server type: ditto
2024-12-24 16:50:25,307 - Heart_learning_rate - INFO - Starting server type: localadaptation
2024-12-24 16:50:27,044 - Heart_learning_rate - INFO - Starting server type: babu
2024-12-24 16:50:28,841 - Heart_learning_rate - INFO - Starting server type: fedlp
2024-12-24 16:50:30,374 - Heart_learning_rate - INFO - Starting server type: fedlama
2024-12-24 16:50:31,908 - Heart_learning_rate - INFO - Starting server type: pfedla
2024-12-24 16:50:33,470 - Heart_learning_rate - INFO - Starting server type: layerpfl
2024-12-24 16:50:35,001 - Heart_learning_rate - INFO - Starting tuning for: 0.05
2024-12-24 16:50:35,010 - Heart_learning_rate - INFO - Starting server type: local
2024-12-24 16:50:36,530 - Heart_learning_rate - INFO - Starting server type: fedavg
2024-12-24 16:50:38,059 - Heart_learning_rate - INFO - Starting server type: fedprox
2024-12-24 16:50:39,822 - Heart_learning_rate - INFO - Starting server type: pfedme
2024-12-24 16:50:41,688 - Heart_learning_rate - INFO - Starting server type: ditto
2024-12-24 16:50:44,890 - Heart_learning_rate - INFO - Starting server type: localadaptation
2024-12-24 16:50:46,625 - Heart_learning_rate - INFO - Starting server type: babu
2024-12-24 16:50:48,421 - Heart_learning_rate - INFO - Starting server type: fedlp
2024-12-24 16:50:49,949 - Heart_learning_rate - INFO - Starting server type: fedlama
2024-12-24 16:50:51,592 - Heart_learning_rate - INFO - Starting server type: pfedla
2024-12-24 16:50:53,155 - Heart_learning_rate - INFO - Starting server type: layerpfl
2024-12-24 16:50:54,685 - Heart_learning_rate - INFO - Starting tuning for: 0.01
2024-12-24 16:50:54,694 - Heart_learning_rate - INFO - Starting server type: local
2024-12-24 16:50:56,219 - Heart_learning_rate - INFO - Starting server type: fedavg
2024-12-24 16:50:57,750 - Heart_learning_rate - INFO - Starting server type: fedprox
2024-12-24 16:50:59,521 - Heart_learning_rate - INFO - Starting server type: pfedme
2024-12-24 16:51:01,381 - Heart_learning_rate - INFO - Starting server type: ditto
2024-12-24 16:51:04,578 - Heart_learning_rate - INFO - Starting server type: localadaptation
2024-12-24 16:51:06,311 - Heart_learning_rate - INFO - Starting server type: babu
2024-12-24 16:51:08,108 - Heart_learning_rate - INFO - Starting server type: fedlp
2024-12-24 16:51:09,644 - Heart_learning_rate - INFO - Starting server type: fedlama
2024-12-24 16:51:11,177 - Heart_learning_rate - INFO - Starting server type: pfedla
2024-12-24 16:51:12,740 - Heart_learning_rate - INFO - Starting server type: layerpfl
2024-12-24 16:51:14,299 - Heart_learning_rate - INFO - Starting Run 2/5
2024-12-24 16:51:14,299 - Heart_learning_rate - INFO - Starting tuning for: 1
2024-12-24 16:51:14,307 - Heart_learning_rate - INFO - Starting server type: local
2024-12-24 16:51:15,833 - Heart_learning_rate - INFO - Starting server type: fedavg
2024-12-24 16:51:17,360 - Heart_learning_rate - INFO - Starting server type: fedprox
2024-12-24 16:51:19,130 - Heart_learning_rate - INFO - Starting server type: pfedme
2024-12-24 16:51:21,000 - Heart_learning_rate - INFO - Starting server type: ditto
2024-12-24 16:51:24,207 - Heart_learning_rate - INFO - Starting server type: localadaptation
2024-12-24 16:51:25,944 - Heart_learning_rate - INFO - Starting server type: babu
2024-12-24 16:51:27,744 - Heart_learning_rate - INFO - Starting server type: fedlp
2024-12-24 16:51:29,274 - Heart_learning_rate - INFO - Starting server type: fedlama
2024-12-24 16:51:30,810 - Heart_learning_rate - INFO - Starting server type: pfedla
2024-12-24 16:51:32,382 - Heart_learning_rate - INFO - Starting server type: layerpfl
2024-12-24 16:51:33,923 - Heart_learning_rate - INFO - Starting tuning for: 0.5
2024-12-24 16:51:33,931 - Heart_learning_rate - INFO - Starting server type: local
2024-12-24 16:51:35,456 - Heart_learning_rate - INFO - Starting server type: fedavg
2024-12-24 16:51:36,993 - Heart_learning_rate - INFO - Starting server type: fedprox
2024-12-24 16:51:38,765 - Heart_learning_rate - INFO - Starting server type: pfedme
2024-12-24 16:51:40,633 - Heart_learning_rate - INFO - Starting server type: ditto
2024-12-24 16:51:43,849 - Heart_learning_rate - INFO - Starting server type: localadaptation
2024-12-24 16:51:45,596 - Heart_learning_rate - INFO - Starting server type: babu
2024-12-24 16:51:47,422 - Heart_learning_rate - INFO - Starting server type: fedlp
2024-12-24 16:51:48,973 - Heart_learning_rate - INFO - Starting server type: fedlama
2024-12-24 16:51:50,530 - Heart_learning_rate - INFO - Starting server type: pfedla
2024-12-24 16:51:52,122 - Heart_learning_rate - INFO - Starting server type: layerpfl
2024-12-24 16:51:53,676 - Heart_learning_rate - INFO - Starting tuning for: 0.1
2024-12-24 16:51:53,684 - Heart_learning_rate - INFO - Starting server type: local
2024-12-24 16:51:55,225 - Heart_learning_rate - INFO - Starting server type: fedavg
2024-12-24 16:51:56,782 - Heart_learning_rate - INFO - Starting server type: fedprox
2024-12-24 16:51:58,574 - Heart_learning_rate - INFO - Starting server type: pfedme
2024-12-24 16:52:00,465 - Heart_learning_rate - INFO - Starting server type: ditto
2024-12-24 16:52:03,707 - Heart_learning_rate - INFO - Starting server type: localadaptation
2024-12-24 16:52:05,463 - Heart_learning_rate - INFO - Starting server type: babu
2024-12-24 16:52:07,262 - Heart_learning_rate - INFO - Starting server type: fedlp
2024-12-24 16:52:08,792 - Heart_learning_rate - INFO - Starting server type: fedlama
2024-12-24 16:52:10,329 - Heart_learning_rate - INFO - Starting server type: pfedla
2024-12-24 16:52:11,896 - Heart_learning_rate - INFO - Starting server type: layerpfl
2024-12-24 16:52:13,428 - Heart_learning_rate - INFO - Starting tuning for: 0.05
2024-12-24 16:52:13,436 - Heart_learning_rate - INFO - Starting server type: local
2024-12-24 16:52:14,956 - Heart_learning_rate - INFO - Starting server type: fedavg
2024-12-24 16:52:16,488 - Heart_learning_rate - INFO - Starting server type: fedprox
2024-12-24 16:52:18,257 - Heart_learning_rate - INFO - Starting server type: pfedme
2024-12-24 16:52:20,150 - Heart_learning_rate - INFO - Starting server type: ditto
2024-12-24 16:52:23,390 - Heart_learning_rate - INFO - Starting server type: localadaptation
2024-12-24 16:52:25,142 - Heart_learning_rate - INFO - Starting server type: babu
2024-12-24 16:52:26,967 - Heart_learning_rate - INFO - Starting server type: fedlp
2024-12-24 16:52:28,520 - Heart_learning_rate - INFO - Starting server type: fedlama
2024-12-24 16:52:30,077 - Heart_learning_rate - INFO - Starting server type: pfedla
2024-12-24 16:52:31,667 - Heart_learning_rate - INFO - Starting server type: layerpfl
2024-12-24 16:52:33,221 - Heart_learning_rate - INFO - Starting tuning for: 0.01
2024-12-24 16:52:33,230 - Heart_learning_rate - INFO - Starting server type: local
2024-12-24 16:52:34,775 - Heart_learning_rate - INFO - Starting server type: fedavg
2024-12-24 16:52:36,336 - Heart_learning_rate - INFO - Starting server type: fedprox
2024-12-24 16:52:38,135 - Heart_learning_rate - INFO - Starting server type: pfedme
2024-12-24 16:52:40,029 - Heart_learning_rate - INFO - Starting server type: ditto
2024-12-24 16:52:43,269 - Heart_learning_rate - INFO - Starting server type: localadaptation
2024-12-24 16:52:45,022 - Heart_learning_rate - INFO - Starting server type: babu
2024-12-24 16:52:46,853 - Heart_learning_rate - INFO - Starting server type: fedlp
2024-12-24 16:52:48,409 - Heart_learning_rate - INFO - Starting server type: fedlama
2024-12-24 16:52:49,966 - Heart_learning_rate - INFO - Starting server type: pfedla
2024-12-24 16:52:51,554 - Heart_learning_rate - INFO - Starting server type: layerpfl
2024-12-24 16:52:53,140 - Heart_learning_rate - INFO - Starting Run 3/5
2024-12-24 16:52:53,140 - Heart_learning_rate - INFO - Starting tuning for: 1
2024-12-24 16:52:53,148 - Heart_learning_rate - INFO - Starting server type: local
2024-12-24 16:52:54,702 - Heart_learning_rate - INFO - Starting server type: fedavg
2024-12-24 16:52:56,263 - Heart_learning_rate - INFO - Starting server type: fedprox
2024-12-24 16:52:58,069 - Heart_learning_rate - INFO - Starting server type: pfedme
2024-12-24 16:52:59,971 - Heart_learning_rate - INFO - Starting server type: ditto
2024-12-24 16:53:03,220 - Heart_learning_rate - INFO - Starting server type: localadaptation
2024-12-24 16:53:04,984 - Heart_learning_rate - INFO - Starting server type: babu
2024-12-24 16:53:06,818 - Heart_learning_rate - INFO - Starting server type: fedlp
2024-12-24 16:53:08,379 - Heart_learning_rate - INFO - Starting server type: fedlama
2024-12-24 16:53:09,944 - Heart_learning_rate - INFO - Starting server type: pfedla
2024-12-24 16:53:11,531 - Heart_learning_rate - INFO - Starting server type: layerpfl
2024-12-24 16:53:13,066 - Heart_learning_rate - INFO - Starting tuning for: 0.5
2024-12-24 16:53:13,074 - Heart_learning_rate - INFO - Starting server type: local
2024-12-24 16:53:14,601 - Heart_learning_rate - INFO - Starting server type: fedavg
2024-12-24 16:53:16,153 - Heart_learning_rate - INFO - Starting server type: fedprox
2024-12-24 16:53:17,955 - Heart_learning_rate - INFO - Starting server type: pfedme
2024-12-24 16:53:19,853 - Heart_learning_rate - INFO - Starting server type: ditto
2024-12-24 16:53:23,100 - Heart_learning_rate - INFO - Starting server type: localadaptation
2024-12-24 16:53:24,860 - Heart_learning_rate - INFO - Starting server type: babu
2024-12-24 16:53:26,690 - Heart_learning_rate - INFO - Starting server type: fedlp
2024-12-24 16:53:28,245 - Heart_learning_rate - INFO - Starting server type: fedlama
2024-12-24 16:53:29,810 - Heart_learning_rate - INFO - Starting server type: pfedla
2024-12-24 16:53:31,404 - Heart_learning_rate - INFO - Starting server type: layerpfl
2024-12-24 16:53:32,969 - Heart_learning_rate - INFO - Starting tuning for: 0.1
2024-12-24 16:53:32,978 - Heart_learning_rate - INFO - Starting server type: local
2024-12-24 16:53:34,524 - Heart_learning_rate - INFO - Starting server type: fedavg
2024-12-24 16:53:36,081 - Heart_learning_rate - INFO - Starting server type: fedprox
2024-12-24 16:53:37,882 - Heart_learning_rate - INFO - Starting server type: pfedme
2024-12-24 16:53:39,774 - Heart_learning_rate - INFO - Starting server type: ditto
2024-12-24 16:53:42,988 - Heart_learning_rate - INFO - Starting server type: localadaptation
2024-12-24 16:53:44,723 - Heart_learning_rate - INFO - Starting server type: babu
2024-12-24 16:53:46,528 - Heart_learning_rate - INFO - Starting server type: fedlp
2024-12-24 16:53:48,063 - Heart_learning_rate - INFO - Starting server type: fedlama
2024-12-24 16:53:49,602 - Heart_learning_rate - INFO - Starting server type: pfedla
2024-12-24 16:53:51,172 - Heart_learning_rate - INFO - Starting server type: layerpfl
2024-12-24 16:53:52,710 - Heart_learning_rate - INFO - Starting tuning for: 0.05
2024-12-24 16:53:52,719 - Heart_learning_rate - INFO - Starting server type: local
2024-12-24 16:53:54,242 - Heart_learning_rate - INFO - Starting server type: fedavg
2024-12-24 16:53:55,776 - Heart_learning_rate - INFO - Starting server type: fedprox
2024-12-24 16:53:57,644 - Heart_learning_rate - INFO - Starting server type: pfedme
2024-12-24 16:53:59,518 - Heart_learning_rate - INFO - Starting server type: ditto
2024-12-24 16:54:02,731 - Heart_learning_rate - INFO - Starting server type: localadaptation
2024-12-24 16:54:04,470 - Heart_learning_rate - INFO - Starting server type: babu
2024-12-24 16:54:06,277 - Heart_learning_rate - INFO - Starting server type: fedlp
2024-12-24 16:54:07,817 - Heart_learning_rate - INFO - Starting server type: fedlama
2024-12-24 16:54:09,360 - Heart_learning_rate - INFO - Starting server type: pfedla
2024-12-24 16:54:10,931 - Heart_learning_rate - INFO - Starting server type: layerpfl
2024-12-24 16:54:12,469 - Heart_learning_rate - INFO - Starting tuning for: 0.01
2024-12-24 16:54:12,478 - Heart_learning_rate - INFO - Starting server type: local
2024-12-24 16:54:14,010 - Heart_learning_rate - INFO - Starting server type: fedavg
2024-12-24 16:54:15,548 - Heart_learning_rate - INFO - Starting server type: fedprox
2024-12-24 16:54:17,328 - Heart_learning_rate - INFO - Starting server type: pfedme
2024-12-24 16:54:19,203 - Heart_learning_rate - INFO - Starting server type: ditto
2024-12-24 16:54:22,410 - Heart_learning_rate - INFO - Starting server type: localadaptation
2024-12-24 16:54:24,149 - Heart_learning_rate - INFO - Starting server type: babu
2024-12-24 16:54:25,963 - Heart_learning_rate - INFO - Starting server type: fedlp
2024-12-24 16:54:27,499 - Heart_learning_rate - INFO - Starting server type: fedlama
2024-12-24 16:54:29,036 - Heart_learning_rate - INFO - Starting server type: pfedla
2024-12-24 16:54:30,606 - Heart_learning_rate - INFO - Starting server type: layerpfl
2024-12-24 16:54:32,193 - Heart_learning_rate - INFO - Starting Run 4/5
2024-12-24 16:54:32,194 - Heart_learning_rate - INFO - Starting tuning for: 1
2024-12-24 16:54:32,202 - Heart_learning_rate - INFO - Starting server type: local
2024-12-24 16:54:33,733 - Heart_learning_rate - INFO - Starting server type: fedavg
2024-12-24 16:54:35,274 - Heart_learning_rate - INFO - Starting server type: fedprox
2024-12-24 16:54:37,050 - Heart_learning_rate - INFO - Starting server type: pfedme
2024-12-24 16:54:38,932 - Heart_learning_rate - INFO - Starting server type: ditto
2024-12-24 16:54:42,154 - Heart_learning_rate - INFO - Starting server type: localadaptation
2024-12-24 16:54:43,896 - Heart_learning_rate - INFO - Starting server type: babu
2024-12-24 16:54:45,704 - Heart_learning_rate - INFO - Starting server type: fedlp
2024-12-24 16:54:47,247 - Heart_learning_rate - INFO - Starting server type: fedlama
2024-12-24 16:54:48,787 - Heart_learning_rate - INFO - Starting server type: pfedla
2024-12-24 16:54:50,360 - Heart_learning_rate - INFO - Starting server type: layerpfl
2024-12-24 16:54:51,902 - Heart_learning_rate - INFO - Starting tuning for: 0.5
2024-12-24 16:54:51,910 - Heart_learning_rate - INFO - Starting server type: local
2024-12-24 16:54:53,446 - Heart_learning_rate - INFO - Starting server type: fedavg
2024-12-24 16:54:54,989 - Heart_learning_rate - INFO - Starting server type: fedprox
2024-12-24 16:54:56,796 - Heart_learning_rate - INFO - Starting server type: pfedme
2024-12-24 16:54:58,698 - Heart_learning_rate - INFO - Starting server type: ditto
2024-12-24 16:55:01,960 - Heart_learning_rate - INFO - Starting server type: localadaptation
2024-12-24 16:55:03,722 - Heart_learning_rate - INFO - Starting server type: babu
2024-12-24 16:55:05,560 - Heart_learning_rate - INFO - Starting server type: fedlp
2024-12-24 16:55:07,123 - Heart_learning_rate - INFO - Starting server type: fedlama
2024-12-24 16:55:08,685 - Heart_learning_rate - INFO - Starting server type: pfedla
2024-12-24 16:55:10,282 - Heart_learning_rate - INFO - Starting server type: layerpfl
2024-12-24 16:55:11,846 - Heart_learning_rate - INFO - Starting tuning for: 0.1
2024-12-24 16:55:11,854 - Heart_learning_rate - INFO - Starting server type: local
2024-12-24 16:55:13,406 - Heart_learning_rate - INFO - Starting server type: fedavg
2024-12-24 16:55:14,970 - Heart_learning_rate - INFO - Starting server type: fedprox
2024-12-24 16:55:16,778 - Heart_learning_rate - INFO - Starting server type: pfedme
2024-12-24 16:55:18,676 - Heart_learning_rate - INFO - Starting server type: ditto
2024-12-24 16:55:21,930 - Heart_learning_rate - INFO - Starting server type: localadaptation
2024-12-24 16:55:23,699 - Heart_learning_rate - INFO - Starting server type: babu
2024-12-24 16:55:25,535 - Heart_learning_rate - INFO - Starting server type: fedlp
2024-12-24 16:55:27,095 - Heart_learning_rate - INFO - Starting server type: fedlama
2024-12-24 16:55:28,638 - Heart_learning_rate - INFO - Starting server type: pfedla
2024-12-24 16:55:30,210 - Heart_learning_rate - INFO - Starting server type: layerpfl
2024-12-24 16:55:31,748 - Heart_learning_rate - INFO - Starting tuning for: 0.05
2024-12-24 16:55:31,756 - Heart_learning_rate - INFO - Starting server type: local
2024-12-24 16:55:33,282 - Heart_learning_rate - INFO - Starting server type: fedavg
2024-12-24 16:55:34,816 - Heart_learning_rate - INFO - Starting server type: fedprox
2024-12-24 16:55:36,594 - Heart_learning_rate - INFO - Starting server type: pfedme
2024-12-24 16:55:38,466 - Heart_learning_rate - INFO - Starting server type: ditto
2024-12-24 16:55:41,682 - Heart_learning_rate - INFO - Starting server type: localadaptation
2024-12-24 16:55:43,424 - Heart_learning_rate - INFO - Starting server type: babu
2024-12-24 16:55:45,237 - Heart_learning_rate - INFO - Starting server type: fedlp
2024-12-24 16:55:46,778 - Heart_learning_rate - INFO - Starting server type: fedlama
2024-12-24 16:55:48,317 - Heart_learning_rate - INFO - Starting server type: pfedla
2024-12-24 16:55:49,893 - Heart_learning_rate - INFO - Starting server type: layerpfl
2024-12-24 16:55:51,434 - Heart_learning_rate - INFO - Starting tuning for: 0.01
2024-12-24 16:55:51,442 - Heart_learning_rate - INFO - Starting server type: local
2024-12-24 16:55:52,970 - Heart_learning_rate - INFO - Starting server type: fedavg
2024-12-24 16:55:54,510 - Heart_learning_rate - INFO - Starting server type: fedprox
2024-12-24 16:55:56,286 - Heart_learning_rate - INFO - Starting server type: pfedme
2024-12-24 16:55:58,160 - Heart_learning_rate - INFO - Starting server type: ditto
2024-12-24 16:56:01,370 - Heart_learning_rate - INFO - Starting server type: localadaptation
2024-12-24 16:56:03,116 - Heart_learning_rate - INFO - Starting server type: babu
2024-12-24 16:56:04,923 - Heart_learning_rate - INFO - Starting server type: fedlp
2024-12-24 16:56:06,461 - Heart_learning_rate - INFO - Starting server type: fedlama
2024-12-24 16:56:08,003 - Heart_learning_rate - INFO - Starting server type: pfedla
2024-12-24 16:56:09,584 - Heart_learning_rate - INFO - Starting server type: layerpfl
2024-12-24 16:56:11,194 - Heart_learning_rate - INFO - Starting Run 5/5
2024-12-24 16:56:11,194 - Heart_learning_rate - INFO - Starting tuning for: 1
2024-12-24 16:56:11,202 - Heart_learning_rate - INFO - Starting server type: local
2024-12-24 16:56:12,735 - Heart_learning_rate - INFO - Starting server type: fedavg
2024-12-24 16:56:14,274 - Heart_learning_rate - INFO - Starting server type: fedprox
2024-12-24 16:56:16,050 - Heart_learning_rate - INFO - Starting server type: pfedme
2024-12-24 16:56:17,929 - Heart_learning_rate - INFO - Starting server type: ditto
2024-12-24 16:56:21,146 - Heart_learning_rate - INFO - Starting server type: localadaptation
2024-12-24 16:56:22,890 - Heart_learning_rate - INFO - Starting server type: babu
2024-12-24 16:56:24,704 - Heart_learning_rate - INFO - Starting server type: fedlp
2024-12-24 16:56:26,247 - Heart_learning_rate - INFO - Starting server type: fedlama
2024-12-24 16:56:27,793 - Heart_learning_rate - INFO - Starting server type: pfedla
2024-12-24 16:56:29,369 - Heart_learning_rate - INFO - Starting server type: layerpfl
2024-12-24 16:56:30,909 - Heart_learning_rate - INFO - Starting tuning for: 0.5
2024-12-24 16:56:30,918 - Heart_learning_rate - INFO - Starting server type: local
2024-12-24 16:56:32,454 - Heart_learning_rate - INFO - Starting server type: fedavg
2024-12-24 16:56:33,993 - Heart_learning_rate - INFO - Starting server type: fedprox
2024-12-24 16:56:35,772 - Heart_learning_rate - INFO - Starting server type: pfedme
2024-12-24 16:56:37,651 - Heart_learning_rate - INFO - Starting server type: ditto
2024-12-24 16:56:40,873 - Heart_learning_rate - INFO - Starting server type: localadaptation
2024-12-24 16:56:42,617 - Heart_learning_rate - INFO - Starting server type: babu
2024-12-24 16:56:44,436 - Heart_learning_rate - INFO - Starting server type: fedlp
2024-12-24 16:56:45,979 - Heart_learning_rate - INFO - Starting server type: fedlama
2024-12-24 16:56:47,527 - Heart_learning_rate - INFO - Starting server type: pfedla
2024-12-24 16:56:49,110 - Heart_learning_rate - INFO - Starting server type: layerpfl
2024-12-24 16:56:50,755 - Heart_learning_rate - INFO - Starting tuning for: 0.1
2024-12-24 16:56:50,763 - Heart_learning_rate - INFO - Starting server type: local
2024-12-24 16:56:52,295 - Heart_learning_rate - INFO - Starting server type: fedavg
2024-12-24 16:56:53,838 - Heart_learning_rate - INFO - Starting server type: fedprox
2024-12-24 16:56:55,622 - Heart_learning_rate - INFO - Starting server type: pfedme
2024-12-24 16:56:57,492 - Heart_learning_rate - INFO - Starting server type: ditto
2024-12-24 16:57:00,708 - Heart_learning_rate - INFO - Starting server type: localadaptation
2024-12-24 16:57:02,453 - Heart_learning_rate - INFO - Starting server type: babu
2024-12-24 16:57:04,265 - Heart_learning_rate - INFO - Starting server type: fedlp
2024-12-24 16:57:05,807 - Heart_learning_rate - INFO - Starting server type: fedlama
2024-12-24 16:57:07,357 - Heart_learning_rate - INFO - Starting server type: pfedla
2024-12-24 16:57:08,932 - Heart_learning_rate - INFO - Starting server type: layerpfl
2024-12-24 16:57:10,467 - Heart_learning_rate - INFO - Starting tuning for: 0.05
2024-12-24 16:57:10,476 - Heart_learning_rate - INFO - Starting server type: local
2024-12-24 16:57:12,009 - Heart_learning_rate - INFO - Starting server type: fedavg
2024-12-24 16:57:13,552 - Heart_learning_rate - INFO - Starting server type: fedprox
2024-12-24 16:57:15,332 - Heart_learning_rate - INFO - Starting server type: pfedme
2024-12-24 16:57:17,204 - Heart_learning_rate - INFO - Starting server type: ditto
2024-12-24 16:57:20,421 - Heart_learning_rate - INFO - Starting server type: localadaptation
2024-12-24 16:57:22,168 - Heart_learning_rate - INFO - Starting server type: babu
2024-12-24 16:57:23,981 - Heart_learning_rate - INFO - Starting server type: fedlp
2024-12-24 16:57:25,522 - Heart_learning_rate - INFO - Starting server type: fedlama
2024-12-24 16:57:27,069 - Heart_learning_rate - INFO - Starting server type: pfedla
2024-12-24 16:57:28,646 - Heart_learning_rate - INFO - Starting server type: layerpfl
2024-12-24 16:57:30,189 - Heart_learning_rate - INFO - Starting tuning for: 0.01
2024-12-24 16:57:30,198 - Heart_learning_rate - INFO - Starting server type: local
2024-12-24 16:57:31,729 - Heart_learning_rate - INFO - Starting server type: fedavg
2024-12-24 16:57:33,272 - Heart_learning_rate - INFO - Starting server type: fedprox
2024-12-24 16:57:35,046 - Heart_learning_rate - INFO - Starting server type: pfedme
2024-12-24 16:57:36,919 - Heart_learning_rate - INFO - Starting server type: ditto
2024-12-24 16:57:40,136 - Heart_learning_rate - INFO - Starting server type: localadaptation
2024-12-24 16:57:41,883 - Heart_learning_rate - INFO - Starting server type: babu
2024-12-24 16:57:43,693 - Heart_learning_rate - INFO - Starting server type: fedlp
2024-12-24 16:57:45,231 - Heart_learning_rate - INFO - Starting server type: fedlama
2024-12-24 16:57:46,779 - Heart_learning_rate - INFO - Starting server type: pfedla
2024-12-24 16:57:48,347 - Heart_learning_rate - INFO - Starting server type: layerpfl
