2025-01-15 14:14:28,570 - Heart_learning_rate - INFO - Starting hyperparameter tuning experiment
2025-01-15 14:14:28,574 - Heart_learning_rate - INFO - Testing learning rates: [1, 0.5, 0.1, 0.05, 0.01]
2025-01-15 14:14:28,578 - Heart_learning_rate - INFO - Starting Run 1/5
2025-01-15 14:14:28,578 - Heart_learning_rate - INFO - Starting tuning for: 1
2025-01-15 14:14:28,647 - Heart_learning_rate - INFO - Starting server type: local
2025-01-15 14:16:04,459 - Heart_learning_rate - INFO - Starting server type: fedavg
2025-01-15 14:17:37,828 - Heart_learning_rate - INFO - Starting server type: fedprox
2025-01-15 14:19:12,716 - Heart_learning_rate - INFO - Starting server type: pfedme
2025-01-15 14:20:50,658 - Heart_learning_rate - INFO - Starting server type: ditto
2025-01-15 14:24:02,700 - Heart_learning_rate - INFO - Starting server type: localadaptation
2025-01-15 14:25:32,485 - Heart_learning_rate - INFO - Starting server type: babu
2025-01-15 14:26:57,355 - Heart_learning_rate - INFO - Starting server type: fedlp
2025-01-15 14:28:20,615 - Heart_learning_rate - INFO - Starting server type: fedlama
2025-01-15 14:29:43,805 - Heart_learning_rate - INFO - Starting server type: pfedla
2025-01-15 14:31:07,928 - Heart_learning_rate - INFO - Starting server type: layerpfl
2025-01-15 14:32:31,844 - Heart_learning_rate - INFO - Starting tuning for: 0.5
2025-01-15 14:32:31,854 - Heart_learning_rate - INFO - Starting server type: local
2025-01-15 14:33:55,381 - Heart_learning_rate - INFO - Starting server type: fedavg
2025-01-15 14:35:18,904 - Heart_learning_rate - INFO - Starting server type: fedprox
2025-01-15 14:36:42,992 - Heart_learning_rate - INFO - Starting server type: pfedme
2025-01-15 14:38:06,121 - Heart_learning_rate - INFO - Starting server type: ditto
2025-01-15 14:40:51,113 - Heart_learning_rate - INFO - Starting server type: localadaptation
2025-01-15 14:42:14,432 - Heart_learning_rate - INFO - Starting server type: babu
2025-01-15 14:43:37,817 - Heart_learning_rate - INFO - Starting server type: fedlp
2025-01-15 14:44:59,721 - Heart_learning_rate - INFO - Starting server type: fedlama
2025-01-15 14:46:21,795 - Heart_learning_rate - INFO - Starting server type: pfedla
2025-01-15 14:47:44,786 - Heart_learning_rate - INFO - Starting server type: layerpfl
2025-01-15 14:49:06,961 - Heart_learning_rate - INFO - Starting tuning for: 0.1
2025-01-15 14:49:06,970 - Heart_learning_rate - INFO - Starting server type: local
2025-01-15 14:50:28,902 - Heart_learning_rate - INFO - Starting server type: fedavg
2025-01-15 14:51:51,371 - Heart_learning_rate - INFO - Starting server type: fedprox
2025-01-15 14:53:14,358 - Heart_learning_rate - INFO - Starting server type: pfedme
2025-01-15 14:54:38,146 - Heart_learning_rate - INFO - Starting server type: ditto
2025-01-15 14:57:24,389 - Heart_learning_rate - INFO - Starting server type: localadaptation
2025-01-15 14:58:48,926 - Heart_learning_rate - INFO - Starting server type: babu
2025-01-15 15:00:13,469 - Heart_learning_rate - INFO - Starting server type: fedlp
2025-01-15 15:01:36,348 - Heart_learning_rate - INFO - Starting server type: fedlama
2025-01-15 15:02:59,667 - Heart_learning_rate - INFO - Starting server type: pfedla
2025-01-15 15:04:23,588 - Heart_learning_rate - INFO - Starting server type: layerpfl
2025-01-15 15:05:46,659 - Heart_learning_rate - INFO - Starting tuning for: 0.05
2025-01-15 15:05:46,668 - Heart_learning_rate - INFO - Starting server type: local
2025-01-15 15:07:09,673 - Heart_learning_rate - INFO - Starting server type: fedavg
2025-01-15 15:08:32,997 - Heart_learning_rate - INFO - Starting server type: fedprox
2025-01-15 15:09:56,758 - Heart_learning_rate - INFO - Starting server type: pfedme
2025-01-15 15:11:20,910 - Heart_learning_rate - INFO - Starting server type: ditto
2025-01-15 15:14:07,939 - Heart_learning_rate - INFO - Starting server type: localadaptation
2025-01-15 15:15:31,748 - Heart_learning_rate - INFO - Starting server type: babu
2025-01-15 15:16:55,558 - Heart_learning_rate - INFO - Starting server type: fedlp
2025-01-15 15:18:18,037 - Heart_learning_rate - INFO - Starting server type: fedlama
2025-01-15 15:19:40,091 - Heart_learning_rate - INFO - Starting server type: pfedla
2025-01-15 15:21:03,010 - Heart_learning_rate - INFO - Starting server type: layerpfl
2025-01-15 15:22:25,714 - Heart_learning_rate - INFO - Starting tuning for: 0.01
2025-01-15 15:22:25,724 - Heart_learning_rate - INFO - Starting server type: local
2025-01-15 15:23:48,677 - Heart_learning_rate - INFO - Starting server type: fedavg
2025-01-15 15:25:11,569 - Heart_learning_rate - INFO - Starting server type: fedprox
2025-01-15 15:26:35,149 - Heart_learning_rate - INFO - Starting server type: pfedme
2025-01-15 15:27:58,794 - Heart_learning_rate - INFO - Starting server type: ditto
2025-01-15 15:30:46,426 - Heart_learning_rate - INFO - Starting server type: localadaptation
2025-01-15 15:32:11,370 - Heart_learning_rate - INFO - Starting server type: babu
2025-01-15 15:33:36,055 - Heart_learning_rate - INFO - Starting server type: fedlp
2025-01-15 15:34:59,333 - Heart_learning_rate - INFO - Starting server type: fedlama
2025-01-15 15:36:22,704 - Heart_learning_rate - INFO - Starting server type: pfedla
2025-01-15 15:37:46,462 - Heart_learning_rate - INFO - Starting server type: layerpfl
2025-01-15 15:39:10,368 - Heart_learning_rate - INFO - Starting Run 2/5
2025-01-15 15:39:10,368 - Heart_learning_rate - INFO - Starting tuning for: 1
2025-01-15 15:39:10,377 - Heart_learning_rate - INFO - Starting server type: local
2025-01-15 15:40:34,227 - Heart_learning_rate - INFO - Starting server type: fedavg
2025-01-15 15:41:58,040 - Heart_learning_rate - INFO - Starting server type: fedprox
2025-01-15 15:43:22,671 - Heart_learning_rate - INFO - Starting server type: pfedme
2025-01-15 15:44:48,110 - Heart_learning_rate - INFO - Starting server type: ditto
2025-01-15 15:47:37,394 - Heart_learning_rate - INFO - Starting server type: localadaptation
2025-01-15 15:49:02,924 - Heart_learning_rate - INFO - Starting server type: babu
2025-01-15 15:50:28,254 - Heart_learning_rate - INFO - Starting server type: fedlp
2025-01-15 15:51:52,144 - Heart_learning_rate - INFO - Starting server type: fedlama
2025-01-15 15:53:15,948 - Heart_learning_rate - INFO - Starting server type: pfedla
2025-01-15 15:54:40,278 - Heart_learning_rate - INFO - Starting server type: layerpfl
2025-01-15 15:56:03,922 - Heart_learning_rate - INFO - Starting tuning for: 0.5
2025-01-15 15:56:03,932 - Heart_learning_rate - INFO - Starting server type: local
2025-01-15 15:57:27,596 - Heart_learning_rate - INFO - Starting server type: fedavg
2025-01-15 15:58:51,586 - Heart_learning_rate - INFO - Starting server type: fedprox
2025-01-15 16:00:16,051 - Heart_learning_rate - INFO - Starting server type: pfedme
2025-01-15 16:01:41,005 - Heart_learning_rate - INFO - Starting server type: ditto
2025-01-15 16:04:30,148 - Heart_learning_rate - INFO - Starting server type: localadaptation
2025-01-15 16:05:55,475 - Heart_learning_rate - INFO - Starting server type: babu
2025-01-15 16:07:21,427 - Heart_learning_rate - INFO - Starting server type: fedlp
2025-01-15 16:08:46,009 - Heart_learning_rate - INFO - Starting server type: fedlama
2025-01-15 16:10:10,692 - Heart_learning_rate - INFO - Starting server type: pfedla
2025-01-15 16:11:35,893 - Heart_learning_rate - INFO - Starting server type: layerpfl
2025-01-15 16:13:00,701 - Heart_learning_rate - INFO - Starting tuning for: 0.1
2025-01-15 16:13:00,710 - Heart_learning_rate - INFO - Starting server type: local
2025-01-15 16:14:25,391 - Heart_learning_rate - INFO - Starting server type: fedavg
2025-01-15 16:15:49,959 - Heart_learning_rate - INFO - Starting server type: fedprox
2025-01-15 16:17:15,981 - Heart_learning_rate - INFO - Starting server type: pfedme
2025-01-15 16:18:42,956 - Heart_learning_rate - INFO - Starting server type: ditto
2025-01-15 16:21:35,741 - Heart_learning_rate - INFO - Starting server type: localadaptation
2025-01-15 16:23:03,699 - Heart_learning_rate - INFO - Starting server type: babu
2025-01-15 16:24:31,744 - Heart_learning_rate - INFO - Starting server type: fedlp
2025-01-15 16:25:57,904 - Heart_learning_rate - INFO - Starting server type: fedlama
2025-01-15 16:27:24,452 - Heart_learning_rate - INFO - Starting server type: pfedla
2025-01-15 16:28:51,259 - Heart_learning_rate - INFO - Starting server type: layerpfl
2025-01-15 16:30:17,908 - Heart_learning_rate - INFO - Starting tuning for: 0.05
2025-01-15 16:30:18,004 - Heart_learning_rate - INFO - Starting server type: local
2025-01-15 16:31:44,178 - Heart_learning_rate - INFO - Starting server type: fedavg
2025-01-15 16:33:10,203 - Heart_learning_rate - INFO - Starting server type: fedprox
2025-01-15 16:34:36,420 - Heart_learning_rate - INFO - Starting server type: pfedme
2025-01-15 16:36:03,286 - Heart_learning_rate - INFO - Starting server type: ditto
2025-01-15 16:38:55,480 - Heart_learning_rate - INFO - Starting server type: localadaptation
2025-01-15 16:40:22,964 - Heart_learning_rate - INFO - Starting server type: babu
2025-01-15 16:41:50,652 - Heart_learning_rate - INFO - Starting server type: fedlp
2025-01-15 16:43:16,262 - Heart_learning_rate - INFO - Starting server type: fedlama
2025-01-15 16:44:42,078 - Heart_learning_rate - INFO - Starting server type: pfedla
2025-01-15 16:46:09,058 - Heart_learning_rate - INFO - Starting server type: layerpfl
2025-01-15 16:47:35,280 - Heart_learning_rate - INFO - Starting tuning for: 0.01
2025-01-15 16:47:35,289 - Heart_learning_rate - INFO - Starting server type: local
2025-01-15 16:49:01,698 - Heart_learning_rate - INFO - Starting server type: fedavg
2025-01-15 16:50:27,945 - Heart_learning_rate - INFO - Starting server type: fedprox
2025-01-15 16:51:54,961 - Heart_learning_rate - INFO - Starting server type: pfedme
2025-01-15 16:53:22,633 - Heart_learning_rate - INFO - Starting server type: ditto
2025-01-15 16:56:17,104 - Heart_learning_rate - INFO - Starting server type: localadaptation
2025-01-15 16:57:45,490 - Heart_learning_rate - INFO - Starting server type: babu
2025-01-15 16:59:13,741 - Heart_learning_rate - INFO - Starting server type: fedlp
2025-01-15 17:00:40,685 - Heart_learning_rate - INFO - Starting server type: fedlama
2025-01-15 17:02:07,201 - Heart_learning_rate - INFO - Starting server type: pfedla
2025-01-15 17:03:34,426 - Heart_learning_rate - INFO - Starting server type: layerpfl
2025-01-15 17:05:01,163 - Heart_learning_rate - INFO - Starting Run 3/5
2025-01-15 17:05:01,168 - Heart_learning_rate - INFO - Starting tuning for: 1
2025-01-15 17:05:01,177 - Heart_learning_rate - INFO - Starting server type: local
2025-01-15 17:06:27,404 - Heart_learning_rate - INFO - Starting server type: fedavg
2025-01-15 17:07:53,362 - Heart_learning_rate - INFO - Starting server type: fedprox
2025-01-15 17:09:20,276 - Heart_learning_rate - INFO - Starting server type: pfedme
2025-01-15 17:10:47,722 - Heart_learning_rate - INFO - Starting server type: ditto
2025-01-15 17:13:41,153 - Heart_learning_rate - INFO - Starting server type: localadaptation
2025-01-15 17:15:09,457 - Heart_learning_rate - INFO - Starting server type: babu
2025-01-15 17:16:35,535 - Heart_learning_rate - INFO - Starting server type: fedlp
2025-01-15 17:18:02,165 - Heart_learning_rate - INFO - Starting server type: fedlama
2025-01-15 17:19:28,939 - Heart_learning_rate - INFO - Starting server type: pfedla
2025-01-15 17:20:54,309 - Heart_learning_rate - INFO - Starting server type: layerpfl
2025-01-15 17:22:19,435 - Heart_learning_rate - INFO - Starting tuning for: 0.5
2025-01-15 17:22:19,706 - Heart_learning_rate - INFO - Starting server type: local
2025-01-15 17:23:45,531 - Heart_learning_rate - INFO - Starting server type: fedavg
2025-01-15 17:25:11,020 - Heart_learning_rate - INFO - Starting server type: fedprox
2025-01-15 17:26:37,137 - Heart_learning_rate - INFO - Starting server type: pfedme
2025-01-15 17:28:02,705 - Heart_learning_rate - INFO - Starting server type: ditto
2025-01-15 17:30:54,544 - Heart_learning_rate - INFO - Starting server type: localadaptation
2025-01-15 17:32:22,025 - Heart_learning_rate - INFO - Starting server type: babu
2025-01-15 17:33:49,780 - Heart_learning_rate - INFO - Starting server type: fedlp
2025-01-15 17:35:15,874 - Heart_learning_rate - INFO - Starting server type: fedlama
2025-01-15 17:36:42,192 - Heart_learning_rate - INFO - Starting server type: pfedla
2025-01-15 17:38:09,251 - Heart_learning_rate - INFO - Starting server type: layerpfl
2025-01-15 17:39:35,708 - Heart_learning_rate - INFO - Starting tuning for: 0.1
2025-01-15 17:39:35,790 - Heart_learning_rate - INFO - Starting server type: local
2025-01-15 17:41:01,980 - Heart_learning_rate - INFO - Starting server type: fedavg
2025-01-15 17:42:27,937 - Heart_learning_rate - INFO - Starting server type: fedprox
2025-01-15 17:43:54,900 - Heart_learning_rate - INFO - Starting server type: pfedme
2025-01-15 17:45:22,518 - Heart_learning_rate - INFO - Starting server type: ditto
2025-01-15 17:48:34,809 - Heart_learning_rate - INFO - Starting server type: localadaptation
2025-01-15 17:50:03,044 - Heart_learning_rate - INFO - Starting server type: babu
2025-01-15 17:51:30,778 - Heart_learning_rate - INFO - Starting server type: fedlp
2025-01-15 17:52:57,149 - Heart_learning_rate - INFO - Starting server type: fedlama
2025-01-15 17:54:23,458 - Heart_learning_rate - INFO - Starting server type: pfedla
2025-01-15 17:55:50,789 - Heart_learning_rate - INFO - Starting server type: layerpfl
2025-01-15 17:57:17,466 - Heart_learning_rate - INFO - Starting tuning for: 0.05
2025-01-15 17:57:17,475 - Heart_learning_rate - INFO - Starting server type: local
2025-01-15 17:58:43,796 - Heart_learning_rate - INFO - Starting server type: fedavg
2025-01-15 18:00:10,410 - Heart_learning_rate - INFO - Starting server type: fedprox
2025-01-15 18:01:38,006 - Heart_learning_rate - INFO - Starting server type: pfedme
2025-01-15 18:03:05,964 - Heart_learning_rate - INFO - Starting server type: ditto
2025-01-15 18:06:00,899 - Heart_learning_rate - INFO - Starting server type: localadaptation
2025-01-15 18:07:29,386 - Heart_learning_rate - INFO - Starting server type: babu
2025-01-15 18:08:57,866 - Heart_learning_rate - INFO - Starting server type: fedlp
2025-01-15 18:10:24,426 - Heart_learning_rate - INFO - Starting server type: fedlama
2025-01-15 18:11:51,345 - Heart_learning_rate - INFO - Starting server type: pfedla
2025-01-15 18:13:18,928 - Heart_learning_rate - INFO - Starting server type: layerpfl
2025-01-15 18:14:46,249 - Heart_learning_rate - INFO - Starting tuning for: 0.01
2025-01-15 18:14:46,258 - Heart_learning_rate - INFO - Starting server type: local
2025-01-15 18:16:13,749 - Heart_learning_rate - INFO - Starting server type: fedavg
2025-01-15 18:17:41,227 - Heart_learning_rate - INFO - Starting server type: fedprox
2025-01-15 18:19:09,565 - Heart_learning_rate - INFO - Starting server type: pfedme
2025-01-15 18:20:37,906 - Heart_learning_rate - INFO - Starting server type: ditto
2025-01-15 18:23:31,650 - Heart_learning_rate - INFO - Starting server type: localadaptation
2025-01-15 18:24:59,640 - Heart_learning_rate - INFO - Starting server type: babu
2025-01-15 18:26:27,866 - Heart_learning_rate - INFO - Starting server type: fedlp
2025-01-15 18:27:54,240 - Heart_learning_rate - INFO - Starting server type: fedlama
2025-01-15 18:29:20,570 - Heart_learning_rate - INFO - Starting server type: pfedla
2025-01-15 18:30:47,677 - Heart_learning_rate - INFO - Starting server type: layerpfl
2025-01-15 18:32:14,660 - Heart_learning_rate - INFO - Starting Run 4/5
2025-01-15 18:32:14,660 - Heart_learning_rate - INFO - Starting tuning for: 1
2025-01-15 18:32:14,670 - Heart_learning_rate - INFO - Starting server type: local
2025-01-15 18:33:40,923 - Heart_learning_rate - INFO - Starting server type: fedavg
2025-01-15 18:35:07,432 - Heart_learning_rate - INFO - Starting server type: fedprox
2025-01-15 18:36:34,967 - Heart_learning_rate - INFO - Starting server type: pfedme
2025-01-15 18:38:02,566 - Heart_learning_rate - INFO - Starting server type: ditto
2025-01-15 18:40:56,623 - Heart_learning_rate - INFO - Starting server type: localadaptation
2025-01-15 18:42:24,917 - Heart_learning_rate - INFO - Starting server type: babu
2025-01-15 18:43:53,251 - Heart_learning_rate - INFO - Starting server type: fedlp
2025-01-15 18:45:19,824 - Heart_learning_rate - INFO - Starting server type: fedlama
2025-01-15 18:46:46,695 - Heart_learning_rate - INFO - Starting server type: pfedla
2025-01-15 18:48:14,118 - Heart_learning_rate - INFO - Starting server type: layerpfl
2025-01-15 18:49:40,854 - Heart_learning_rate - INFO - Starting tuning for: 0.5
2025-01-15 18:49:40,863 - Heart_learning_rate - INFO - Starting server type: local
2025-01-15 18:51:07,517 - Heart_learning_rate - INFO - Starting server type: fedavg
2025-01-15 18:52:34,604 - Heart_learning_rate - INFO - Starting server type: fedprox
2025-01-15 18:54:02,421 - Heart_learning_rate - INFO - Starting server type: pfedme
2025-01-15 18:55:30,927 - Heart_learning_rate - INFO - Starting server type: ditto
2025-01-15 18:58:26,233 - Heart_learning_rate - INFO - Starting server type: localadaptation
2025-01-15 18:59:55,095 - Heart_learning_rate - INFO - Starting server type: babu
2025-01-15 19:01:23,769 - Heart_learning_rate - INFO - Starting server type: fedlp
2025-01-15 19:02:51,150 - Heart_learning_rate - INFO - Starting server type: fedlama
2025-01-15 19:04:18,559 - Heart_learning_rate - INFO - Starting server type: pfedla
2025-01-15 19:05:46,290 - Heart_learning_rate - INFO - Starting server type: layerpfl
2025-01-15 19:07:13,441 - Heart_learning_rate - INFO - Starting tuning for: 0.1
2025-01-15 19:07:13,450 - Heart_learning_rate - INFO - Starting server type: local
2025-01-15 19:08:40,712 - Heart_learning_rate - INFO - Starting server type: fedavg
2025-01-15 19:10:08,137 - Heart_learning_rate - INFO - Starting server type: fedprox
2025-01-15 19:11:36,013 - Heart_learning_rate - INFO - Starting server type: pfedme
2025-01-15 19:13:04,091 - Heart_learning_rate - INFO - Starting server type: ditto
2025-01-15 19:15:49,518 - Heart_learning_rate - INFO - Starting server type: localadaptation
2025-01-15 19:17:13,451 - Heart_learning_rate - INFO - Starting server type: babu
2025-01-15 19:18:37,333 - Heart_learning_rate - INFO - Starting server type: fedlp
2025-01-15 19:20:02,959 - Heart_learning_rate - INFO - Starting server type: fedlama
2025-01-15 19:21:30,698 - Heart_learning_rate - INFO - Starting server type: pfedla
2025-01-15 19:22:58,895 - Heart_learning_rate - INFO - Starting server type: layerpfl
2025-01-15 19:24:26,673 - Heart_learning_rate - INFO - Starting tuning for: 0.05
2025-01-15 19:24:26,682 - Heart_learning_rate - INFO - Starting server type: local
2025-01-15 19:25:54,769 - Heart_learning_rate - INFO - Starting server type: fedavg
2025-01-15 19:27:22,664 - Heart_learning_rate - INFO - Starting server type: fedprox
2025-01-15 19:28:47,318 - Heart_learning_rate - INFO - Starting server type: pfedme
2025-01-15 19:30:14,561 - Heart_learning_rate - INFO - Starting server type: ditto
2025-01-15 19:33:11,203 - Heart_learning_rate - INFO - Starting server type: localadaptation
2025-01-15 19:34:40,372 - Heart_learning_rate - INFO - Starting server type: babu
2025-01-15 19:36:09,714 - Heart_learning_rate - INFO - Starting server type: fedlp
2025-01-15 19:37:37,556 - Heart_learning_rate - INFO - Starting server type: fedlama
2025-01-15 19:39:05,543 - Heart_learning_rate - INFO - Starting server type: pfedla
2025-01-15 19:40:34,281 - Heart_learning_rate - INFO - Starting server type: layerpfl
2025-01-15 19:42:02,129 - Heart_learning_rate - INFO - Starting tuning for: 0.01
2025-01-15 19:42:02,138 - Heart_learning_rate - INFO - Starting server type: local
2025-01-15 19:43:29,953 - Heart_learning_rate - INFO - Starting server type: fedavg
2025-01-15 19:44:58,031 - Heart_learning_rate - INFO - Starting server type: fedprox
2025-01-15 19:46:26,866 - Heart_learning_rate - INFO - Starting server type: pfedme
2025-01-15 19:47:56,236 - Heart_learning_rate - INFO - Starting server type: ditto
2025-01-15 19:50:53,649 - Heart_learning_rate - INFO - Starting server type: localadaptation
2025-01-15 19:52:23,600 - Heart_learning_rate - INFO - Starting server type: babu
2025-01-15 19:53:53,683 - Heart_learning_rate - INFO - Starting server type: fedlp
2025-01-15 19:55:21,730 - Heart_learning_rate - INFO - Starting server type: fedlama
2025-01-15 19:56:49,695 - Heart_learning_rate - INFO - Starting server type: pfedla
2025-01-15 19:58:18,161 - Heart_learning_rate - INFO - Starting server type: layerpfl
2025-01-15 19:59:46,935 - Heart_learning_rate - INFO - Starting Run 5/5
2025-01-15 19:59:46,935 - Heart_learning_rate - INFO - Starting tuning for: 1
2025-01-15 19:59:46,944 - Heart_learning_rate - INFO - Starting server type: local
2025-01-15 20:01:14,925 - Heart_learning_rate - INFO - Starting server type: fedavg
2025-01-15 20:02:42,963 - Heart_learning_rate - INFO - Starting server type: fedprox
2025-01-15 20:04:11,874 - Heart_learning_rate - INFO - Starting server type: pfedme
2025-01-15 20:05:41,206 - Heart_learning_rate - INFO - Starting server type: ditto
2025-01-15 20:08:38,149 - Heart_learning_rate - INFO - Starting server type: localadaptation
2025-01-15 20:10:07,958 - Heart_learning_rate - INFO - Starting server type: babu
2025-01-15 20:11:37,771 - Heart_learning_rate - INFO - Starting server type: fedlp
2025-01-15 20:13:06,345 - Heart_learning_rate - INFO - Starting server type: fedlama
2025-01-15 20:14:35,028 - Heart_learning_rate - INFO - Starting server type: pfedla
2025-01-15 20:16:04,335 - Heart_learning_rate - INFO - Starting server type: layerpfl
2025-01-15 20:17:32,778 - Heart_learning_rate - INFO - Starting tuning for: 0.5
2025-01-15 20:17:32,787 - Heart_learning_rate - INFO - Starting server type: local
2025-01-15 20:19:01,255 - Heart_learning_rate - INFO - Starting server type: fedavg
2025-01-15 20:20:29,545 - Heart_learning_rate - INFO - Starting server type: fedprox
2025-01-15 20:21:58,440 - Heart_learning_rate - INFO - Starting server type: pfedme
2025-01-15 20:23:28,007 - Heart_learning_rate - INFO - Starting server type: ditto
2025-01-15 20:26:26,710 - Heart_learning_rate - INFO - Starting server type: localadaptation
2025-01-15 20:27:57,441 - Heart_learning_rate - INFO - Starting server type: babu
2025-01-15 20:29:28,017 - Heart_learning_rate - INFO - Starting server type: fedlp
2025-01-15 20:30:56,795 - Heart_learning_rate - INFO - Starting server type: fedlama
2025-01-15 20:32:25,509 - Heart_learning_rate - INFO - Starting server type: pfedla
2025-01-15 20:33:54,548 - Heart_learning_rate - INFO - Starting server type: layerpfl
2025-01-15 20:35:23,131 - Heart_learning_rate - INFO - Starting tuning for: 0.1
2025-01-15 20:35:23,140 - Heart_learning_rate - INFO - Starting server type: local
2025-01-15 20:36:51,449 - Heart_learning_rate - INFO - Starting server type: fedavg
2025-01-15 20:38:20,128 - Heart_learning_rate - INFO - Starting server type: fedprox
2025-01-15 20:39:49,401 - Heart_learning_rate - INFO - Starting server type: pfedme
2025-01-15 20:41:19,530 - Heart_learning_rate - INFO - Starting server type: ditto
2025-01-15 20:44:18,048 - Heart_learning_rate - INFO - Starting server type: localadaptation
2025-01-15 20:45:48,391 - Heart_learning_rate - INFO - Starting server type: babu
2025-01-15 20:47:18,921 - Heart_learning_rate - INFO - Starting server type: fedlp
2025-01-15 20:48:47,579 - Heart_learning_rate - INFO - Starting server type: fedlama
2025-01-15 20:50:16,357 - Heart_learning_rate - INFO - Starting server type: pfedla
2025-01-15 20:51:45,690 - Heart_learning_rate - INFO - Starting server type: layerpfl
2025-01-15 20:53:14,932 - Heart_learning_rate - INFO - Starting tuning for: 0.05
2025-01-15 20:53:14,941 - Heart_learning_rate - INFO - Starting server type: local
2025-01-15 20:54:44,050 - Heart_learning_rate - INFO - Starting server type: fedavg
2025-01-15 20:56:13,055 - Heart_learning_rate - INFO - Starting server type: fedprox
2025-01-15 20:57:42,566 - Heart_learning_rate - INFO - Starting server type: pfedme
2025-01-15 20:59:12,822 - Heart_learning_rate - INFO - Starting server type: ditto
2025-01-15 21:02:11,806 - Heart_learning_rate - INFO - Starting server type: localadaptation
2025-01-15 21:03:43,279 - Heart_learning_rate - INFO - Starting server type: babu
2025-01-15 21:05:14,803 - Heart_learning_rate - INFO - Starting server type: fedlp
2025-01-15 21:06:44,606 - Heart_learning_rate - INFO - Starting server type: fedlama
2025-01-15 21:08:14,443 - Heart_learning_rate - INFO - Starting server type: pfedla
2025-01-15 21:09:45,184 - Heart_learning_rate - INFO - Starting server type: layerpfl
2025-01-15 21:11:15,019 - Heart_learning_rate - INFO - Starting tuning for: 0.01
2025-01-15 21:11:15,028 - Heart_learning_rate - INFO - Starting server type: local
2025-01-15 21:12:44,900 - Heart_learning_rate - INFO - Starting server type: fedavg
2025-01-15 21:14:14,768 - Heart_learning_rate - INFO - Starting server type: fedprox
2025-01-15 21:15:45,468 - Heart_learning_rate - INFO - Starting server type: pfedme
2025-01-15 21:17:16,646 - Heart_learning_rate - INFO - Starting server type: ditto
2025-01-15 21:20:16,662 - Heart_learning_rate - INFO - Starting server type: localadaptation
2025-01-15 21:21:48,401 - Heart_learning_rate - INFO - Starting server type: babu
2025-01-15 21:23:20,197 - Heart_learning_rate - INFO - Starting server type: fedlp
2025-01-15 21:24:51,236 - Heart_learning_rate - INFO - Starting server type: fedlama
2025-01-15 21:26:21,773 - Heart_learning_rate - INFO - Starting server type: pfedla
2025-01-15 21:27:53,319 - Heart_learning_rate - INFO - Starting server type: layerpfl
