2024-12-21 12:15:29,429 - Heart_experiment - INFO - Starting hyperparameter tuning experiment
2024-12-21 12:15:29,431 - Heart_experiment - INFO - Testing learning rates: [1, 0.5, 0.1, 0.05, 0.01]
2024-12-21 12:15:29,436 - Heart_experiment - INFO - 
Starting Run 1/5
2024-12-21 12:15:29,467 - Heart_experiment - INFO - 
Starting server type: local
2024-12-21 12:15:29,634 - Heart_experiment - INFO - Starting training for 10 rounds for server type local
2024-12-21 12:15:30,525 - Heart_experiment - INFO - 
Starting server type: fedavg
2024-12-21 12:15:30,530 - Heart_experiment - INFO - Starting training for 10 rounds for server type fedavg
2024-12-21 12:15:31,208 - Heart_experiment - INFO - 
Starting server type: fedprox
2024-12-21 12:15:31,213 - Heart_experiment - INFO - Starting training for 10 rounds for server type fedprox
2024-12-21 12:15:32,175 - Heart_experiment - INFO - 
Starting server type: pfedme
2024-12-21 12:15:32,183 - Heart_experiment - INFO - Starting training for 10 rounds for server type pfedme
2024-12-21 12:15:33,184 - Heart_experiment - INFO - 
Starting server type: ditto
2024-12-21 12:15:33,192 - Heart_experiment - INFO - Starting training for 10 rounds for server type ditto
2024-12-21 12:15:34,671 - Heart_experiment - INFO - 
Starting server type: localadaptation
2024-12-21 12:15:34,676 - Heart_experiment - INFO - Starting training for 10 rounds for server type localadaptation
2024-12-21 12:15:35,492 - Heart_experiment - INFO - 
Starting server type: babu
2024-12-21 12:15:35,496 - Heart_experiment - INFO - Starting training for 10 rounds for server type babu
2024-12-21 12:15:36,272 - Heart_experiment - INFO - 
Starting server type: fedlp
2024-12-21 12:15:36,276 - Heart_experiment - INFO - Starting training for 10 rounds for server type fedlp
2024-12-21 12:15:36,956 - Heart_experiment - INFO - 
Starting server type: fedlama
2024-12-21 12:15:36,961 - Heart_experiment - INFO - Starting training for 10 rounds for server type fedlama
2024-12-21 12:15:37,634 - Heart_experiment - INFO - 
Starting server type: pfedla
2024-12-21 12:15:37,640 - Heart_experiment - INFO - Starting training for 10 rounds for server type pfedla
2024-12-21 12:15:38,363 - Heart_experiment - INFO - 
Starting server type: layerpfl
2024-12-21 12:15:38,368 - Heart_experiment - INFO - Starting training for 10 rounds for server type layerpfl
2024-12-21 12:15:39,061 - Heart_experiment - INFO - 
Starting server type: local
2024-12-21 12:15:39,065 - Heart_experiment - INFO - Starting training for 10 rounds for server type local
2024-12-21 12:15:39,737 - Heart_experiment - INFO - 
Starting server type: fedavg
2024-12-21 12:15:39,741 - Heart_experiment - INFO - Starting training for 10 rounds for server type fedavg
2024-12-21 12:15:40,409 - Heart_experiment - INFO - 
Starting server type: fedprox
2024-12-21 12:15:40,414 - Heart_experiment - INFO - Starting training for 10 rounds for server type fedprox
2024-12-21 12:15:41,309 - Heart_experiment - INFO - 
Starting server type: pfedme
2024-12-21 12:15:41,316 - Heart_experiment - INFO - Starting training for 10 rounds for server type pfedme
2024-12-21 12:15:42,304 - Heart_experiment - INFO - 
Starting server type: ditto
2024-12-21 12:15:42,312 - Heart_experiment - INFO - Starting training for 10 rounds for server type ditto
2024-12-21 12:15:43,771 - Heart_experiment - INFO - 
Starting server type: localadaptation
2024-12-21 12:15:43,775 - Heart_experiment - INFO - Starting training for 10 rounds for server type localadaptation
2024-12-21 12:15:44,573 - Heart_experiment - INFO - 
Starting server type: babu
2024-12-21 12:15:44,578 - Heart_experiment - INFO - Starting training for 10 rounds for server type babu
2024-12-21 12:15:45,342 - Heart_experiment - INFO - 
Starting server type: fedlp
2024-12-21 12:15:45,347 - Heart_experiment - INFO - Starting training for 10 rounds for server type fedlp
2024-12-21 12:15:46,011 - Heart_experiment - INFO - 
Starting server type: fedlama
2024-12-21 12:15:46,016 - Heart_experiment - INFO - Starting training for 10 rounds for server type fedlama
2024-12-21 12:15:46,682 - Heart_experiment - INFO - 
Starting server type: pfedla
2024-12-21 12:15:46,688 - Heart_experiment - INFO - Starting training for 10 rounds for server type pfedla
2024-12-21 12:15:47,398 - Heart_experiment - INFO - 
Starting server type: layerpfl
2024-12-21 12:15:47,403 - Heart_experiment - INFO - Starting training for 10 rounds for server type layerpfl
2024-12-21 12:15:48,076 - Heart_experiment - INFO - 
Starting server type: local
2024-12-21 12:15:48,081 - Heart_experiment - INFO - Starting training for 10 rounds for server type local
2024-12-21 12:15:48,742 - Heart_experiment - INFO - 
Starting server type: fedavg
2024-12-21 12:15:48,747 - Heart_experiment - INFO - Starting training for 10 rounds for server type fedavg
2024-12-21 12:15:49,413 - Heart_experiment - INFO - 
Starting server type: fedprox
2024-12-21 12:15:49,418 - Heart_experiment - INFO - Starting training for 10 rounds for server type fedprox
2024-12-21 12:15:50,307 - Heart_experiment - INFO - 
Starting server type: pfedme
2024-12-21 12:15:50,315 - Heart_experiment - INFO - Starting training for 10 rounds for server type pfedme
2024-12-21 12:15:51,301 - Heart_experiment - INFO - 
Starting server type: ditto
2024-12-21 12:15:51,309 - Heart_experiment - INFO - Starting training for 10 rounds for server type ditto
2024-12-21 12:15:52,767 - Heart_experiment - INFO - 
Starting server type: localadaptation
2024-12-21 12:15:52,772 - Heart_experiment - INFO - Starting training for 10 rounds for server type localadaptation
2024-12-21 12:15:53,569 - Heart_experiment - INFO - 
Starting server type: babu
2024-12-21 12:15:53,574 - Heart_experiment - INFO - Starting training for 10 rounds for server type babu
2024-12-21 12:15:54,345 - Heart_experiment - INFO - 
Starting server type: fedlp
2024-12-21 12:15:54,350 - Heart_experiment - INFO - Starting training for 10 rounds for server type fedlp
2024-12-21 12:15:55,013 - Heart_experiment - INFO - 
Starting server type: fedlama
2024-12-21 12:15:55,019 - Heart_experiment - INFO - Starting training for 10 rounds for server type fedlama
2024-12-21 12:15:55,691 - Heart_experiment - INFO - 
Starting server type: pfedla
2024-12-21 12:15:55,697 - Heart_experiment - INFO - Starting training for 10 rounds for server type pfedla
2024-12-21 12:15:56,405 - Heart_experiment - INFO - 
Starting server type: layerpfl
2024-12-21 12:15:56,409 - Heart_experiment - INFO - Starting training for 10 rounds for server type layerpfl
2024-12-21 12:15:57,086 - Heart_experiment - INFO - 
Starting server type: local
2024-12-21 12:15:57,090 - Heart_experiment - INFO - Starting training for 10 rounds for server type local
2024-12-21 12:15:57,753 - Heart_experiment - INFO - 
Starting server type: fedavg
2024-12-21 12:15:57,758 - Heart_experiment - INFO - Starting training for 10 rounds for server type fedavg
2024-12-21 12:15:58,428 - Heart_experiment - INFO - 
Starting server type: fedprox
2024-12-21 12:15:58,433 - Heart_experiment - INFO - Starting training for 10 rounds for server type fedprox
2024-12-21 12:15:59,405 - Heart_experiment - INFO - 
Starting server type: pfedme
2024-12-21 12:15:59,413 - Heart_experiment - INFO - Starting training for 10 rounds for server type pfedme
2024-12-21 12:16:00,563 - Heart_experiment - INFO - 
Starting server type: ditto
2024-12-21 12:16:00,571 - Heart_experiment - INFO - Starting training for 10 rounds for server type ditto
2024-12-21 12:16:02,324 - Heart_experiment - INFO - 
Starting server type: localadaptation
2024-12-21 12:16:02,329 - Heart_experiment - INFO - Starting training for 10 rounds for server type localadaptation
2024-12-21 12:16:03,255 - Heart_experiment - INFO - 
Starting server type: babu
2024-12-21 12:16:03,260 - Heart_experiment - INFO - Starting training for 10 rounds for server type babu
2024-12-21 12:16:04,048 - Heart_experiment - INFO - 
Starting server type: fedlp
2024-12-21 12:16:04,053 - Heart_experiment - INFO - Starting training for 10 rounds for server type fedlp
2024-12-21 12:16:04,734 - Heart_experiment - INFO - 
Starting server type: fedlama
2024-12-21 12:16:04,739 - Heart_experiment - INFO - Starting training for 10 rounds for server type fedlama
2024-12-21 12:16:05,422 - Heart_experiment - INFO - 
Starting server type: pfedla
2024-12-21 12:16:05,427 - Heart_experiment - INFO - Starting training for 10 rounds for server type pfedla
2024-12-21 12:16:06,157 - Heart_experiment - INFO - 
Starting server type: layerpfl
2024-12-21 12:16:06,296 - Heart_experiment - INFO - Starting training for 10 rounds for server type layerpfl
2024-12-21 12:16:06,988 - Heart_experiment - INFO - 
Starting server type: local
2024-12-21 12:16:06,993 - Heart_experiment - INFO - Starting training for 10 rounds for server type local
2024-12-21 12:16:07,667 - Heart_experiment - INFO - 
Starting server type: fedavg
2024-12-21 12:16:07,671 - Heart_experiment - INFO - Starting training for 10 rounds for server type fedavg
2024-12-21 12:16:08,352 - Heart_experiment - INFO - 
Starting server type: fedprox
2024-12-21 12:16:08,357 - Heart_experiment - INFO - Starting training for 10 rounds for server type fedprox
2024-12-21 12:16:09,264 - Heart_experiment - INFO - 
Starting server type: pfedme
2024-12-21 12:16:09,272 - Heart_experiment - INFO - Starting training for 10 rounds for server type pfedme
2024-12-21 12:16:10,275 - Heart_experiment - INFO - 
Starting server type: ditto
2024-12-21 12:16:10,284 - Heart_experiment - INFO - Starting training for 10 rounds for server type ditto
2024-12-21 12:16:11,771 - Heart_experiment - INFO - 
Starting server type: localadaptation
2024-12-21 12:16:11,777 - Heart_experiment - INFO - Starting training for 10 rounds for server type localadaptation
2024-12-21 12:16:12,595 - Heart_experiment - INFO - 
Starting server type: babu
2024-12-21 12:16:12,600 - Heart_experiment - INFO - Starting training for 10 rounds for server type babu
2024-12-21 12:16:13,383 - Heart_experiment - INFO - 
Starting server type: fedlp
2024-12-21 12:16:13,387 - Heart_experiment - INFO - Starting training for 10 rounds for server type fedlp
2024-12-21 12:16:14,069 - Heart_experiment - INFO - 
Starting server type: fedlama
2024-12-21 12:16:14,073 - Heart_experiment - INFO - Starting training for 10 rounds for server type fedlama
2024-12-21 12:16:14,754 - Heart_experiment - INFO - 
Starting server type: pfedla
2024-12-21 12:16:14,760 - Heart_experiment - INFO - Starting training for 10 rounds for server type pfedla
2024-12-21 12:16:15,491 - Heart_experiment - INFO - 
Starting server type: layerpfl
2024-12-21 12:16:15,496 - Heart_experiment - INFO - Starting training for 10 rounds for server type layerpfl
2024-12-21 12:16:16,198 - Heart_experiment - INFO - 
Starting Run 2/5
2024-12-21 12:16:16,207 - Heart_experiment - INFO - 
Starting server type: local
2024-12-21 12:16:16,211 - Heart_experiment - INFO - Starting training for 10 rounds for server type local
2024-12-21 12:16:16,886 - Heart_experiment - INFO - 
Starting server type: fedavg
2024-12-21 12:16:16,891 - Heart_experiment - INFO - Starting training for 10 rounds for server type fedavg
2024-12-21 12:16:17,569 - Heart_experiment - INFO - 
Starting server type: fedprox
2024-12-21 12:16:17,574 - Heart_experiment - INFO - Starting training for 10 rounds for server type fedprox
2024-12-21 12:16:18,487 - Heart_experiment - INFO - 
Starting server type: pfedme
2024-12-21 12:16:18,495 - Heart_experiment - INFO - Starting training for 10 rounds for server type pfedme
2024-12-21 12:16:19,499 - Heart_experiment - INFO - 
Starting server type: ditto
2024-12-21 12:16:19,507 - Heart_experiment - INFO - Starting training for 10 rounds for server type ditto
2024-12-21 12:16:20,998 - Heart_experiment - INFO - 
Starting server type: localadaptation
2024-12-21 12:16:21,003 - Heart_experiment - INFO - Starting training for 10 rounds for server type localadaptation
2024-12-21 12:16:21,817 - Heart_experiment - INFO - 
Starting server type: babu
2024-12-21 12:16:21,822 - Heart_experiment - INFO - Starting training for 10 rounds for server type babu
2024-12-21 12:16:22,594 - Heart_experiment - INFO - 
Starting server type: fedlp
2024-12-21 12:16:22,599 - Heart_experiment - INFO - Starting training for 10 rounds for server type fedlp
2024-12-21 12:16:23,278 - Heart_experiment - INFO - 
Starting server type: fedlama
2024-12-21 12:16:23,283 - Heart_experiment - INFO - Starting training for 10 rounds for server type fedlama
2024-12-21 12:16:23,972 - Heart_experiment - INFO - 
Starting server type: pfedla
2024-12-21 12:16:23,978 - Heart_experiment - INFO - Starting training for 10 rounds for server type pfedla
2024-12-21 12:16:24,704 - Heart_experiment - INFO - 
Starting server type: layerpfl
2024-12-21 12:16:24,709 - Heart_experiment - INFO - Starting training for 10 rounds for server type layerpfl
2024-12-21 12:16:25,402 - Heart_experiment - INFO - 
Starting server type: local
2024-12-21 12:16:25,407 - Heart_experiment - INFO - Starting training for 10 rounds for server type local
2024-12-21 12:16:26,083 - Heart_experiment - INFO - 
Starting server type: fedavg
2024-12-21 12:16:26,087 - Heart_experiment - INFO - Starting training for 10 rounds for server type fedavg
2024-12-21 12:16:26,771 - Heart_experiment - INFO - 
Starting server type: fedprox
2024-12-21 12:16:26,776 - Heart_experiment - INFO - Starting training for 10 rounds for server type fedprox
2024-12-21 12:16:27,684 - Heart_experiment - INFO - 
Starting server type: pfedme
2024-12-21 12:16:27,692 - Heart_experiment - INFO - Starting training for 10 rounds for server type pfedme
2024-12-21 12:16:28,695 - Heart_experiment - INFO - 
Starting server type: ditto
2024-12-21 12:16:28,703 - Heart_experiment - INFO - Starting training for 10 rounds for server type ditto
2024-12-21 12:16:30,197 - Heart_experiment - INFO - 
Starting server type: localadaptation
2024-12-21 12:16:30,202 - Heart_experiment - INFO - Starting training for 10 rounds for server type localadaptation
2024-12-21 12:16:31,017 - Heart_experiment - INFO - 
Starting server type: babu
2024-12-21 12:16:31,022 - Heart_experiment - INFO - Starting training for 10 rounds for server type babu
2024-12-21 12:16:31,799 - Heart_experiment - INFO - 
Starting server type: fedlp
2024-12-21 12:16:31,804 - Heart_experiment - INFO - Starting training for 10 rounds for server type fedlp
2024-12-21 12:16:32,484 - Heart_experiment - INFO - 
Starting server type: fedlama
2024-12-21 12:16:32,488 - Heart_experiment - INFO - Starting training for 10 rounds for server type fedlama
2024-12-21 12:16:33,171 - Heart_experiment - INFO - 
Starting server type: pfedla
2024-12-21 12:16:33,177 - Heart_experiment - INFO - Starting training for 10 rounds for server type pfedla
2024-12-21 12:16:33,905 - Heart_experiment - INFO - 
Starting server type: layerpfl
2024-12-21 12:16:33,910 - Heart_experiment - INFO - Starting training for 10 rounds for server type layerpfl
2024-12-21 12:16:34,601 - Heart_experiment - INFO - 
Starting server type: local
2024-12-21 12:16:34,606 - Heart_experiment - INFO - Starting training for 10 rounds for server type local
2024-12-21 12:16:35,282 - Heart_experiment - INFO - 
Starting server type: fedavg
2024-12-21 12:16:35,287 - Heart_experiment - INFO - Starting training for 10 rounds for server type fedavg
2024-12-21 12:16:35,968 - Heart_experiment - INFO - 
Starting server type: fedprox
2024-12-21 12:16:35,972 - Heart_experiment - INFO - Starting training for 10 rounds for server type fedprox
2024-12-21 12:16:36,878 - Heart_experiment - INFO - 
Starting server type: pfedme
2024-12-21 12:16:36,886 - Heart_experiment - INFO - Starting training for 10 rounds for server type pfedme
2024-12-21 12:16:37,891 - Heart_experiment - INFO - 
Starting server type: ditto
2024-12-21 12:16:37,899 - Heart_experiment - INFO - Starting training for 10 rounds for server type ditto
2024-12-21 12:16:39,399 - Heart_experiment - INFO - 
Starting server type: localadaptation
2024-12-21 12:16:39,404 - Heart_experiment - INFO - Starting training for 10 rounds for server type localadaptation
2024-12-21 12:16:40,218 - Heart_experiment - INFO - 
Starting server type: babu
2024-12-21 12:16:40,223 - Heart_experiment - INFO - Starting training for 10 rounds for server type babu
2024-12-21 12:16:41,009 - Heart_experiment - INFO - 
Starting server type: fedlp
2024-12-21 12:16:41,013 - Heart_experiment - INFO - Starting training for 10 rounds for server type fedlp
2024-12-21 12:16:41,695 - Heart_experiment - INFO - 
Starting server type: fedlama
2024-12-21 12:16:41,699 - Heart_experiment - INFO - Starting training for 10 rounds for server type fedlama
2024-12-21 12:16:42,377 - Heart_experiment - INFO - 
Starting server type: pfedla
2024-12-21 12:16:42,383 - Heart_experiment - INFO - Starting training for 10 rounds for server type pfedla
2024-12-21 12:16:43,109 - Heart_experiment - INFO - 
Starting server type: layerpfl
2024-12-21 12:16:43,114 - Heart_experiment - INFO - Starting training for 10 rounds for server type layerpfl
2024-12-21 12:16:43,799 - Heart_experiment - INFO - 
Starting server type: local
2024-12-21 12:16:43,804 - Heart_experiment - INFO - Starting training for 10 rounds for server type local
2024-12-21 12:16:44,476 - Heart_experiment - INFO - 
Starting server type: fedavg
2024-12-21 12:16:44,481 - Heart_experiment - INFO - Starting training for 10 rounds for server type fedavg
2024-12-21 12:16:45,160 - Heart_experiment - INFO - 
Starting server type: fedprox
2024-12-21 12:16:45,165 - Heart_experiment - INFO - Starting training for 10 rounds for server type fedprox
2024-12-21 12:16:46,076 - Heart_experiment - INFO - 
Starting server type: pfedme
2024-12-21 12:16:46,084 - Heart_experiment - INFO - Starting training for 10 rounds for server type pfedme
2024-12-21 12:16:47,094 - Heart_experiment - INFO - 
Starting server type: ditto
2024-12-21 12:16:47,102 - Heart_experiment - INFO - Starting training for 10 rounds for server type ditto
2024-12-21 12:16:48,601 - Heart_experiment - INFO - 
Starting server type: localadaptation
2024-12-21 12:16:48,606 - Heart_experiment - INFO - Starting training for 10 rounds for server type localadaptation
2024-12-21 12:16:49,422 - Heart_experiment - INFO - 
Starting server type: babu
2024-12-21 12:16:49,427 - Heart_experiment - INFO - Starting training for 10 rounds for server type babu
2024-12-21 12:16:50,208 - Heart_experiment - INFO - 
Starting server type: fedlp
2024-12-21 12:16:50,213 - Heart_experiment - INFO - Starting training for 10 rounds for server type fedlp
2024-12-21 12:16:50,894 - Heart_experiment - INFO - 
Starting server type: fedlama
2024-12-21 12:16:50,899 - Heart_experiment - INFO - Starting training for 10 rounds for server type fedlama
2024-12-21 12:16:51,589 - Heart_experiment - INFO - 
Starting server type: pfedla
2024-12-21 12:16:51,594 - Heart_experiment - INFO - Starting training for 10 rounds for server type pfedla
2024-12-21 12:16:52,322 - Heart_experiment - INFO - 
Starting server type: layerpfl
2024-12-21 12:16:52,327 - Heart_experiment - INFO - Starting training for 10 rounds for server type layerpfl
2024-12-21 12:16:53,022 - Heart_experiment - INFO - 
Starting server type: local
2024-12-21 12:16:53,026 - Heart_experiment - INFO - Starting training for 10 rounds for server type local
2024-12-21 12:16:53,704 - Heart_experiment - INFO - 
Starting server type: fedavg
2024-12-21 12:16:53,709 - Heart_experiment - INFO - Starting training for 10 rounds for server type fedavg
2024-12-21 12:16:54,388 - Heart_experiment - INFO - 
Starting server type: fedprox
2024-12-21 12:16:54,393 - Heart_experiment - INFO - Starting training for 10 rounds for server type fedprox
2024-12-21 12:16:55,304 - Heart_experiment - INFO - 
Starting server type: pfedme
2024-12-21 12:16:55,312 - Heart_experiment - INFO - Starting training for 10 rounds for server type pfedme
2024-12-21 12:16:56,314 - Heart_experiment - INFO - 
Starting server type: ditto
2024-12-21 12:16:56,322 - Heart_experiment - INFO - Starting training for 10 rounds for server type ditto
2024-12-21 12:16:57,822 - Heart_experiment - INFO - 
Starting server type: localadaptation
2024-12-21 12:16:57,827 - Heart_experiment - INFO - Starting training for 10 rounds for server type localadaptation
2024-12-21 12:16:58,643 - Heart_experiment - INFO - 
Starting server type: babu
2024-12-21 12:16:58,648 - Heart_experiment - INFO - Starting training for 10 rounds for server type babu
2024-12-21 12:16:59,430 - Heart_experiment - INFO - 
Starting server type: fedlp
2024-12-21 12:16:59,435 - Heart_experiment - INFO - Starting training for 10 rounds for server type fedlp
2024-12-21 12:17:00,113 - Heart_experiment - INFO - 
Starting server type: fedlama
2024-12-21 12:17:00,118 - Heart_experiment - INFO - Starting training for 10 rounds for server type fedlama
2024-12-21 12:17:00,796 - Heart_experiment - INFO - 
Starting server type: pfedla
2024-12-21 12:17:00,802 - Heart_experiment - INFO - Starting training for 10 rounds for server type pfedla
2024-12-21 12:17:01,526 - Heart_experiment - INFO - 
Starting server type: layerpfl
2024-12-21 12:17:01,530 - Heart_experiment - INFO - Starting training for 10 rounds for server type layerpfl
2024-12-21 12:17:02,236 - Heart_experiment - INFO - 
Starting Run 3/5
2024-12-21 12:17:02,245 - Heart_experiment - INFO - 
Starting server type: local
2024-12-21 12:17:02,250 - Heart_experiment - INFO - Starting training for 10 rounds for server type local
2024-12-21 12:17:02,926 - Heart_experiment - INFO - 
Starting server type: fedavg
2024-12-21 12:17:02,931 - Heart_experiment - INFO - Starting training for 10 rounds for server type fedavg
2024-12-21 12:17:03,613 - Heart_experiment - INFO - 
Starting server type: fedprox
2024-12-21 12:17:03,618 - Heart_experiment - INFO - Starting training for 10 rounds for server type fedprox
2024-12-21 12:17:04,524 - Heart_experiment - INFO - 
Starting server type: pfedme
2024-12-21 12:17:04,532 - Heart_experiment - INFO - Starting training for 10 rounds for server type pfedme
2024-12-21 12:17:05,535 - Heart_experiment - INFO - 
Starting server type: ditto
2024-12-21 12:17:05,543 - Heart_experiment - INFO - Starting training for 10 rounds for server type ditto
2024-12-21 12:17:07,032 - Heart_experiment - INFO - 
Starting server type: localadaptation
2024-12-21 12:17:07,037 - Heart_experiment - INFO - Starting training for 10 rounds for server type localadaptation
2024-12-21 12:17:07,856 - Heart_experiment - INFO - 
Starting server type: babu
2024-12-21 12:17:07,861 - Heart_experiment - INFO - Starting training for 10 rounds for server type babu
2024-12-21 12:17:08,638 - Heart_experiment - INFO - 
Starting server type: fedlp
2024-12-21 12:17:08,643 - Heart_experiment - INFO - Starting training for 10 rounds for server type fedlp
2024-12-21 12:17:09,320 - Heart_experiment - INFO - 
Starting server type: fedlama
2024-12-21 12:17:09,325 - Heart_experiment - INFO - Starting training for 10 rounds for server type fedlama
2024-12-21 12:17:10,005 - Heart_experiment - INFO - 
Starting server type: pfedla
2024-12-21 12:17:10,011 - Heart_experiment - INFO - Starting training for 10 rounds for server type pfedla
2024-12-21 12:17:10,734 - Heart_experiment - INFO - 
Starting server type: layerpfl
2024-12-21 12:17:10,739 - Heart_experiment - INFO - Starting training for 10 rounds for server type layerpfl
2024-12-21 12:17:11,428 - Heart_experiment - INFO - 
Starting server type: local
2024-12-21 12:17:11,432 - Heart_experiment - INFO - Starting training for 10 rounds for server type local
2024-12-21 12:17:12,105 - Heart_experiment - INFO - 
Starting server type: fedavg
2024-12-21 12:17:12,110 - Heart_experiment - INFO - Starting training for 10 rounds for server type fedavg
2024-12-21 12:17:12,781 - Heart_experiment - INFO - 
Starting server type: fedprox
2024-12-21 12:17:12,786 - Heart_experiment - INFO - Starting training for 10 rounds for server type fedprox
2024-12-21 12:17:13,697 - Heart_experiment - INFO - 
Starting server type: pfedme
2024-12-21 12:17:13,705 - Heart_experiment - INFO - Starting training for 10 rounds for server type pfedme
2024-12-21 12:17:14,705 - Heart_experiment - INFO - 
Starting server type: ditto
2024-12-21 12:17:14,714 - Heart_experiment - INFO - Starting training for 10 rounds for server type ditto
2024-12-21 12:17:16,203 - Heart_experiment - INFO - 
Starting server type: localadaptation
2024-12-21 12:17:16,208 - Heart_experiment - INFO - Starting training for 10 rounds for server type localadaptation
2024-12-21 12:17:17,020 - Heart_experiment - INFO - 
Starting server type: babu
2024-12-21 12:17:17,025 - Heart_experiment - INFO - Starting training for 10 rounds for server type babu
2024-12-21 12:17:17,796 - Heart_experiment - INFO - 
Starting server type: fedlp
2024-12-21 12:17:17,801 - Heart_experiment - INFO - Starting training for 10 rounds for server type fedlp
2024-12-21 12:17:18,476 - Heart_experiment - INFO - 
Starting server type: fedlama
2024-12-21 12:17:18,481 - Heart_experiment - INFO - Starting training for 10 rounds for server type fedlama
2024-12-21 12:17:19,159 - Heart_experiment - INFO - 
Starting server type: pfedla
2024-12-21 12:17:19,165 - Heart_experiment - INFO - Starting training for 10 rounds for server type pfedla
2024-12-21 12:17:19,887 - Heart_experiment - INFO - 
Starting server type: layerpfl
2024-12-21 12:17:19,892 - Heart_experiment - INFO - Starting training for 10 rounds for server type layerpfl
2024-12-21 12:17:20,585 - Heart_experiment - INFO - 
Starting server type: local
2024-12-21 12:17:20,590 - Heart_experiment - INFO - Starting training for 10 rounds for server type local
2024-12-21 12:17:21,260 - Heart_experiment - INFO - 
Starting server type: fedavg
2024-12-21 12:17:21,265 - Heart_experiment - INFO - Starting training for 10 rounds for server type fedavg
2024-12-21 12:17:21,943 - Heart_experiment - INFO - 
Starting server type: fedprox
2024-12-21 12:17:21,948 - Heart_experiment - INFO - Starting training for 10 rounds for server type fedprox
2024-12-21 12:17:22,848 - Heart_experiment - INFO - 
Starting server type: pfedme
2024-12-21 12:17:22,856 - Heart_experiment - INFO - Starting training for 10 rounds for server type pfedme
2024-12-21 12:17:23,864 - Heart_experiment - INFO - 
Starting server type: ditto
2024-12-21 12:17:23,872 - Heart_experiment - INFO - Starting training for 10 rounds for server type ditto
2024-12-21 12:17:25,364 - Heart_experiment - INFO - 
Starting server type: localadaptation
2024-12-21 12:17:25,369 - Heart_experiment - INFO - Starting training for 10 rounds for server type localadaptation
2024-12-21 12:17:26,181 - Heart_experiment - INFO - 
Starting server type: babu
2024-12-21 12:17:26,186 - Heart_experiment - INFO - Starting training for 10 rounds for server type babu
2024-12-21 12:17:26,962 - Heart_experiment - INFO - 
Starting server type: fedlp
2024-12-21 12:17:26,967 - Heart_experiment - INFO - Starting training for 10 rounds for server type fedlp
2024-12-21 12:17:27,642 - Heart_experiment - INFO - 
Starting server type: fedlama
2024-12-21 12:17:27,646 - Heart_experiment - INFO - Starting training for 10 rounds for server type fedlama
2024-12-21 12:17:28,330 - Heart_experiment - INFO - 
Starting server type: pfedla
2024-12-21 12:17:28,336 - Heart_experiment - INFO - Starting training for 10 rounds for server type pfedla
2024-12-21 12:17:29,062 - Heart_experiment - INFO - 
Starting server type: layerpfl
2024-12-21 12:17:29,067 - Heart_experiment - INFO - Starting training for 10 rounds for server type layerpfl
2024-12-21 12:17:29,759 - Heart_experiment - INFO - 
Starting server type: local
2024-12-21 12:17:29,764 - Heart_experiment - INFO - Starting training for 10 rounds for server type local
2024-12-21 12:17:30,441 - Heart_experiment - INFO - 
Starting server type: fedavg
2024-12-21 12:17:30,446 - Heart_experiment - INFO - Starting training for 10 rounds for server type fedavg
2024-12-21 12:17:31,126 - Heart_experiment - INFO - 
Starting server type: fedprox
2024-12-21 12:17:31,131 - Heart_experiment - INFO - Starting training for 10 rounds for server type fedprox
2024-12-21 12:17:32,040 - Heart_experiment - INFO - 
Starting server type: pfedme
2024-12-21 12:17:32,172 - Heart_experiment - INFO - Starting training for 10 rounds for server type pfedme
2024-12-21 12:17:33,178 - Heart_experiment - INFO - 
Starting server type: ditto
2024-12-21 12:17:33,187 - Heart_experiment - INFO - Starting training for 10 rounds for server type ditto
2024-12-21 12:17:34,678 - Heart_experiment - INFO - 
Starting server type: localadaptation
2024-12-21 12:17:34,683 - Heart_experiment - INFO - Starting training for 10 rounds for server type localadaptation
2024-12-21 12:17:35,497 - Heart_experiment - INFO - 
Starting server type: babu
2024-12-21 12:17:35,502 - Heart_experiment - INFO - Starting training for 10 rounds for server type babu
2024-12-21 12:17:36,284 - Heart_experiment - INFO - 
Starting server type: fedlp
2024-12-21 12:17:36,289 - Heart_experiment - INFO - Starting training for 10 rounds for server type fedlp
2024-12-21 12:17:36,976 - Heart_experiment - INFO - 
Starting server type: fedlama
2024-12-21 12:17:36,980 - Heart_experiment - INFO - Starting training for 10 rounds for server type fedlama
2024-12-21 12:17:37,662 - Heart_experiment - INFO - 
Starting server type: pfedla
2024-12-21 12:17:37,668 - Heart_experiment - INFO - Starting training for 10 rounds for server type pfedla
2024-12-21 12:17:38,396 - Heart_experiment - INFO - 
Starting server type: layerpfl
2024-12-21 12:17:38,401 - Heart_experiment - INFO - Starting training for 10 rounds for server type layerpfl
2024-12-21 12:17:39,088 - Heart_experiment - INFO - 
Starting server type: local
2024-12-21 12:17:39,093 - Heart_experiment - INFO - Starting training for 10 rounds for server type local
2024-12-21 12:17:39,761 - Heart_experiment - INFO - 
Starting server type: fedavg
2024-12-21 12:17:39,766 - Heart_experiment - INFO - Starting training for 10 rounds for server type fedavg
2024-12-21 12:17:40,446 - Heart_experiment - INFO - 
Starting server type: fedprox
2024-12-21 12:17:40,451 - Heart_experiment - INFO - Starting training for 10 rounds for server type fedprox
2024-12-21 12:17:41,360 - Heart_experiment - INFO - 
Starting server type: pfedme
2024-12-21 12:17:41,368 - Heart_experiment - INFO - Starting training for 10 rounds for server type pfedme
2024-12-21 12:17:42,368 - Heart_experiment - INFO - 
Starting server type: ditto
2024-12-21 12:17:42,376 - Heart_experiment - INFO - Starting training for 10 rounds for server type ditto
2024-12-21 12:17:43,859 - Heart_experiment - INFO - 
Starting server type: localadaptation
2024-12-21 12:17:43,864 - Heart_experiment - INFO - Starting training for 10 rounds for server type localadaptation
2024-12-21 12:17:44,676 - Heart_experiment - INFO - 
Starting server type: babu
2024-12-21 12:17:44,681 - Heart_experiment - INFO - Starting training for 10 rounds for server type babu
2024-12-21 12:17:45,468 - Heart_experiment - INFO - 
Starting server type: fedlp
2024-12-21 12:17:45,473 - Heart_experiment - INFO - Starting training for 10 rounds for server type fedlp
2024-12-21 12:17:46,153 - Heart_experiment - INFO - 
Starting server type: fedlama
2024-12-21 12:17:46,158 - Heart_experiment - INFO - Starting training for 10 rounds for server type fedlama
2024-12-21 12:17:46,835 - Heart_experiment - INFO - 
Starting server type: pfedla
2024-12-21 12:17:46,840 - Heart_experiment - INFO - Starting training for 10 rounds for server type pfedla
2024-12-21 12:17:47,566 - Heart_experiment - INFO - 
Starting server type: layerpfl
2024-12-21 12:17:47,571 - Heart_experiment - INFO - Starting training for 10 rounds for server type layerpfl
2024-12-21 12:17:48,298 - Heart_experiment - INFO - 
Starting Run 4/5
2024-12-21 12:17:48,307 - Heart_experiment - INFO - 
Starting server type: local
2024-12-21 12:17:48,311 - Heart_experiment - INFO - Starting training for 10 rounds for server type local
2024-12-21 12:17:48,979 - Heart_experiment - INFO - 
Starting server type: fedavg
2024-12-21 12:17:48,984 - Heart_experiment - INFO - Starting training for 10 rounds for server type fedavg
2024-12-21 12:17:49,667 - Heart_experiment - INFO - 
Starting server type: fedprox
2024-12-21 12:17:49,671 - Heart_experiment - INFO - Starting training for 10 rounds for server type fedprox
2024-12-21 12:17:50,583 - Heart_experiment - INFO - 
Starting server type: pfedme
2024-12-21 12:17:50,591 - Heart_experiment - INFO - Starting training for 10 rounds for server type pfedme
2024-12-21 12:17:51,589 - Heart_experiment - INFO - 
Starting server type: ditto
2024-12-21 12:17:51,597 - Heart_experiment - INFO - Starting training for 10 rounds for server type ditto
2024-12-21 12:17:53,082 - Heart_experiment - INFO - 
Starting server type: localadaptation
2024-12-21 12:17:53,087 - Heart_experiment - INFO - Starting training for 10 rounds for server type localadaptation
2024-12-21 12:17:53,900 - Heart_experiment - INFO - 
Starting server type: babu
2024-12-21 12:17:53,904 - Heart_experiment - INFO - Starting training for 10 rounds for server type babu
2024-12-21 12:17:54,674 - Heart_experiment - INFO - 
Starting server type: fedlp
2024-12-21 12:17:54,679 - Heart_experiment - INFO - Starting training for 10 rounds for server type fedlp
2024-12-21 12:17:55,358 - Heart_experiment - INFO - 
Starting server type: fedlama
2024-12-21 12:17:55,363 - Heart_experiment - INFO - Starting training for 10 rounds for server type fedlama
2024-12-21 12:17:56,047 - Heart_experiment - INFO - 
Starting server type: pfedla
2024-12-21 12:17:56,053 - Heart_experiment - INFO - Starting training for 10 rounds for server type pfedla
2024-12-21 12:17:56,775 - Heart_experiment - INFO - 
Starting server type: layerpfl
2024-12-21 12:17:56,780 - Heart_experiment - INFO - Starting training for 10 rounds for server type layerpfl
2024-12-21 12:17:57,473 - Heart_experiment - INFO - 
Starting server type: local
2024-12-21 12:17:57,478 - Heart_experiment - INFO - Starting training for 10 rounds for server type local
2024-12-21 12:17:58,147 - Heart_experiment - INFO - 
Starting server type: fedavg
2024-12-21 12:17:58,151 - Heart_experiment - INFO - Starting training for 10 rounds for server type fedavg
2024-12-21 12:17:58,829 - Heart_experiment - INFO - 
Starting server type: fedprox
2024-12-21 12:17:58,834 - Heart_experiment - INFO - Starting training for 10 rounds for server type fedprox
2024-12-21 12:17:59,741 - Heart_experiment - INFO - 
Starting server type: pfedme
2024-12-21 12:17:59,749 - Heart_experiment - INFO - Starting training for 10 rounds for server type pfedme
2024-12-21 12:18:00,757 - Heart_experiment - INFO - 
Starting server type: ditto
2024-12-21 12:18:00,765 - Heart_experiment - INFO - Starting training for 10 rounds for server type ditto
2024-12-21 12:18:02,252 - Heart_experiment - INFO - 
Starting server type: localadaptation
2024-12-21 12:18:02,257 - Heart_experiment - INFO - Starting training for 10 rounds for server type localadaptation
2024-12-21 12:18:03,068 - Heart_experiment - INFO - 
Starting server type: babu
2024-12-21 12:18:03,073 - Heart_experiment - INFO - Starting training for 10 rounds for server type babu
2024-12-21 12:18:03,844 - Heart_experiment - INFO - 
Starting server type: fedlp
2024-12-21 12:18:03,849 - Heart_experiment - INFO - Starting training for 10 rounds for server type fedlp
2024-12-21 12:18:04,530 - Heart_experiment - INFO - 
Starting server type: fedlama
2024-12-21 12:18:04,534 - Heart_experiment - INFO - Starting training for 10 rounds for server type fedlama
2024-12-21 12:18:05,214 - Heart_experiment - INFO - 
Starting server type: pfedla
2024-12-21 12:18:05,220 - Heart_experiment - INFO - Starting training for 10 rounds for server type pfedla
2024-12-21 12:18:05,941 - Heart_experiment - INFO - 
Starting server type: layerpfl
2024-12-21 12:18:05,946 - Heart_experiment - INFO - Starting training for 10 rounds for server type layerpfl
2024-12-21 12:18:06,633 - Heart_experiment - INFO - 
Starting server type: local
2024-12-21 12:18:06,638 - Heart_experiment - INFO - Starting training for 10 rounds for server type local
2024-12-21 12:18:07,308 - Heart_experiment - INFO - 
Starting server type: fedavg
2024-12-21 12:18:07,313 - Heart_experiment - INFO - Starting training for 10 rounds for server type fedavg
2024-12-21 12:18:07,998 - Heart_experiment - INFO - 
Starting server type: fedprox
2024-12-21 12:18:08,003 - Heart_experiment - INFO - Starting training for 10 rounds for server type fedprox
2024-12-21 12:18:08,909 - Heart_experiment - INFO - 
Starting server type: pfedme
2024-12-21 12:18:08,917 - Heart_experiment - INFO - Starting training for 10 rounds for server type pfedme
2024-12-21 12:18:09,921 - Heart_experiment - INFO - 
Starting server type: ditto
2024-12-21 12:18:09,930 - Heart_experiment - INFO - Starting training for 10 rounds for server type ditto
2024-12-21 12:18:11,423 - Heart_experiment - INFO - 
Starting server type: localadaptation
2024-12-21 12:18:11,428 - Heart_experiment - INFO - Starting training for 10 rounds for server type localadaptation
2024-12-21 12:18:12,242 - Heart_experiment - INFO - 
Starting server type: babu
2024-12-21 12:18:12,246 - Heart_experiment - INFO - Starting training for 10 rounds for server type babu
2024-12-21 12:18:13,034 - Heart_experiment - INFO - 
Starting server type: fedlp
2024-12-21 12:18:13,039 - Heart_experiment - INFO - Starting training for 10 rounds for server type fedlp
2024-12-21 12:18:13,717 - Heart_experiment - INFO - 
Starting server type: fedlama
2024-12-21 12:18:13,722 - Heart_experiment - INFO - Starting training for 10 rounds for server type fedlama
2024-12-21 12:18:14,402 - Heart_experiment - INFO - 
Starting server type: pfedla
2024-12-21 12:18:14,408 - Heart_experiment - INFO - Starting training for 10 rounds for server type pfedla
2024-12-21 12:18:15,127 - Heart_experiment - INFO - 
Starting server type: layerpfl
2024-12-21 12:18:15,132 - Heart_experiment - INFO - Starting training for 10 rounds for server type layerpfl
2024-12-21 12:18:15,820 - Heart_experiment - INFO - 
Starting server type: local
2024-12-21 12:18:15,825 - Heart_experiment - INFO - Starting training for 10 rounds for server type local
2024-12-21 12:18:16,500 - Heart_experiment - INFO - 
Starting server type: fedavg
2024-12-21 12:18:16,504 - Heart_experiment - INFO - Starting training for 10 rounds for server type fedavg
2024-12-21 12:18:17,185 - Heart_experiment - INFO - 
Starting server type: fedprox
2024-12-21 12:18:17,190 - Heart_experiment - INFO - Starting training for 10 rounds for server type fedprox
2024-12-21 12:18:18,100 - Heart_experiment - INFO - 
Starting server type: pfedme
2024-12-21 12:18:18,108 - Heart_experiment - INFO - Starting training for 10 rounds for server type pfedme
2024-12-21 12:18:19,115 - Heart_experiment - INFO - 
Starting server type: ditto
2024-12-21 12:18:19,123 - Heart_experiment - INFO - Starting training for 10 rounds for server type ditto
2024-12-21 12:18:20,618 - Heart_experiment - INFO - 
Starting server type: localadaptation
2024-12-21 12:18:20,623 - Heart_experiment - INFO - Starting training for 10 rounds for server type localadaptation
2024-12-21 12:18:21,435 - Heart_experiment - INFO - 
Starting server type: babu
2024-12-21 12:18:21,440 - Heart_experiment - INFO - Starting training for 10 rounds for server type babu
2024-12-21 12:18:22,222 - Heart_experiment - INFO - 
Starting server type: fedlp
2024-12-21 12:18:22,227 - Heart_experiment - INFO - Starting training for 10 rounds for server type fedlp
2024-12-21 12:18:22,907 - Heart_experiment - INFO - 
Starting server type: fedlama
2024-12-21 12:18:22,912 - Heart_experiment - INFO - Starting training for 10 rounds for server type fedlama
2024-12-21 12:18:23,590 - Heart_experiment - INFO - 
Starting server type: pfedla
2024-12-21 12:18:23,596 - Heart_experiment - INFO - Starting training for 10 rounds for server type pfedla
2024-12-21 12:18:24,318 - Heart_experiment - INFO - 
Starting server type: layerpfl
2024-12-21 12:18:24,323 - Heart_experiment - INFO - Starting training for 10 rounds for server type layerpfl
2024-12-21 12:18:25,015 - Heart_experiment - INFO - 
Starting server type: local
2024-12-21 12:18:25,019 - Heart_experiment - INFO - Starting training for 10 rounds for server type local
2024-12-21 12:18:25,690 - Heart_experiment - INFO - 
Starting server type: fedavg
2024-12-21 12:18:25,695 - Heart_experiment - INFO - Starting training for 10 rounds for server type fedavg
2024-12-21 12:18:26,368 - Heart_experiment - INFO - 
Starting server type: fedprox
2024-12-21 12:18:26,373 - Heart_experiment - INFO - Starting training for 10 rounds for server type fedprox
2024-12-21 12:18:27,280 - Heart_experiment - INFO - 
Starting server type: pfedme
2024-12-21 12:18:27,288 - Heart_experiment - INFO - Starting training for 10 rounds for server type pfedme
2024-12-21 12:18:28,290 - Heart_experiment - INFO - 
Starting server type: ditto
2024-12-21 12:18:28,298 - Heart_experiment - INFO - Starting training for 10 rounds for server type ditto
2024-12-21 12:18:29,781 - Heart_experiment - INFO - 
Starting server type: localadaptation
2024-12-21 12:18:29,786 - Heart_experiment - INFO - Starting training for 10 rounds for server type localadaptation
2024-12-21 12:18:30,598 - Heart_experiment - INFO - 
Starting server type: babu
2024-12-21 12:18:30,603 - Heart_experiment - INFO - Starting training for 10 rounds for server type babu
2024-12-21 12:18:31,388 - Heart_experiment - INFO - 
Starting server type: fedlp
2024-12-21 12:18:31,393 - Heart_experiment - INFO - Starting training for 10 rounds for server type fedlp
2024-12-21 12:18:32,073 - Heart_experiment - INFO - 
Starting server type: fedlama
2024-12-21 12:18:32,077 - Heart_experiment - INFO - Starting training for 10 rounds for server type fedlama
2024-12-21 12:18:32,760 - Heart_experiment - INFO - 
Starting server type: pfedla
2024-12-21 12:18:32,766 - Heart_experiment - INFO - Starting training for 10 rounds for server type pfedla
2024-12-21 12:18:33,487 - Heart_experiment - INFO - 
Starting server type: layerpfl
2024-12-21 12:18:33,492 - Heart_experiment - INFO - Starting training for 10 rounds for server type layerpfl
2024-12-21 12:18:34,226 - Heart_experiment - INFO - 
Starting Run 5/5
2024-12-21 12:18:34,235 - Heart_experiment - INFO - 
Starting server type: local
2024-12-21 12:18:34,239 - Heart_experiment - INFO - Starting training for 10 rounds for server type local
2024-12-21 12:18:34,915 - Heart_experiment - INFO - 
Starting server type: fedavg
2024-12-21 12:18:34,919 - Heart_experiment - INFO - Starting training for 10 rounds for server type fedavg
2024-12-21 12:18:35,598 - Heart_experiment - INFO - 
Starting server type: fedprox
2024-12-21 12:18:35,603 - Heart_experiment - INFO - Starting training for 10 rounds for server type fedprox
2024-12-21 12:18:36,510 - Heart_experiment - INFO - 
Starting server type: pfedme
2024-12-21 12:18:36,518 - Heart_experiment - INFO - Starting training for 10 rounds for server type pfedme
2024-12-21 12:18:37,520 - Heart_experiment - INFO - 
Starting server type: ditto
2024-12-21 12:18:37,528 - Heart_experiment - INFO - Starting training for 10 rounds for server type ditto
2024-12-21 12:18:39,016 - Heart_experiment - INFO - 
Starting server type: localadaptation
2024-12-21 12:18:39,022 - Heart_experiment - INFO - Starting training for 10 rounds for server type localadaptation
2024-12-21 12:18:39,836 - Heart_experiment - INFO - 
Starting server type: babu
2024-12-21 12:18:39,841 - Heart_experiment - INFO - Starting training for 10 rounds for server type babu
2024-12-21 12:18:40,612 - Heart_experiment - INFO - 
Starting server type: fedlp
2024-12-21 12:18:40,617 - Heart_experiment - INFO - Starting training for 10 rounds for server type fedlp
2024-12-21 12:18:41,294 - Heart_experiment - INFO - 
Starting server type: fedlama
2024-12-21 12:18:41,299 - Heart_experiment - INFO - Starting training for 10 rounds for server type fedlama
2024-12-21 12:18:41,985 - Heart_experiment - INFO - 
Starting server type: pfedla
2024-12-21 12:18:41,990 - Heart_experiment - INFO - Starting training for 10 rounds for server type pfedla
2024-12-21 12:18:42,714 - Heart_experiment - INFO - 
Starting server type: layerpfl
2024-12-21 12:18:42,719 - Heart_experiment - INFO - Starting training for 10 rounds for server type layerpfl
2024-12-21 12:18:43,412 - Heart_experiment - INFO - 
Starting server type: local
2024-12-21 12:18:43,416 - Heart_experiment - INFO - Starting training for 10 rounds for server type local
2024-12-21 12:18:44,087 - Heart_experiment - INFO - 
Starting server type: fedavg
2024-12-21 12:18:44,092 - Heart_experiment - INFO - Starting training for 10 rounds for server type fedavg
2024-12-21 12:18:44,775 - Heart_experiment - INFO - 
Starting server type: fedprox
2024-12-21 12:18:44,779 - Heart_experiment - INFO - Starting training for 10 rounds for server type fedprox
2024-12-21 12:18:45,687 - Heart_experiment - INFO - 
Starting server type: pfedme
2024-12-21 12:18:45,695 - Heart_experiment - INFO - Starting training for 10 rounds for server type pfedme
2024-12-21 12:18:46,704 - Heart_experiment - INFO - 
Starting server type: ditto
2024-12-21 12:18:46,712 - Heart_experiment - INFO - Starting training for 10 rounds for server type ditto
2024-12-21 12:18:48,207 - Heart_experiment - INFO - 
Starting server type: localadaptation
2024-12-21 12:18:48,213 - Heart_experiment - INFO - Starting training for 10 rounds for server type localadaptation
2024-12-21 12:18:49,026 - Heart_experiment - INFO - 
Starting server type: babu
2024-12-21 12:18:49,031 - Heart_experiment - INFO - Starting training for 10 rounds for server type babu
2024-12-21 12:18:49,816 - Heart_experiment - INFO - 
Starting server type: fedlp
2024-12-21 12:18:49,821 - Heart_experiment - INFO - Starting training for 10 rounds for server type fedlp
2024-12-21 12:18:50,505 - Heart_experiment - INFO - 
Starting server type: fedlama
2024-12-21 12:18:50,509 - Heart_experiment - INFO - Starting training for 10 rounds for server type fedlama
2024-12-21 12:18:51,191 - Heart_experiment - INFO - 
Starting server type: pfedla
2024-12-21 12:18:51,197 - Heart_experiment - INFO - Starting training for 10 rounds for server type pfedla
2024-12-21 12:18:51,921 - Heart_experiment - INFO - 
Starting server type: layerpfl
2024-12-21 12:18:51,926 - Heart_experiment - INFO - Starting training for 10 rounds for server type layerpfl
2024-12-21 12:18:52,621 - Heart_experiment - INFO - 
Starting server type: local
2024-12-21 12:18:52,625 - Heart_experiment - INFO - Starting training for 10 rounds for server type local
2024-12-21 12:18:53,297 - Heart_experiment - INFO - 
Starting server type: fedavg
2024-12-21 12:18:53,302 - Heart_experiment - INFO - Starting training for 10 rounds for server type fedavg
2024-12-21 12:18:53,981 - Heart_experiment - INFO - 
Starting server type: fedprox
2024-12-21 12:18:53,985 - Heart_experiment - INFO - Starting training for 10 rounds for server type fedprox
2024-12-21 12:18:54,892 - Heart_experiment - INFO - 
Starting server type: pfedme
2024-12-21 12:18:54,900 - Heart_experiment - INFO - Starting training for 10 rounds for server type pfedme
2024-12-21 12:18:56,038 - Heart_experiment - INFO - 
Starting server type: ditto
2024-12-21 12:18:56,046 - Heart_experiment - INFO - Starting training for 10 rounds for server type ditto
2024-12-21 12:18:57,547 - Heart_experiment - INFO - 
Starting server type: localadaptation
2024-12-21 12:18:57,552 - Heart_experiment - INFO - Starting training for 10 rounds for server type localadaptation
2024-12-21 12:18:58,374 - Heart_experiment - INFO - 
Starting server type: babu
2024-12-21 12:18:58,379 - Heart_experiment - INFO - Starting training for 10 rounds for server type babu
2024-12-21 12:18:59,157 - Heart_experiment - INFO - 
Starting server type: fedlp
2024-12-21 12:18:59,162 - Heart_experiment - INFO - Starting training for 10 rounds for server type fedlp
2024-12-21 12:18:59,841 - Heart_experiment - INFO - 
Starting server type: fedlama
2024-12-21 12:18:59,845 - Heart_experiment - INFO - Starting training for 10 rounds for server type fedlama
2024-12-21 12:19:00,526 - Heart_experiment - INFO - 
Starting server type: pfedla
2024-12-21 12:19:00,532 - Heart_experiment - INFO - Starting training for 10 rounds for server type pfedla
2024-12-21 12:19:01,260 - Heart_experiment - INFO - 
Starting server type: layerpfl
2024-12-21 12:19:01,265 - Heart_experiment - INFO - Starting training for 10 rounds for server type layerpfl
2024-12-21 12:19:01,955 - Heart_experiment - INFO - 
Starting server type: local
2024-12-21 12:19:01,959 - Heart_experiment - INFO - Starting training for 10 rounds for server type local
2024-12-21 12:19:02,643 - Heart_experiment - INFO - 
Starting server type: fedavg
2024-12-21 12:19:02,648 - Heart_experiment - INFO - Starting training for 10 rounds for server type fedavg
2024-12-21 12:19:03,334 - Heart_experiment - INFO - 
Starting server type: fedprox
2024-12-21 12:19:03,339 - Heart_experiment - INFO - Starting training for 10 rounds for server type fedprox
2024-12-21 12:19:04,252 - Heart_experiment - INFO - 
Starting server type: pfedme
2024-12-21 12:19:04,260 - Heart_experiment - INFO - Starting training for 10 rounds for server type pfedme
2024-12-21 12:19:05,265 - Heart_experiment - INFO - 
Starting server type: ditto
2024-12-21 12:19:05,274 - Heart_experiment - INFO - Starting training for 10 rounds for server type ditto
2024-12-21 12:19:06,775 - Heart_experiment - INFO - 
Starting server type: localadaptation
2024-12-21 12:19:06,780 - Heart_experiment - INFO - Starting training for 10 rounds for server type localadaptation
2024-12-21 12:19:07,595 - Heart_experiment - INFO - 
Starting server type: babu
2024-12-21 12:19:07,600 - Heart_experiment - INFO - Starting training for 10 rounds for server type babu
2024-12-21 12:19:08,386 - Heart_experiment - INFO - 
Starting server type: fedlp
2024-12-21 12:19:08,390 - Heart_experiment - INFO - Starting training for 10 rounds for server type fedlp
2024-12-21 12:19:09,075 - Heart_experiment - INFO - 
Starting server type: fedlama
2024-12-21 12:19:09,080 - Heart_experiment - INFO - Starting training for 10 rounds for server type fedlama
2024-12-21 12:19:09,768 - Heart_experiment - INFO - 
Starting server type: pfedla
2024-12-21 12:19:09,774 - Heart_experiment - INFO - Starting training for 10 rounds for server type pfedla
2024-12-21 12:19:10,505 - Heart_experiment - INFO - 
Starting server type: layerpfl
2024-12-21 12:19:10,509 - Heart_experiment - INFO - Starting training for 10 rounds for server type layerpfl
2024-12-21 12:19:11,203 - Heart_experiment - INFO - 
Starting server type: local
2024-12-21 12:19:11,208 - Heart_experiment - INFO - Starting training for 10 rounds for server type local
2024-12-21 12:19:11,880 - Heart_experiment - INFO - 
Starting server type: fedavg
2024-12-21 12:19:11,885 - Heart_experiment - INFO - Starting training for 10 rounds for server type fedavg
2024-12-21 12:19:12,566 - Heart_experiment - INFO - 
Starting server type: fedprox
2024-12-21 12:19:12,571 - Heart_experiment - INFO - Starting training for 10 rounds for server type fedprox
2024-12-21 12:19:13,482 - Heart_experiment - INFO - 
Starting server type: pfedme
2024-12-21 12:19:13,490 - Heart_experiment - INFO - Starting training for 10 rounds for server type pfedme
2024-12-21 12:19:14,498 - Heart_experiment - INFO - 
Starting server type: ditto
2024-12-21 12:19:14,506 - Heart_experiment - INFO - Starting training for 10 rounds for server type ditto
2024-12-21 12:19:16,007 - Heart_experiment - INFO - 
Starting server type: localadaptation
2024-12-21 12:19:16,012 - Heart_experiment - INFO - Starting training for 10 rounds for server type localadaptation
2024-12-21 12:19:16,829 - Heart_experiment - INFO - 
Starting server type: babu
2024-12-21 12:19:16,834 - Heart_experiment - INFO - Starting training for 10 rounds for server type babu
2024-12-21 12:19:17,615 - Heart_experiment - INFO - 
Starting server type: fedlp
2024-12-21 12:19:17,620 - Heart_experiment - INFO - Starting training for 10 rounds for server type fedlp
2024-12-21 12:19:18,431 - Heart_experiment - INFO - 
Starting server type: fedlama
2024-12-21 12:19:18,437 - Heart_experiment - INFO - Starting training for 10 rounds for server type fedlama
2024-12-21 12:19:19,253 - Heart_experiment - INFO - 
Starting server type: pfedla
2024-12-21 12:19:19,259 - Heart_experiment - INFO - Starting training for 10 rounds for server type pfedla
2024-12-21 12:19:20,073 - Heart_experiment - INFO - 
Starting server type: layerpfl
2024-12-21 12:19:20,078 - Heart_experiment - INFO - Starting training for 10 rounds for server type layerpfl
