2025-01-14 16:51:43,678 - Heart_learning_rate - INFO - Starting hyperparameter tuning experiment
2025-01-14 16:51:43,685 - Heart_learning_rate - INFO - Testing learning rates: [1, 0.5, 0.1, 0.05, 0.01]
2025-01-14 16:51:43,688 - Heart_learning_rate - INFO - Starting Run 1/5
2025-01-14 16:51:43,688 - Heart_learning_rate - INFO - Starting tuning for: 1
2025-01-14 16:51:43,754 - Heart_learning_rate - INFO - Starting server type: local
2025-01-14 16:51:47,608 - Heart_learning_rate - INFO - Starting server type: fedavg
2025-01-14 16:51:49,201 - Heart_learning_rate - INFO - Starting server type: fedprox
2025-01-14 16:51:51,243 - Heart_learning_rate - INFO - Starting server type: pfedme
2025-01-14 16:51:53,171 - Heart_learning_rate - INFO - Starting server type: ditto
2025-01-14 16:51:56,466 - Heart_learning_rate - INFO - Starting server type: localadaptation
2025-01-14 16:51:58,244 - Heart_learning_rate - INFO - Starting server type: babu
2025-01-14 16:52:00,089 - Heart_learning_rate - INFO - Starting server type: fedlp
2025-01-14 16:52:01,674 - Heart_learning_rate - INFO - Starting server type: fedlama
2025-01-14 16:52:03,266 - Heart_learning_rate - INFO - Starting server type: pfedla
2025-01-14 16:52:04,884 - Heart_learning_rate - INFO - Starting server type: layerpfl
2025-01-14 16:52:06,466 - Heart_learning_rate - INFO - Starting tuning for: 0.5
2025-01-14 16:52:06,480 - Heart_learning_rate - INFO - Starting server type: local
2025-01-14 16:52:08,046 - Heart_learning_rate - INFO - Starting server type: fedavg
2025-01-14 16:52:09,619 - Heart_learning_rate - INFO - Starting server type: fedprox
2025-01-14 16:52:11,434 - Heart_learning_rate - INFO - Starting server type: pfedme
2025-01-14 16:52:13,351 - Heart_learning_rate - INFO - Starting server type: ditto
2025-01-14 16:52:16,636 - Heart_learning_rate - INFO - Starting server type: localadaptation
2025-01-14 16:52:18,411 - Heart_learning_rate - INFO - Starting server type: babu
2025-01-14 16:52:20,274 - Heart_learning_rate - INFO - Starting server type: fedlp
2025-01-14 16:52:21,849 - Heart_learning_rate - INFO - Starting server type: fedlama
2025-01-14 16:52:23,427 - Heart_learning_rate - INFO - Starting server type: pfedla
2025-01-14 16:52:25,042 - Heart_learning_rate - INFO - Starting server type: layerpfl
2025-01-14 16:52:26,624 - Heart_learning_rate - INFO - Starting tuning for: 0.1
2025-01-14 16:52:26,633 - Heart_learning_rate - INFO - Starting server type: local
2025-01-14 16:52:28,201 - Heart_learning_rate - INFO - Starting server type: fedavg
2025-01-14 16:52:29,777 - Heart_learning_rate - INFO - Starting server type: fedprox
2025-01-14 16:52:31,597 - Heart_learning_rate - INFO - Starting server type: pfedme
2025-01-14 16:52:33,514 - Heart_learning_rate - INFO - Starting server type: ditto
2025-01-14 16:52:36,815 - Heart_learning_rate - INFO - Starting server type: localadaptation
2025-01-14 16:52:38,595 - Heart_learning_rate - INFO - Starting server type: babu
2025-01-14 16:52:40,455 - Heart_learning_rate - INFO - Starting server type: fedlp
2025-01-14 16:52:42,035 - Heart_learning_rate - INFO - Starting server type: fedlama
2025-01-14 16:52:43,620 - Heart_learning_rate - INFO - Starting server type: pfedla
2025-01-14 16:52:45,234 - Heart_learning_rate - INFO - Starting server type: layerpfl
2025-01-14 16:52:46,816 - Heart_learning_rate - INFO - Starting tuning for: 0.05
2025-01-14 16:52:46,824 - Heart_learning_rate - INFO - Starting server type: local
2025-01-14 16:52:48,393 - Heart_learning_rate - INFO - Starting server type: fedavg
2025-01-14 16:52:49,974 - Heart_learning_rate - INFO - Starting server type: fedprox
2025-01-14 16:52:51,790 - Heart_learning_rate - INFO - Starting server type: pfedme
2025-01-14 16:52:53,708 - Heart_learning_rate - INFO - Starting server type: ditto
2025-01-14 16:52:57,007 - Heart_learning_rate - INFO - Starting server type: localadaptation
2025-01-14 16:52:58,784 - Heart_learning_rate - INFO - Starting server type: babu
2025-01-14 16:53:00,641 - Heart_learning_rate - INFO - Starting server type: fedlp
2025-01-14 16:53:02,220 - Heart_learning_rate - INFO - Starting server type: fedlama
2025-01-14 16:53:03,908 - Heart_learning_rate - INFO - Starting server type: pfedla
2025-01-14 16:53:05,519 - Heart_learning_rate - INFO - Starting server type: layerpfl
2025-01-14 16:53:07,099 - Heart_learning_rate - INFO - Starting tuning for: 0.01
2025-01-14 16:53:07,107 - Heart_learning_rate - INFO - Starting server type: local
2025-01-14 16:53:08,675 - Heart_learning_rate - INFO - Starting server type: fedavg
2025-01-14 16:53:10,253 - Heart_learning_rate - INFO - Starting server type: fedprox
2025-01-14 16:53:12,071 - Heart_learning_rate - INFO - Starting server type: pfedme
2025-01-14 16:53:13,988 - Heart_learning_rate - INFO - Starting server type: ditto
2025-01-14 16:53:17,292 - Heart_learning_rate - INFO - Starting server type: localadaptation
2025-01-14 16:53:19,072 - Heart_learning_rate - INFO - Starting server type: babu
2025-01-14 16:53:20,925 - Heart_learning_rate - INFO - Starting server type: fedlp
2025-01-14 16:53:22,510 - Heart_learning_rate - INFO - Starting server type: fedlama
2025-01-14 16:53:24,093 - Heart_learning_rate - INFO - Starting server type: pfedla
2025-01-14 16:53:25,702 - Heart_learning_rate - INFO - Starting server type: layerpfl
2025-01-14 16:53:27,307 - Heart_learning_rate - INFO - Starting Run 2/5
2025-01-14 16:53:27,307 - Heart_learning_rate - INFO - Starting tuning for: 1
2025-01-14 16:53:27,315 - Heart_learning_rate - INFO - Starting server type: local
2025-01-14 16:53:28,889 - Heart_learning_rate - INFO - Starting server type: fedavg
2025-01-14 16:53:30,463 - Heart_learning_rate - INFO - Starting server type: fedprox
2025-01-14 16:53:32,281 - Heart_learning_rate - INFO - Starting server type: pfedme
2025-01-14 16:53:34,205 - Heart_learning_rate - INFO - Starting server type: ditto
2025-01-14 16:53:37,505 - Heart_learning_rate - INFO - Starting server type: localadaptation
2025-01-14 16:53:39,283 - Heart_learning_rate - INFO - Starting server type: babu
2025-01-14 16:53:41,142 - Heart_learning_rate - INFO - Starting server type: fedlp
2025-01-14 16:53:42,723 - Heart_learning_rate - INFO - Starting server type: fedlama
2025-01-14 16:53:44,309 - Heart_learning_rate - INFO - Starting server type: pfedla
2025-01-14 16:53:45,929 - Heart_learning_rate - INFO - Starting server type: layerpfl
2025-01-14 16:53:47,516 - Heart_learning_rate - INFO - Starting tuning for: 0.5
2025-01-14 16:53:47,525 - Heart_learning_rate - INFO - Starting server type: local
2025-01-14 16:53:49,097 - Heart_learning_rate - INFO - Starting server type: fedavg
2025-01-14 16:53:50,675 - Heart_learning_rate - INFO - Starting server type: fedprox
2025-01-14 16:53:52,499 - Heart_learning_rate - INFO - Starting server type: pfedme
2025-01-14 16:53:54,424 - Heart_learning_rate - INFO - Starting server type: ditto
2025-01-14 16:53:57,728 - Heart_learning_rate - INFO - Starting server type: localadaptation
2025-01-14 16:53:59,522 - Heart_learning_rate - INFO - Starting server type: babu
2025-01-14 16:54:01,411 - Heart_learning_rate - INFO - Starting server type: fedlp
2025-01-14 16:54:03,016 - Heart_learning_rate - INFO - Starting server type: fedlama
2025-01-14 16:54:04,610 - Heart_learning_rate - INFO - Starting server type: pfedla
2025-01-14 16:54:06,226 - Heart_learning_rate - INFO - Starting server type: layerpfl
2025-01-14 16:54:07,808 - Heart_learning_rate - INFO - Starting tuning for: 0.1
2025-01-14 16:54:07,817 - Heart_learning_rate - INFO - Starting server type: local
2025-01-14 16:54:09,385 - Heart_learning_rate - INFO - Starting server type: fedavg
2025-01-14 16:54:10,971 - Heart_learning_rate - INFO - Starting server type: fedprox
2025-01-14 16:54:12,811 - Heart_learning_rate - INFO - Starting server type: pfedme
2025-01-14 16:54:14,743 - Heart_learning_rate - INFO - Starting server type: ditto
2025-01-14 16:54:18,042 - Heart_learning_rate - INFO - Starting server type: localadaptation
2025-01-14 16:54:19,829 - Heart_learning_rate - INFO - Starting server type: babu
2025-01-14 16:54:21,688 - Heart_learning_rate - INFO - Starting server type: fedlp
2025-01-14 16:54:23,272 - Heart_learning_rate - INFO - Starting server type: fedlama
2025-01-14 16:54:24,855 - Heart_learning_rate - INFO - Starting server type: pfedla
2025-01-14 16:54:26,469 - Heart_learning_rate - INFO - Starting server type: layerpfl
2025-01-14 16:54:28,051 - Heart_learning_rate - INFO - Starting tuning for: 0.05
2025-01-14 16:54:28,060 - Heart_learning_rate - INFO - Starting server type: local
2025-01-14 16:54:29,623 - Heart_learning_rate - INFO - Starting server type: fedavg
2025-01-14 16:54:31,194 - Heart_learning_rate - INFO - Starting server type: fedprox
2025-01-14 16:54:33,012 - Heart_learning_rate - INFO - Starting server type: pfedme
2025-01-14 16:54:34,926 - Heart_learning_rate - INFO - Starting server type: ditto
2025-01-14 16:54:38,225 - Heart_learning_rate - INFO - Starting server type: localadaptation
2025-01-14 16:54:40,003 - Heart_learning_rate - INFO - Starting server type: babu
2025-01-14 16:54:41,861 - Heart_learning_rate - INFO - Starting server type: fedlp
2025-01-14 16:54:43,441 - Heart_learning_rate - INFO - Starting server type: fedlama
2025-01-14 16:54:45,023 - Heart_learning_rate - INFO - Starting server type: pfedla
2025-01-14 16:54:46,635 - Heart_learning_rate - INFO - Starting server type: layerpfl
2025-01-14 16:54:48,214 - Heart_learning_rate - INFO - Starting tuning for: 0.01
2025-01-14 16:54:48,222 - Heart_learning_rate - INFO - Starting server type: local
2025-01-14 16:54:49,792 - Heart_learning_rate - INFO - Starting server type: fedavg
2025-01-14 16:54:51,376 - Heart_learning_rate - INFO - Starting server type: fedprox
2025-01-14 16:54:53,198 - Heart_learning_rate - INFO - Starting server type: pfedme
2025-01-14 16:54:55,115 - Heart_learning_rate - INFO - Starting server type: ditto
2025-01-14 16:54:58,413 - Heart_learning_rate - INFO - Starting server type: localadaptation
2025-01-14 16:55:00,186 - Heart_learning_rate - INFO - Starting server type: babu
2025-01-14 16:55:02,043 - Heart_learning_rate - INFO - Starting server type: fedlp
2025-01-14 16:55:03,626 - Heart_learning_rate - INFO - Starting server type: fedlama
2025-01-14 16:55:05,203 - Heart_learning_rate - INFO - Starting server type: pfedla
2025-01-14 16:55:06,815 - Heart_learning_rate - INFO - Starting server type: layerpfl
2025-01-14 16:55:08,426 - Heart_learning_rate - INFO - Starting Run 3/5
2025-01-14 16:55:08,426 - Heart_learning_rate - INFO - Starting tuning for: 1
2025-01-14 16:55:08,435 - Heart_learning_rate - INFO - Starting server type: local
2025-01-14 16:55:10,010 - Heart_learning_rate - INFO - Starting server type: fedavg
2025-01-14 16:55:11,595 - Heart_learning_rate - INFO - Starting server type: fedprox
2025-01-14 16:55:13,419 - Heart_learning_rate - INFO - Starting server type: pfedme
2025-01-14 16:55:15,346 - Heart_learning_rate - INFO - Starting server type: ditto
2025-01-14 16:55:18,652 - Heart_learning_rate - INFO - Starting server type: localadaptation
2025-01-14 16:55:20,439 - Heart_learning_rate - INFO - Starting server type: babu
2025-01-14 16:55:22,303 - Heart_learning_rate - INFO - Starting server type: fedlp
2025-01-14 16:55:23,891 - Heart_learning_rate - INFO - Starting server type: fedlama
2025-01-14 16:55:25,479 - Heart_learning_rate - INFO - Starting server type: pfedla
2025-01-14 16:55:27,100 - Heart_learning_rate - INFO - Starting server type: layerpfl
2025-01-14 16:55:28,689 - Heart_learning_rate - INFO - Starting tuning for: 0.5
2025-01-14 16:55:28,697 - Heart_learning_rate - INFO - Starting server type: local
2025-01-14 16:55:30,276 - Heart_learning_rate - INFO - Starting server type: fedavg
2025-01-14 16:55:31,862 - Heart_learning_rate - INFO - Starting server type: fedprox
2025-01-14 16:55:33,684 - Heart_learning_rate - INFO - Starting server type: pfedme
2025-01-14 16:55:35,615 - Heart_learning_rate - INFO - Starting server type: ditto
2025-01-14 16:55:38,935 - Heart_learning_rate - INFO - Starting server type: localadaptation
2025-01-14 16:55:40,726 - Heart_learning_rate - INFO - Starting server type: babu
2025-01-14 16:55:42,592 - Heart_learning_rate - INFO - Starting server type: fedlp
2025-01-14 16:55:44,178 - Heart_learning_rate - INFO - Starting server type: fedlama
2025-01-14 16:55:45,770 - Heart_learning_rate - INFO - Starting server type: pfedla
2025-01-14 16:55:47,390 - Heart_learning_rate - INFO - Starting server type: layerpfl
2025-01-14 16:55:48,979 - Heart_learning_rate - INFO - Starting tuning for: 0.1
2025-01-14 16:55:48,987 - Heart_learning_rate - INFO - Starting server type: local
2025-01-14 16:55:50,565 - Heart_learning_rate - INFO - Starting server type: fedavg
2025-01-14 16:55:52,150 - Heart_learning_rate - INFO - Starting server type: fedprox
2025-01-14 16:55:53,980 - Heart_learning_rate - INFO - Starting server type: pfedme
2025-01-14 16:55:55,903 - Heart_learning_rate - INFO - Starting server type: ditto
2025-01-14 16:55:59,208 - Heart_learning_rate - INFO - Starting server type: localadaptation
2025-01-14 16:56:00,989 - Heart_learning_rate - INFO - Starting server type: babu
2025-01-14 16:56:02,847 - Heart_learning_rate - INFO - Starting server type: fedlp
2025-01-14 16:56:04,430 - Heart_learning_rate - INFO - Starting server type: fedlama
2025-01-14 16:56:06,016 - Heart_learning_rate - INFO - Starting server type: pfedla
2025-01-14 16:56:07,630 - Heart_learning_rate - INFO - Starting server type: layerpfl
2025-01-14 16:56:09,215 - Heart_learning_rate - INFO - Starting tuning for: 0.05
2025-01-14 16:56:09,224 - Heart_learning_rate - INFO - Starting server type: local
2025-01-14 16:56:10,800 - Heart_learning_rate - INFO - Starting server type: fedavg
2025-01-14 16:56:12,386 - Heart_learning_rate - INFO - Starting server type: fedprox
2025-01-14 16:56:14,307 - Heart_learning_rate - INFO - Starting server type: pfedme
2025-01-14 16:56:16,230 - Heart_learning_rate - INFO - Starting server type: ditto
2025-01-14 16:56:19,529 - Heart_learning_rate - INFO - Starting server type: localadaptation
2025-01-14 16:56:21,320 - Heart_learning_rate - INFO - Starting server type: babu
2025-01-14 16:56:23,181 - Heart_learning_rate - INFO - Starting server type: fedlp
2025-01-14 16:56:24,765 - Heart_learning_rate - INFO - Starting server type: fedlama
2025-01-14 16:56:26,351 - Heart_learning_rate - INFO - Starting server type: pfedla
2025-01-14 16:56:27,967 - Heart_learning_rate - INFO - Starting server type: layerpfl
2025-01-14 16:56:29,553 - Heart_learning_rate - INFO - Starting tuning for: 0.01
2025-01-14 16:56:29,561 - Heart_learning_rate - INFO - Starting server type: local
2025-01-14 16:56:31,137 - Heart_learning_rate - INFO - Starting server type: fedavg
2025-01-14 16:56:32,720 - Heart_learning_rate - INFO - Starting server type: fedprox
2025-01-14 16:56:34,548 - Heart_learning_rate - INFO - Starting server type: pfedme
2025-01-14 16:56:36,473 - Heart_learning_rate - INFO - Starting server type: ditto
2025-01-14 16:56:39,777 - Heart_learning_rate - INFO - Starting server type: localadaptation
2025-01-14 16:56:41,562 - Heart_learning_rate - INFO - Starting server type: babu
2025-01-14 16:56:43,432 - Heart_learning_rate - INFO - Starting server type: fedlp
2025-01-14 16:56:45,023 - Heart_learning_rate - INFO - Starting server type: fedlama
2025-01-14 16:56:46,607 - Heart_learning_rate - INFO - Starting server type: pfedla
2025-01-14 16:56:48,222 - Heart_learning_rate - INFO - Starting server type: layerpfl
2025-01-14 16:56:49,858 - Heart_learning_rate - INFO - Starting Run 4/5
2025-01-14 16:56:49,858 - Heart_learning_rate - INFO - Starting tuning for: 1
2025-01-14 16:56:49,866 - Heart_learning_rate - INFO - Starting server type: local
2025-01-14 16:56:51,447 - Heart_learning_rate - INFO - Starting server type: fedavg
2025-01-14 16:56:53,035 - Heart_learning_rate - INFO - Starting server type: fedprox
2025-01-14 16:56:54,865 - Heart_learning_rate - INFO - Starting server type: pfedme
2025-01-14 16:56:56,800 - Heart_learning_rate - INFO - Starting server type: ditto
2025-01-14 16:57:00,114 - Heart_learning_rate - INFO - Starting server type: localadaptation
2025-01-14 16:57:01,896 - Heart_learning_rate - INFO - Starting server type: babu
2025-01-14 16:57:03,761 - Heart_learning_rate - INFO - Starting server type: fedlp
2025-01-14 16:57:05,342 - Heart_learning_rate - INFO - Starting server type: fedlama
2025-01-14 16:57:06,930 - Heart_learning_rate - INFO - Starting server type: pfedla
2025-01-14 16:57:08,549 - Heart_learning_rate - INFO - Starting server type: layerpfl
2025-01-14 16:57:10,142 - Heart_learning_rate - INFO - Starting tuning for: 0.5
2025-01-14 16:57:10,150 - Heart_learning_rate - INFO - Starting server type: local
2025-01-14 16:57:11,728 - Heart_learning_rate - INFO - Starting server type: fedavg
2025-01-14 16:57:13,312 - Heart_learning_rate - INFO - Starting server type: fedprox
2025-01-14 16:57:15,137 - Heart_learning_rate - INFO - Starting server type: pfedme
2025-01-14 16:57:17,062 - Heart_learning_rate - INFO - Starting server type: ditto
2025-01-14 16:57:20,378 - Heart_learning_rate - INFO - Starting server type: localadaptation
2025-01-14 16:57:22,162 - Heart_learning_rate - INFO - Starting server type: babu
2025-01-14 16:57:24,027 - Heart_learning_rate - INFO - Starting server type: fedlp
2025-01-14 16:57:25,609 - Heart_learning_rate - INFO - Starting server type: fedlama
2025-01-14 16:57:27,193 - Heart_learning_rate - INFO - Starting server type: pfedla
2025-01-14 16:57:28,814 - Heart_learning_rate - INFO - Starting server type: layerpfl
2025-01-14 16:57:30,399 - Heart_learning_rate - INFO - Starting tuning for: 0.1
2025-01-14 16:57:30,408 - Heart_learning_rate - INFO - Starting server type: local
2025-01-14 16:57:31,979 - Heart_learning_rate - INFO - Starting server type: fedavg
2025-01-14 16:57:33,564 - Heart_learning_rate - INFO - Starting server type: fedprox
2025-01-14 16:57:35,388 - Heart_learning_rate - INFO - Starting server type: pfedme
2025-01-14 16:57:37,306 - Heart_learning_rate - INFO - Starting server type: ditto
2025-01-14 16:57:40,610 - Heart_learning_rate - INFO - Starting server type: localadaptation
2025-01-14 16:57:42,398 - Heart_learning_rate - INFO - Starting server type: babu
2025-01-14 16:57:44,259 - Heart_learning_rate - INFO - Starting server type: fedlp
2025-01-14 16:57:45,839 - Heart_learning_rate - INFO - Starting server type: fedlama
2025-01-14 16:57:47,430 - Heart_learning_rate - INFO - Starting server type: pfedla
2025-01-14 16:57:49,045 - Heart_learning_rate - INFO - Starting server type: layerpfl
2025-01-14 16:57:50,625 - Heart_learning_rate - INFO - Starting tuning for: 0.05
2025-01-14 16:57:50,634 - Heart_learning_rate - INFO - Starting server type: local
2025-01-14 16:57:52,206 - Heart_learning_rate - INFO - Starting server type: fedavg
2025-01-14 16:57:53,786 - Heart_learning_rate - INFO - Starting server type: fedprox
2025-01-14 16:57:55,610 - Heart_learning_rate - INFO - Starting server type: pfedme
2025-01-14 16:57:57,529 - Heart_learning_rate - INFO - Starting server type: ditto
2025-01-14 16:58:00,828 - Heart_learning_rate - INFO - Starting server type: localadaptation
2025-01-14 16:58:02,609 - Heart_learning_rate - INFO - Starting server type: babu
2025-01-14 16:58:04,469 - Heart_learning_rate - INFO - Starting server type: fedlp
2025-01-14 16:58:06,053 - Heart_learning_rate - INFO - Starting server type: fedlama
2025-01-14 16:58:07,637 - Heart_learning_rate - INFO - Starting server type: pfedla
2025-01-14 16:58:09,249 - Heart_learning_rate - INFO - Starting server type: layerpfl
2025-01-14 16:58:10,832 - Heart_learning_rate - INFO - Starting tuning for: 0.01
2025-01-14 16:58:10,840 - Heart_learning_rate - INFO - Starting server type: local
2025-01-14 16:58:12,412 - Heart_learning_rate - INFO - Starting server type: fedavg
2025-01-14 16:58:13,991 - Heart_learning_rate - INFO - Starting server type: fedprox
2025-01-14 16:58:15,812 - Heart_learning_rate - INFO - Starting server type: pfedme
2025-01-14 16:58:17,735 - Heart_learning_rate - INFO - Starting server type: ditto
2025-01-14 16:58:21,042 - Heart_learning_rate - INFO - Starting server type: localadaptation
2025-01-14 16:58:22,830 - Heart_learning_rate - INFO - Starting server type: babu
2025-01-14 16:58:24,694 - Heart_learning_rate - INFO - Starting server type: fedlp
2025-01-14 16:58:26,272 - Heart_learning_rate - INFO - Starting server type: fedlama
2025-01-14 16:58:27,855 - Heart_learning_rate - INFO - Starting server type: pfedla
2025-01-14 16:58:29,477 - Heart_learning_rate - INFO - Starting server type: layerpfl
2025-01-14 16:58:31,123 - Heart_learning_rate - INFO - Starting Run 5/5
2025-01-14 16:58:31,123 - Heart_learning_rate - INFO - Starting tuning for: 1
2025-01-14 16:58:31,132 - Heart_learning_rate - INFO - Starting server type: local
2025-01-14 16:58:32,710 - Heart_learning_rate - INFO - Starting server type: fedavg
2025-01-14 16:58:34,294 - Heart_learning_rate - INFO - Starting server type: fedprox
2025-01-14 16:58:36,116 - Heart_learning_rate - INFO - Starting server type: pfedme
2025-01-14 16:58:38,047 - Heart_learning_rate - INFO - Starting server type: ditto
2025-01-14 16:58:41,370 - Heart_learning_rate - INFO - Starting server type: localadaptation
2025-01-14 16:58:43,161 - Heart_learning_rate - INFO - Starting server type: babu
2025-01-14 16:58:45,030 - Heart_learning_rate - INFO - Starting server type: fedlp
2025-01-14 16:58:46,618 - Heart_learning_rate - INFO - Starting server type: fedlama
2025-01-14 16:58:48,211 - Heart_learning_rate - INFO - Starting server type: pfedla
2025-01-14 16:58:49,832 - Heart_learning_rate - INFO - Starting server type: layerpfl
2025-01-14 16:58:51,422 - Heart_learning_rate - INFO - Starting tuning for: 0.5
2025-01-14 16:58:51,431 - Heart_learning_rate - INFO - Starting server type: local
2025-01-14 16:58:53,011 - Heart_learning_rate - INFO - Starting server type: fedavg
2025-01-14 16:58:54,595 - Heart_learning_rate - INFO - Starting server type: fedprox
2025-01-14 16:58:56,418 - Heart_learning_rate - INFO - Starting server type: pfedme
2025-01-14 16:58:58,353 - Heart_learning_rate - INFO - Starting server type: ditto
2025-01-14 16:59:01,660 - Heart_learning_rate - INFO - Starting server type: localadaptation
2025-01-14 16:59:03,447 - Heart_learning_rate - INFO - Starting server type: babu
2025-01-14 16:59:05,317 - Heart_learning_rate - INFO - Starting server type: fedlp
2025-01-14 16:59:06,902 - Heart_learning_rate - INFO - Starting server type: fedlama
2025-01-14 16:59:08,490 - Heart_learning_rate - INFO - Starting server type: pfedla
2025-01-14 16:59:10,112 - Heart_learning_rate - INFO - Starting server type: layerpfl
2025-01-14 16:59:11,800 - Heart_learning_rate - INFO - Starting tuning for: 0.1
2025-01-14 16:59:11,809 - Heart_learning_rate - INFO - Starting server type: local
2025-01-14 16:59:13,386 - Heart_learning_rate - INFO - Starting server type: fedavg
2025-01-14 16:59:14,974 - Heart_learning_rate - INFO - Starting server type: fedprox
2025-01-14 16:59:16,806 - Heart_learning_rate - INFO - Starting server type: pfedme
2025-01-14 16:59:18,730 - Heart_learning_rate - INFO - Starting server type: ditto
2025-01-14 16:59:22,032 - Heart_learning_rate - INFO - Starting server type: localadaptation
2025-01-14 16:59:23,817 - Heart_learning_rate - INFO - Starting server type: babu
2025-01-14 16:59:25,689 - Heart_learning_rate - INFO - Starting server type: fedlp
2025-01-14 16:59:27,278 - Heart_learning_rate - INFO - Starting server type: fedlama
2025-01-14 16:59:28,866 - Heart_learning_rate - INFO - Starting server type: pfedla
2025-01-14 16:59:30,485 - Heart_learning_rate - INFO - Starting server type: layerpfl
2025-01-14 16:59:32,073 - Heart_learning_rate - INFO - Starting tuning for: 0.05
2025-01-14 16:59:32,082 - Heart_learning_rate - INFO - Starting server type: local
2025-01-14 16:59:33,659 - Heart_learning_rate - INFO - Starting server type: fedavg
2025-01-14 16:59:35,248 - Heart_learning_rate - INFO - Starting server type: fedprox
2025-01-14 16:59:37,077 - Heart_learning_rate - INFO - Starting server type: pfedme
2025-01-14 16:59:38,998 - Heart_learning_rate - INFO - Starting server type: ditto
2025-01-14 16:59:42,299 - Heart_learning_rate - INFO - Starting server type: localadaptation
2025-01-14 16:59:44,084 - Heart_learning_rate - INFO - Starting server type: babu
2025-01-14 16:59:45,950 - Heart_learning_rate - INFO - Starting server type: fedlp
2025-01-14 16:59:47,534 - Heart_learning_rate - INFO - Starting server type: fedlama
2025-01-14 16:59:49,120 - Heart_learning_rate - INFO - Starting server type: pfedla
2025-01-14 16:59:50,739 - Heart_learning_rate - INFO - Starting server type: layerpfl
2025-01-14 16:59:52,324 - Heart_learning_rate - INFO - Starting tuning for: 0.01
2025-01-14 16:59:52,332 - Heart_learning_rate - INFO - Starting server type: local
2025-01-14 16:59:53,905 - Heart_learning_rate - INFO - Starting server type: fedavg
2025-01-14 16:59:55,487 - Heart_learning_rate - INFO - Starting server type: fedprox
2025-01-14 16:59:57,308 - Heart_learning_rate - INFO - Starting server type: pfedme
2025-01-14 16:59:59,233 - Heart_learning_rate - INFO - Starting server type: ditto
2025-01-14 17:00:02,535 - Heart_learning_rate - INFO - Starting server type: localadaptation
2025-01-14 17:00:04,322 - Heart_learning_rate - INFO - Starting server type: babu
2025-01-14 17:00:06,184 - Heart_learning_rate - INFO - Starting server type: fedlp
2025-01-14 17:00:07,765 - Heart_learning_rate - INFO - Starting server type: fedlama
2025-01-14 17:00:09,348 - Heart_learning_rate - INFO - Starting server type: pfedla
2025-01-14 17:00:10,959 - Heart_learning_rate - INFO - Starting server type: layerpfl
