2025-01-15 13:20:46,169 - ISIC_learning_rate - INFO - Starting hyperparameter tuning experiment
2025-01-15 13:20:46,172 - ISIC_learning_rate - INFO - Testing learning rates: [0.001, 0.005, 0.0001]
2025-01-15 13:20:46,174 - ISIC_learning_rate - INFO - Starting Run 1/1
2025-01-15 13:20:46,174 - ISIC_learning_rate - INFO - Starting tuning for: 0.001
2025-01-15 13:20:46,351 - ISIC_learning_rate - INFO - Starting server type: local
2025-01-15 14:02:35,930 - ISIC_learning_rate - INFO - Starting server type: fedavg
2025-01-15 14:42:01,610 - ISIC_learning_rate - INFO - Starting server type: fedprox
2025-01-15 15:21:54,167 - ISIC_learning_rate - INFO - Starting server type: pfedme
2025-01-15 16:01:02,319 - ISIC_learning_rate - INFO - Starting server type: ditto
2025-01-15 17:28:02,538 - ISIC_learning_rate - INFO - Starting server type: localadaptation
2025-01-15 18:14:18,012 - ISIC_learning_rate - INFO - Starting server type: babu
2025-01-15 19:00:22,194 - ISIC_learning_rate - INFO - Starting server type: fedlp
2025-01-15 19:39:27,621 - ISIC_learning_rate - INFO - Starting server type: fedlama
2025-01-15 20:18:47,631 - ISIC_learning_rate - INFO - Starting server type: pfedla
2025-01-15 20:56:49,872 - ISIC_learning_rate - INFO - Starting server type: layerpfl
2025-01-15 21:35:01,599 - ISIC_learning_rate - INFO - Starting tuning for: 0.005
2025-01-15 21:35:01,746 - ISIC_learning_rate - INFO - Starting server type: local
2025-01-15 22:13:57,917 - ISIC_learning_rate - INFO - Starting server type: fedavg
2025-01-15 22:52:09,805 - ISIC_learning_rate - INFO - Starting server type: fedprox
2025-01-15 23:30:08,737 - ISIC_learning_rate - INFO - Starting server type: pfedme
2025-01-16 00:08:16,626 - ISIC_learning_rate - INFO - Starting server type: ditto
2025-01-16 01:24:14,737 - ISIC_learning_rate - INFO - Starting server type: localadaptation
2025-01-16 02:07:21,190 - ISIC_learning_rate - INFO - Starting server type: babu
2025-01-16 02:52:01,738 - ISIC_learning_rate - INFO - Starting server type: fedlp
2025-01-16 03:30:04,067 - ISIC_learning_rate - INFO - Starting server type: fedlama
2025-01-16 04:08:21,597 - ISIC_learning_rate - INFO - Starting server type: pfedla
2025-01-16 04:47:18,882 - ISIC_learning_rate - INFO - Starting server type: layerpfl
2025-01-16 05:25:15,920 - ISIC_learning_rate - INFO - Starting tuning for: 0.0001
2025-01-16 05:25:16,050 - ISIC_learning_rate - INFO - Starting server type: local
2025-01-16 06:03:11,338 - ISIC_learning_rate - INFO - Starting server type: fedavg
2025-01-16 06:41:06,712 - ISIC_learning_rate - INFO - Starting server type: fedprox
2025-01-16 07:19:06,521 - ISIC_learning_rate - INFO - Starting server type: pfedme
2025-01-16 07:57:47,089 - ISIC_learning_rate - INFO - Starting server type: ditto
2025-01-16 09:14:29,830 - ISIC_learning_rate - INFO - Starting server type: localadaptation
2025-01-16 09:58:43,018 - ISIC_learning_rate - INFO - Starting server type: babu
2025-01-16 10:44:35,432 - ISIC_learning_rate - INFO - Starting server type: fedlp
2025-01-16 11:23:24,974 - ISIC_learning_rate - INFO - Starting server type: fedlama
2025-01-16 12:02:06,213 - ISIC_learning_rate - INFO - Starting server type: pfedla
2025-01-16 12:41:07,321 - ISIC_learning_rate - INFO - Starting server type: layerpfl
