2024-12-21 13:20:27,230 - ISIC_experiment - INFO - Starting hyperparameter tuning experiment
2024-12-21 13:20:27,230 - ISIC_experiment - INFO - Testing learning rates: [0.001, 0.005, 0.0001]
2024-12-21 13:20:27,232 - ISIC_experiment - INFO - 
Starting Run 1/1
2024-12-21 13:20:27,354 - ISIC_experiment - INFO - 
Starting server type: local
2024-12-21 13:20:27,556 - ISIC_experiment - INFO - Starting training for 10 rounds for server type local
2024-12-21 13:59:21,151 - ISIC_experiment - INFO - 
Starting server type: fedavg
2024-12-21 13:59:21,189 - ISIC_experiment - INFO - Starting training for 10 rounds for server type fedavg
2024-12-21 14:38:48,413 - ISIC_experiment - INFO - 
Starting server type: fedprox
2024-12-21 14:38:48,458 - ISIC_experiment - INFO - Starting training for 10 rounds for server type fedprox
2024-12-21 15:19:32,476 - ISIC_experiment - INFO - 
Starting server type: pfedme
2024-12-21 15:19:32,540 - ISIC_experiment - INFO - Starting training for 10 rounds for server type pfedme
2024-12-21 15:59:27,984 - ISIC_experiment - INFO - 
Starting server type: ditto
2024-12-21 15:59:28,045 - ISIC_experiment - INFO - Starting training for 10 rounds for server type ditto
2024-12-21 17:18:00,980 - ISIC_experiment - INFO - 
Starting server type: localadaptation
2024-12-21 17:18:01,024 - ISIC_experiment - INFO - Starting training for 10 rounds for server type localadaptation
2024-12-21 18:04:59,768 - ISIC_experiment - INFO - 
Starting server type: babu
2024-12-21 18:04:59,937 - ISIC_experiment - INFO - Starting training for 10 rounds for server type babu
2024-12-21 18:50:56,449 - ISIC_experiment - INFO - 
Starting server type: fedlp
2024-12-21 18:50:56,485 - ISIC_experiment - INFO - Starting training for 10 rounds for server type fedlp
2024-12-21 19:30:06,501 - ISIC_experiment - INFO - 
Starting server type: fedlama
2024-12-21 19:30:06,536 - ISIC_experiment - INFO - Starting training for 10 rounds for server type fedlama
2024-12-21 20:08:45,812 - ISIC_experiment - INFO - 
Starting server type: pfedla
2024-12-21 20:08:45,851 - ISIC_experiment - INFO - Starting training for 10 rounds for server type pfedla
2024-12-21 20:47:11,675 - ISIC_experiment - INFO - 
Starting server type: layerpfl
2024-12-21 20:47:11,711 - ISIC_experiment - INFO - Starting training for 10 rounds for server type layerpfl
2024-12-21 21:25:35,974 - ISIC_experiment - INFO - 
Starting server type: local
2024-12-21 21:25:36,008 - ISIC_experiment - INFO - Starting training for 10 rounds for server type local
2024-12-21 22:04:42,402 - ISIC_experiment - INFO - 
Starting server type: fedavg
2024-12-21 22:04:42,439 - ISIC_experiment - INFO - Starting training for 10 rounds for server type fedavg
2024-12-21 22:43:26,364 - ISIC_experiment - INFO - 
Starting server type: fedprox
2024-12-21 22:43:26,399 - ISIC_experiment - INFO - Starting training for 10 rounds for server type fedprox
2024-12-21 23:22:05,338 - ISIC_experiment - INFO - 
Starting server type: pfedme
2024-12-21 23:22:05,390 - ISIC_experiment - INFO - Starting training for 10 rounds for server type pfedme
2024-12-22 00:01:33,145 - ISIC_experiment - INFO - 
Starting server type: ditto
2024-12-22 00:01:33,198 - ISIC_experiment - INFO - Starting training for 10 rounds for server type ditto
2024-12-22 01:22:08,772 - ISIC_experiment - INFO - 
Starting server type: localadaptation
2024-12-22 01:22:08,822 - ISIC_experiment - INFO - Starting training for 10 rounds for server type localadaptation
2024-12-22 02:12:12,464 - ISIC_experiment - INFO - 
Starting server type: babu
2024-12-22 02:12:12,500 - ISIC_experiment - INFO - Starting training for 10 rounds for server type babu
2024-12-22 03:00:13,739 - ISIC_experiment - INFO - 
Starting server type: fedlp
2024-12-22 03:00:13,775 - ISIC_experiment - INFO - Starting training for 10 rounds for server type fedlp
2024-12-22 03:39:09,589 - ISIC_experiment - INFO - 
Starting server type: fedlama
2024-12-22 03:39:09,628 - ISIC_experiment - INFO - Starting training for 10 rounds for server type fedlama
2024-12-22 04:17:47,270 - ISIC_experiment - INFO - 
Starting server type: pfedla
2024-12-22 04:17:47,311 - ISIC_experiment - INFO - Starting training for 10 rounds for server type pfedla
2024-12-22 04:56:28,087 - ISIC_experiment - INFO - 
Starting server type: layerpfl
2024-12-22 04:56:28,130 - ISIC_experiment - INFO - Starting training for 10 rounds for server type layerpfl
2024-12-22 05:38:37,366 - ISIC_experiment - INFO - 
Starting server type: local
2024-12-22 05:38:37,399 - ISIC_experiment - INFO - Starting training for 10 rounds for server type local
2024-12-22 06:17:49,619 - ISIC_experiment - INFO - 
Starting server type: fedavg
2024-12-22 06:17:49,657 - ISIC_experiment - INFO - Starting training for 10 rounds for server type fedavg
2024-12-22 06:57:07,663 - ISIC_experiment - INFO - 
Starting server type: fedprox
2024-12-22 06:57:07,698 - ISIC_experiment - INFO - Starting training for 10 rounds for server type fedprox
2024-12-22 07:36:23,453 - ISIC_experiment - INFO - 
Starting server type: pfedme
2024-12-22 07:36:23,501 - ISIC_experiment - INFO - Starting training for 10 rounds for server type pfedme
2024-12-22 08:15:17,632 - ISIC_experiment - INFO - 
Starting server type: ditto
2024-12-22 08:15:17,685 - ISIC_experiment - INFO - Starting training for 10 rounds for server type ditto
2024-12-22 09:32:52,081 - ISIC_experiment - INFO - 
Starting server type: localadaptation
2024-12-22 09:32:52,119 - ISIC_experiment - INFO - Starting training for 10 rounds for server type localadaptation
2024-12-22 10:19:25,866 - ISIC_experiment - INFO - 
Starting server type: babu
2024-12-22 10:19:26,017 - ISIC_experiment - INFO - Starting training for 10 rounds for server type babu
2024-12-22 11:05:42,452 - ISIC_experiment - INFO - 
Starting server type: fedlp
2024-12-22 11:05:42,488 - ISIC_experiment - INFO - Starting training for 10 rounds for server type fedlp
2024-12-22 11:44:36,099 - ISIC_experiment - INFO - 
Starting server type: fedlama
2024-12-22 11:44:36,135 - ISIC_experiment - INFO - Starting training for 10 rounds for server type fedlama
2024-12-22 12:23:57,592 - ISIC_experiment - INFO - 
Starting server type: pfedla
2024-12-22 12:23:57,632 - ISIC_experiment - INFO - Starting training for 10 rounds for server type pfedla
2024-12-22 13:03:00,620 - ISIC_experiment - INFO - 
Starting server type: layerpfl
2024-12-22 13:03:00,663 - ISIC_experiment - INFO - Starting training for 10 rounds for server type layerpfl
