2025-01-15 16:16:38,120 - Sentiment_learning_rate - INFO - Starting hyperparameter tuning experiment
2025-01-15 16:16:38,122 - Sentiment_learning_rate - INFO - Testing learning rates: [0.001, 0.0005, 0.0001, 8e-05]
2025-01-15 16:16:38,164 - Sentiment_learning_rate - INFO - Starting Run 3/3
2025-01-15 16:16:38,164 - Sentiment_learning_rate - INFO - Starting tuning for: 0.001
2025-01-15 16:16:38,439 - Sentiment_learning_rate - INFO - Starting server type: local
2025-01-15 16:18:47,142 - Sentiment_learning_rate - INFO - Starting server type: fedavg
2025-01-15 16:20:53,891 - Sentiment_learning_rate - INFO - Starting server type: fedprox
2025-01-15 16:22:58,135 - Sentiment_learning_rate - INFO - Starting server type: pfedme
2025-01-15 16:25:16,363 - Sentiment_learning_rate - INFO - Starting server type: ditto
2025-01-15 16:29:41,953 - Sentiment_learning_rate - INFO - Starting server type: localadaptation
2025-01-15 16:32:06,454 - Sentiment_learning_rate - INFO - Starting server type: babu
2025-01-15 16:34:56,138 - Sentiment_learning_rate - INFO - Starting server type: fedlp
2025-01-15 16:37:31,767 - Sentiment_learning_rate - INFO - Starting server type: fedlama
2025-01-15 16:40:07,736 - Sentiment_learning_rate - INFO - Starting server type: pfedla
2025-01-15 16:43:34,433 - Sentiment_learning_rate - INFO - Starting server type: layerpfl
2025-01-15 16:46:10,321 - Sentiment_learning_rate - INFO - Starting tuning for: 0.0005
2025-01-15 16:46:10,346 - Sentiment_learning_rate - INFO - Starting server type: local
2025-01-15 16:48:45,342 - Sentiment_learning_rate - INFO - Starting server type: fedavg
2025-01-15 16:51:21,479 - Sentiment_learning_rate - INFO - Starting server type: fedprox
2025-01-15 16:53:55,818 - Sentiment_learning_rate - INFO - Starting server type: pfedme
2025-01-15 16:56:45,100 - Sentiment_learning_rate - INFO - Starting server type: ditto
